<?xml version="1.0" encoding="UTF-8"?>
<coverage generated="1777937560421" clover="3.2.0">
  <project timestamp="1777937560421" name="All files">
    <metrics statements="330" coveredstatements="321" conditionals="265" coveredconditionals="245" methods="48" coveredmethods="48" elements="643" coveredelements="614" complexity="0" loc="330" ncloc="330" packages="1" files="7" classes="7"/>
    <file name="constants.js" path="/Users/maleick/Projects/AutoResearch/dist/constants.js">
      <metrics statements="8" coveredstatements="8" conditionals="0" coveredconditionals="0" methods="0" coveredmethods="0"/>
      <line num="1" count="4" type="stmt"/>
      <line num="2" count="4" type="stmt"/>
      <line num="3" count="4" type="stmt"/>
      <line num="4" count="4" type="stmt"/>
      <line num="5" count="4" type="stmt"/>
      <line num="6" count="4" type="stmt"/>
      <line num="7" count="4" type="stmt"/>
      <line num="8" count="4" type="stmt"/>
    </file>
    <file name="helpers.js" path="/Users/maleick/Projects/AutoResearch/dist/helpers.js">
      <metrics statements="141" coveredstatements="132" conditionals="122" coveredconditionals="113" methods="27" coveredmethods="27"/>
      <line num="5" count="34" type="stmt"/>
      <line num="6" count="34" type="stmt"/>
      <line num="10" count="3" type="stmt"/>
      <line num="13" count="56" type="stmt"/>
      <line num="16" count="150" type="cond" truecount="2" falsecount="0"/>
      <line num="19" count="65" type="stmt"/>
      <line num="22" count="47" type="stmt"/>
      <line num="23" count="47" type="stmt"/>
      <line num="24" count="47" type="stmt"/>
      <line num="25" count="47" type="stmt"/>
      <line num="26" count="47" type="stmt"/>
      <line num="29" count="0" type="stmt"/>
      <line num="30" count="0" type="stmt"/>
      <line num="33" count="0" type="stmt"/>
      <line num="37" count="47" type="stmt"/>
      <line num="40" count="55" type="cond" truecount="2" falsecount="0"/>
      <line num="41" count="1" type="stmt"/>
      <line num="43" count="54" type="stmt"/>
      <line num="44" count="54" type="stmt"/>
      <line num="47" count="3" type="stmt"/>
      <line num="51" count="1128" type="cond" truecount="2" falsecount="0"/>
      <line num="52" count="1045" type="cond" truecount="4" falsecount="0"/>
      <line num="54" count="83" type="cond" truecount="2" falsecount="0"/>
      <line num="57" count="181" type="cond" truecount="2" falsecount="0"/>
      <line num="58" count="150" type="stmt"/>
      <line num="59" count="31" type="stmt"/>
      <line num="60" count="31" type="cond" truecount="4" falsecount="0"/>
      <line num="61" count="1" type="stmt"/>
      <line num="63" count="30" type="stmt"/>
      <line num="66" count="156" type="cond" truecount="2" falsecount="0"/>
      <line num="67" count="147" type="stmt"/>
      <line num="68" count="9" type="stmt"/>
      <line num="69" count="9" type="cond" truecount="4" falsecount="0"/>
      <line num="70" count="1" type="stmt"/>
      <line num="72" count="8" type="stmt"/>
      <line num="75" count="10" type="cond" truecount="2" falsecount="0"/>
      <line num="76" count="2" type="stmt"/>
      <line num="77" count="8" type="stmt"/>
      <line num="78" count="8" type="cond" truecount="2" falsecount="0"/>
      <line num="79" count="2" type="stmt"/>
      <line num="81" count="6" type="stmt"/>
      <line num="84" count="7" type="cond" truecount="2" falsecount="0"/>
      <line num="85" count="3" type="stmt"/>
      <line num="86" count="4" type="stmt"/>
      <line num="87" count="4" type="cond" truecount="4" falsecount="0"/>
      <line num="88" count="3" type="stmt"/>
      <line num="90" count="1" type="stmt"/>
      <line num="93" count="195" type="cond" truecount="2" falsecount="0"/>
      <line num="94" count="171" type="stmt"/>
      <line num="95" count="24" type="stmt"/>
      <line num="96" count="24" type="cond" truecount="2" falsecount="0"/>
      <line num="97" count="1" type="stmt"/>
      <line num="98" count="23" type="cond" truecount="2" falsecount="0"/>
      <line num="99" count="3" type="stmt"/>
      <line num="100" count="3" type="cond" truecount="2" falsecount="0"/>
      <line num="101" count="1" type="stmt"/>
      <line num="102" count="2" type="stmt"/>
      <line num="104" count="20" type="stmt"/>
      <line num="105" count="20" type="stmt"/>
      <line num="106" count="20" type="stmt"/>
      <line num="107" count="20" type="stmt"/>
      <line num="108" count="23" type="cond" truecount="2" falsecount="0"/>
      <line num="109" count="3" type="stmt"/>
      <line num="111" count="20" type="stmt"/>
      <line num="112" count="20" type="stmt"/>
      <line num="113" count="20" type="stmt"/>
      <line num="114" count="20" type="stmt"/>
      <line num="115" count="20" type="stmt"/>
      <line num="117" count="17" type="cond" truecount="4" falsecount="0"/>
      <line num="118" count="4" type="stmt"/>
      <line num="120" count="13" type="stmt"/>
      <line num="123" count="54" type="cond" truecount="2" falsecount="0"/>
      <line num="124" count="54" type="stmt"/>
      <line num="125" count="54" type="cond" truecount="2" falsecount="0"/>
      <line num="126" count="43" type="stmt"/>
      <line num="127" count="43" type="cond" truecount="2" falsecount="0"/>
      <line num="128" count="42" type="stmt"/>
      <line num="130" count="12" type="stmt"/>
      <line num="131" count="12" type="cond" truecount="2" falsecount="0"/>
      <line num="132" count="1" type="stmt"/>
      <line num="133" count="11" type="cond" truecount="2" falsecount="0"/>
      <line num="134" count="1" type="stmt"/>
      <line num="135" count="10" type="cond" truecount="2" falsecount="0"/>
      <line num="136" count="1" type="stmt"/>
      <line num="137" count="9" type="cond" truecount="4" falsecount="0"/>
      <line num="138" count="2" type="stmt"/>
      <line num="139" count="7" type="stmt"/>
      <line num="142" count="1432" type="cond" truecount="2" falsecount="0"/>
      <line num="143" count="2" type="stmt"/>
      <line num="144" count="1430" type="cond" truecount="2" falsecount="0"/>
      <line num="145" count="16" type="stmt"/>
      <line num="147" count="1423" type="cond" truecount="2" falsecount="0"/>
      <line num="148" count="2" type="stmt"/>
      <line num="149" count="2" type="cond" truecount="1" falsecount="1"/>
      <line num="151" count="1425" type="stmt"/>
      <line num="152" count="6030" type="cond" truecount="2" falsecount="0"/>
      <line num="153" count="2" type="stmt"/>
      <line num="154" count="6028" type="cond" truecount="2" falsecount="0"/>
      <line num="155" count="6024" type="stmt"/>
      <line num="156" count="6024" type="cond" truecount="1" falsecount="1"/>
      <line num="158" count="4" type="cond" truecount="1" falsecount="1"/>
      <line num="159" count="4" type="stmt"/>
      <line num="160" count="0" type="stmt"/>
      <line num="161" count="0" type="cond" truecount="0" falsecount="2"/>
      <line num="163" count="1421" type="stmt"/>
      <line num="166" count="56" type="stmt"/>
      <line num="167" count="56" type="stmt"/>
      <line num="170" count="11" type="stmt"/>
      <line num="171" count="11" type="cond" truecount="2" falsecount="0"/>
      <line num="172" count="2" type="stmt"/>
      <line num="173" count="9" type="stmt"/>
      <line num="174" count="9" type="stmt"/>
      <line num="175" count="1009" type="stmt"/>
      <line num="176" count="1009" type="stmt"/>
      <line num="177" count="10019" type="cond" truecount="2" falsecount="0"/>
      <line num="178" count="1009" type="stmt"/>
      <line num="182" count="10" type="stmt"/>
      <line num="183" count="1015" type="cond" truecount="2" falsecount="0"/>
      <line num="186" count="56" type="cond" truecount="4" falsecount="0"/>
      <line num="187" count="2" type="stmt"/>
      <line num="189" count="54" type="stmt"/>
      <line num="190" count="54" type="stmt"/>
      <line num="191" count="54" type="stmt"/>
      <line num="192" count="743" type="cond" truecount="2" falsecount="0"/>
      <line num="193" count="1" type="stmt"/>
      <line num="196" count="53" type="cond" truecount="4" falsecount="0"/>
      <line num="197" count="1" type="stmt"/>
      <line num="199" count="52" type="stmt"/>
      <line num="200" count="52" type="cond" truecount="3" falsecount="1"/>
      <line num="201" count="0" type="stmt"/>
      <line num="203" count="52" type="cond" truecount="4" falsecount="0"/>
      <line num="204" count="1" type="stmt"/>
      <line num="206" count="51" type="stmt"/>
      <line num="207" count="51" type="cond" truecount="5" falsecount="1"/>
      <line num="208" count="0" type="stmt"/>
      <line num="210" count="51" type="cond" truecount="3" falsecount="1"/>
      <line num="211" count="0" type="stmt"/>
      <line num="213" count="51" type="stmt"/>
      <line num="214" count="51" type="cond" truecount="5" falsecount="1"/>
      <line num="215" count="0" type="stmt"/>
      <line num="217" count="51" type="stmt"/>
    </file>
    <file name="index.js" path="/Users/maleick/Projects/AutoResearch/dist/index.js">
      <metrics statements="17" coveredstatements="17" conditionals="8" coveredconditionals="7" methods="4" coveredmethods="4"/>
      <line num="5" count="1" type="stmt"/>
      <line num="6" count="1" type="stmt"/>
      <line num="7" count="1" type="stmt"/>
      <line num="8" count="1" type="stmt"/>
      <line num="10" count="9" type="stmt"/>
      <line num="11" count="9" type="stmt"/>
      <line num="13" count="1" type="stmt"/>
      <line num="25" count="4" type="stmt"/>
      <line num="27" count="1" type="cond" truecount="2" falsecount="0"/>
      <line num="28" count="1" type="cond" truecount="2" falsecount="0"/>
      <line num="29" count="1" type="cond" truecount="2" falsecount="0"/>
      <line num="30" count="1" type="cond" truecount="1" falsecount="1"/>
      <line num="31" count="1" type="stmt"/>
      <line num="33" count="1" type="stmt"/>
      <line num="34" count="9" type="stmt"/>
      <line num="35" count="9" type="stmt"/>
      <line num="41" count="3" type="stmt"/>
    </file>
    <file name="run-manager.js" path="/Users/maleick/Projects/AutoResearch/dist/run-manager.js">
      <metrics statements="106" coveredstatements="106" conditionals="76" coveredconditionals="68" methods="8" coveredmethods="8"/>
      <line num="6" count="17" type="stmt"/>
      <line num="7" count="17" type="stmt"/>
      <line num="8" count="17" type="cond" truecount="4" falsecount="0"/>
      <line num="9" count="1" type="stmt"/>
      <line num="11" count="16" type="stmt"/>
      <line num="12" count="16" type="stmt"/>
      <line num="13" count="16" type="cond" truecount="2" falsecount="0"/>
      <line num="14" count="15" type="stmt"/>
      <line num="16" count="16" type="stmt"/>
      <line num="17" count="16" type="stmt"/>
      <line num="18" count="16" type="stmt"/>
      <line num="21" count="24" type="stmt"/>
      <line num="22" count="24" type="stmt"/>
      <line num="23" count="24" type="stmt"/>
      <line num="24" count="24" type="cond" truecount="2" falsecount="0"/>
      <line num="25" count="24" type="stmt"/>
      <line num="26" count="24" type="cond" truecount="1" falsecount="1"/>
      <line num="27" count="24" type="cond" truecount="1" falsecount="1"/>
      <line num="28" count="24" type="cond" truecount="1" falsecount="1"/>
      <line num="29" count="24" type="cond" truecount="1" falsecount="1"/>
      <line num="30" count="24" type="stmt"/>
      <line num="31" count="24" type="stmt"/>
      <line num="32" count="24" type="cond" truecount="4" falsecount="0"/>
      <line num="33" count="1" type="stmt"/>
      <line num="35" count="23" type="stmt"/>
      <line num="47" count="23" type="stmt"/>
      <line num="48" count="23" type="stmt"/>
      <line num="61" count="23" type="cond" truecount="2" falsecount="0"/>
      <line num="62" count="15" type="stmt"/>
      <line num="63" count="15" type="stmt"/>
      <line num="65" count="8" type="cond" truecount="2" falsecount="0"/>
      <line num="66" count="7" type="stmt"/>
      <line num="67" count="7" type="stmt"/>
      <line num="69" count="1" type="cond" truecount="1" falsecount="1"/>
      <line num="70" count="1" type="stmt"/>
      <line num="71" count="1" type="stmt"/>
      <line num="72" count="1" type="stmt"/>
      <line num="74" count="23" type="stmt"/>
      <line num="86" count="23" type="stmt"/>
      <line num="87" count="23" type="stmt"/>
      <line num="90" count="23" type="stmt"/>
      <line num="91" count="23" type="stmt"/>
      <line num="92" count="23" type="cond" truecount="2" falsecount="0"/>
      <line num="95" count="23" type="stmt"/>
      <line num="100" count="23" type="stmt"/>
      <line num="101" count="23" type="stmt"/>
      <line num="151" count="3" type="stmt"/>
      <line num="152" count="3" type="stmt"/>
      <line num="153" count="3" type="cond" truecount="2" falsecount="0"/>
      <line num="154" count="1" type="stmt"/>
      <line num="156" count="2" type="stmt"/>
      <line num="157" count="2" type="stmt"/>
      <line num="158" count="2" type="stmt"/>
      <line num="159" count="2" type="stmt"/>
      <line num="160" count="2" type="stmt"/>
      <line num="161" count="2" type="stmt"/>
      <line num="164" count="3" type="stmt"/>
      <line num="165" count="3" type="stmt"/>
      <line num="166" count="3" type="cond" truecount="2" falsecount="0"/>
      <line num="167" count="1" type="stmt"/>
      <line num="169" count="2" type="cond" truecount="2" falsecount="0"/>
      <line num="170" count="1" type="stmt"/>
      <line num="172" count="1" type="stmt"/>
      <line num="173" count="1" type="stmt"/>
      <line num="174" count="1" type="stmt"/>
      <line num="175" count="1" type="stmt"/>
      <line num="176" count="1" type="stmt"/>
      <line num="177" count="1" type="stmt"/>
      <line num="178" count="1" type="stmt"/>
      <line num="181" count="3" type="stmt"/>
      <line num="182" count="3" type="stmt"/>
      <line num="183" count="3" type="cond" truecount="2" falsecount="0"/>
      <line num="184" count="1" type="stmt"/>
      <line num="185" count="2" type="stmt"/>
      <line num="186" count="2" type="stmt"/>
      <line num="187" count="2" type="stmt"/>
      <line num="188" count="2" type="stmt"/>
      <line num="189" count="2" type="stmt"/>
      <line num="190" count="2" type="stmt"/>
      <line num="191" count="2" type="stmt"/>
      <line num="192" count="2" type="stmt"/>
      <line num="195" count="17" type="stmt"/>
      <line num="196" count="17" type="stmt"/>
      <line num="197" count="17" type="stmt"/>
      <line num="198" count="17" type="stmt"/>
      <line num="199" count="17" type="cond" truecount="2" falsecount="0"/>
      <line num="200" count="11" type="stmt"/>
      <line num="201" count="30" type="cond" truecount="2" falsecount="0"/>
      <line num="203" count="17" type="stmt"/>
      <line num="204" count="17" type="stmt"/>
      <line num="205" count="17" type="cond" truecount="2" falsecount="0"/>
      <line num="206" count="2" type="stmt"/>
      <line num="207" count="2" type="stmt"/>
      <line num="209" count="15" type="cond" truecount="2" falsecount="0"/>
      <line num="210" count="1" type="stmt"/>
      <line num="211" count="1" type="stmt"/>
      <line num="213" count="14" type="cond" truecount="4" falsecount="0"/>
      <line num="214" count="1" type="stmt"/>
      <line num="215" count="1" type="stmt"/>
      <line num="217" count="13" type="cond" truecount="4" falsecount="0"/>
      <line num="218" count="1" type="stmt"/>
      <line num="219" count="1" type="stmt"/>
      <line num="221" count="12" type="cond" truecount="4" falsecount="0"/>
      <line num="222" count="1" type="stmt"/>
      <line num="223" count="1" type="stmt"/>
      <line num="225" count="17" type="stmt"/>
    </file>
    <file name="subagent-pool.js" path="/Users/maleick/Projects/AutoResearch/dist/subagent-pool.js">
      <metrics statements="31" coveredstatements="31" conditionals="24" coveredconditionals="23" methods="8" coveredmethods="8"/>
      <line num="1" count="5" type="stmt"/>
      <line num="2" count="5" type="stmt"/>
      <line num="3" count="5" type="stmt"/>
      <line num="8" count="5" type="stmt"/>
      <line num="15" count="5" type="stmt"/>
      <line num="28" count="318" type="cond" truecount="2" falsecount="0"/>
      <line num="29" count="3095" type="stmt"/>
      <line num="30" count="13733" type="stmt"/>
      <line num="31" count="13733" type="stmt"/>
      <line num="35" count="318" type="cond" truecount="2" falsecount="0"/>
      <line num="36" count="8" type="stmt"/>
      <line num="37" count="310" type="cond" truecount="2" falsecount="0"/>
      <line num="38" count="251" type="stmt"/>
      <line num="39" count="59" type="cond" truecount="2" falsecount="0"/>
      <line num="40" count="59" type="cond" truecount="4" falsecount="0"/>
      <line num="41" count="8" type="stmt"/>
      <line num="42" count="51" type="cond" truecount="2" falsecount="0"/>
      <line num="43" count="50" type="stmt"/>
      <line num="44" count="1" type="stmt"/>
      <line num="47" count="1845" type="cond" truecount="2" falsecount="0"/>
      <line num="50" count="318" type="stmt"/>
      <line num="51" count="318" type="stmt"/>
      <line num="52" count="318" type="stmt"/>
      <line num="53" count="318" type="cond" truecount="1" falsecount="1"/>
      <line num="54" count="318" type="stmt"/>
      <line num="55" count="318" type="cond" truecount="2" falsecount="0"/>
      <line num="56" count="255" type="stmt"/>
      <line num="57" count="318" type="stmt"/>
      <line num="58" count="318" type="stmt"/>
      <line num="89" count="1845" type="stmt"/>
      <line num="100" count="175" type="stmt"/>
    </file>
    <file name="types.js" path="/Users/maleick/Projects/AutoResearch/dist/types.js">
      <metrics statements="0" coveredstatements="0" conditionals="0" coveredconditionals="0" methods="0" coveredmethods="0"/>
    </file>
    <file name="wizard.js" path="/Users/maleick/Projects/AutoResearch/dist/wizard.js">
      <metrics statements="27" coveredstatements="27" conditionals="35" coveredconditionals="34" methods="1" coveredmethods="1"/>
      <line num="5" count="149" type="cond" truecount="2" falsecount="0"/>
      <line num="6" count="149" type="stmt"/>
      <line num="7" count="149" type="stmt"/>
      <line num="8" count="149" type="stmt"/>
      <line num="9" count="149" type="cond" truecount="2" falsecount="1"/>
      <line num="10" count="149" type="stmt"/>
      <line num="15" count="149" type="stmt"/>
      <line num="16" count="149" type="stmt"/>
      <line num="17" count="149" type="cond" truecount="2" falsecount="0"/>
      <line num="18" count="6" type="stmt"/>
      <line num="19" count="149" type="cond" truecount="2" falsecount="0"/>
      <line num="20" count="5" type="stmt"/>
      <line num="21" count="149" type="stmt"/>
      <line num="22" count="149" type="cond" truecount="2" falsecount="0"/>
      <line num="23" count="144" type="stmt"/>
      <line num="25" count="149" type="cond" truecount="2" falsecount="0"/>
      <line num="26" count="3" type="stmt"/>
      <line num="27" count="149" type="cond" truecount="2" falsecount="0"/>
      <line num="28" count="3" type="stmt"/>
      <line num="29" count="149" type="stmt"/>
      <line num="30" count="149" type="cond" truecount="2" falsecount="0"/>
      <line num="31" count="6" type="stmt"/>
      <line num="32" count="149" type="cond" truecount="2" falsecount="0"/>
      <line num="33" count="44" type="stmt"/>
      <line num="34" count="149" type="cond" truecount="2" falsecount="0"/>
      <line num="35" count="145" type="stmt"/>
      <line num="36" count="149" type="stmt"/>
    </file>
  </project>
</coverage>
