<?xml version="1.0" encoding="UTF-8"?>
<coverage generated="1778259089700" clover="3.2.0">
  <project timestamp="1778259089700" name="All files">
    <metrics statements="647" coveredstatements="558" conditionals="556" coveredconditionals="446" methods="111" coveredmethods="96" elements="1314" coveredelements="1100" complexity="0" loc="647" ncloc="647" packages="2" files="12" classes="12"/>
    <package name="dist">
      <metrics statements="618" coveredstatements="535" conditionals="506" coveredconditionals="421" methods="103" coveredmethods="89"/>
      <file name="constants.js" path="/home/runner/work/AutoResearch/AutoResearch/dist/constants.js">
        <metrics statements="12" coveredstatements="12" conditionals="0" coveredconditionals="0" methods="0" coveredmethods="0"/>
        <line num="1" count="11" type="stmt"/>
        <line num="2" count="11" type="stmt"/>
        <line num="3" count="11" type="stmt"/>
        <line num="4" count="11" type="stmt"/>
        <line num="5" count="11" type="stmt"/>
        <line num="6" count="11" type="stmt"/>
        <line num="7" count="11" type="stmt"/>
        <line num="8" count="11" type="stmt"/>
        <line num="9" count="11" type="stmt"/>
        <line num="10" count="11" type="stmt"/>
        <line num="11" count="11" type="stmt"/>
        <line num="12" count="11" type="stmt"/>
      </file>
      <file name="helpers.js" path="/home/runner/work/AutoResearch/AutoResearch/dist/helpers.js">
        <metrics statements="195" coveredstatements="157" conditionals="159" coveredconditionals="138" methods="37" coveredmethods="30"/>
        <line num="8" count="82" type="stmt"/>
        <line num="9" count="82" type="stmt"/>
        <line num="13" count="3" type="stmt"/>
        <line num="16" count="2" type="stmt"/>
        <line num="17" count="5" type="cond" truecount="4" falsecount="0"/>
        <line num="18" count="1" type="stmt"/>
        <line num="19" count="1" type="stmt"/>
        <line num="20" count="1" type="stmt"/>
        <line num="21" count="2" type="stmt"/>
        <line num="26" count="99" type="stmt"/>
        <line num="29" count="152" type="cond" truecount="2" falsecount="0"/>
        <line num="32" count="110" type="stmt"/>
        <line num="35" count="57" type="stmt"/>
        <line num="36" count="57" type="stmt"/>
        <line num="37" count="57" type="stmt"/>
        <line num="38" count="57" type="stmt"/>
        <line num="39" count="57" type="stmt"/>
        <line num="42" count="1" type="stmt"/>
        <line num="43" count="1" type="stmt"/>
        <line num="46" count="1" type="stmt"/>
        <line num="50" count="57" type="stmt"/>
        <line num="53" count="65" type="cond" truecount="2" falsecount="0"/>
        <line num="54" count="1" type="stmt"/>
        <line num="56" count="64" type="stmt"/>
        <line num="57" count="64" type="stmt"/>
        <line num="60" count="3" type="stmt"/>
        <line num="64" count="1190" type="cond" truecount="2" falsecount="0"/>
        <line num="65" count="1056" type="cond" truecount="4" falsecount="0"/>
        <line num="67" count="134" type="cond" truecount="2" falsecount="0"/>
        <line num="70" count="186" type="cond" truecount="2" falsecount="0"/>
        <line num="71" count="152" type="stmt"/>
        <line num="72" count="34" type="stmt"/>
        <line num="73" count="34" type="cond" truecount="4" falsecount="0"/>
        <line num="74" count="1" type="stmt"/>
        <line num="76" count="33" type="stmt"/>
        <line num="79" count="158" type="cond" truecount="2" falsecount="0"/>
        <line num="80" count="149" type="stmt"/>
        <line num="81" count="9" type="stmt"/>
        <line num="82" count="9" type="cond" truecount="4" falsecount="0"/>
        <line num="83" count="1" type="stmt"/>
        <line num="85" count="8" type="stmt"/>
        <line num="88" count="101" type="cond" truecount="2" falsecount="0"/>
        <line num="89" count="64" type="stmt"/>
        <line num="90" count="37" type="stmt"/>
        <line num="91" count="37" type="cond" truecount="5" falsecount="0"/>
        <line num="92" count="2" type="stmt"/>
        <line num="94" count="35" type="stmt"/>
        <line num="97" count="10" type="cond" truecount="2" falsecount="0"/>
        <line num="98" count="2" type="stmt"/>
        <line num="99" count="8" type="stmt"/>
        <line num="100" count="8" type="cond" truecount="2" falsecount="0"/>
        <line num="101" count="2" type="stmt"/>
        <line num="103" count="6" type="stmt"/>
        <line num="106" count="7" type="cond" truecount="2" falsecount="0"/>
        <line num="107" count="3" type="stmt"/>
        <line num="108" count="4" type="stmt"/>
        <line num="109" count="4" type="cond" truecount="4" falsecount="0"/>
        <line num="110" count="3" type="stmt"/>
        <line num="112" count="1" type="stmt"/>
        <line num="115" count="200" type="cond" truecount="2" falsecount="0"/>
        <line num="116" count="176" type="stmt"/>
        <line num="117" count="24" type="stmt"/>
        <line num="118" count="24" type="cond" truecount="2" falsecount="0"/>
        <line num="119" count="1" type="stmt"/>
        <line num="120" count="23" type="cond" truecount="2" falsecount="0"/>
        <line num="121" count="3" type="stmt"/>
        <line num="122" count="3" type="cond" truecount="2" falsecount="0"/>
        <line num="123" count="1" type="stmt"/>
        <line num="124" count="2" type="stmt"/>
        <line num="126" count="20" type="stmt"/>
        <line num="127" count="20" type="stmt"/>
        <line num="128" count="20" type="stmt"/>
        <line num="129" count="20" type="stmt"/>
        <line num="130" count="23" type="cond" truecount="2" falsecount="0"/>
        <line num="131" count="3" type="stmt"/>
        <line num="133" count="20" type="stmt"/>
        <line num="134" count="20" type="stmt"/>
        <line num="135" count="20" type="stmt"/>
        <line num="136" count="20" type="stmt"/>
        <line num="137" count="20" type="stmt"/>
        <line num="139" count="17" type="cond" truecount="4" falsecount="0"/>
        <line num="140" count="4" type="stmt"/>
        <line num="142" count="13" type="stmt"/>
        <line num="145" count="56" type="cond" truecount="2" falsecount="0"/>
        <line num="146" count="56" type="stmt"/>
        <line num="147" count="56" type="cond" truecount="2" falsecount="0"/>
        <line num="148" count="45" type="stmt"/>
        <line num="149" count="45" type="cond" truecount="2" falsecount="0"/>
        <line num="150" count="44" type="stmt"/>
        <line num="152" count="12" type="stmt"/>
        <line num="153" count="12" type="cond" truecount="2" falsecount="0"/>
        <line num="154" count="1" type="stmt"/>
        <line num="155" count="11" type="cond" truecount="2" falsecount="0"/>
        <line num="156" count="1" type="stmt"/>
        <line num="157" count="10" type="cond" truecount="2" falsecount="0"/>
        <line num="158" count="1" type="stmt"/>
        <line num="159" count="9" type="cond" truecount="4" falsecount="0"/>
        <line num="160" count="2" type="stmt"/>
        <line num="161" count="7" type="stmt"/>
        <line num="164" count="1462" type="cond" truecount="2" falsecount="0"/>
        <line num="165" count="2" type="stmt"/>
        <line num="166" count="1460" type="cond" truecount="2" falsecount="0"/>
        <line num="167" count="16" type="stmt"/>
        <line num="169" count="1453" type="cond" truecount="2" falsecount="0"/>
        <line num="170" count="2" type="stmt"/>
        <line num="171" count="2" type="cond" truecount="1" falsecount="1"/>
        <line num="173" count="1455" type="stmt"/>
        <line num="174" count="6038" type="cond" truecount="2" falsecount="0"/>
        <line num="175" count="2" type="stmt"/>
        <line num="176" count="6036" type="cond" truecount="2" falsecount="0"/>
        <line num="177" count="6030" type="stmt"/>
        <line num="178" count="6030" type="cond" truecount="2" falsecount="0"/>
        <line num="180" count="6" type="cond" truecount="2" falsecount="0"/>
        <line num="181" count="4" type="stmt"/>
        <line num="182" count="2" type="stmt"/>
        <line num="183" count="2" type="cond" truecount="1" falsecount="1"/>
        <line num="185" count="1451" type="stmt"/>
        <line num="188" count="68" type="stmt"/>
        <line num="189" count="68" type="stmt"/>
        <line num="192" count="11" type="stmt"/>
        <line num="193" count="11" type="cond" truecount="2" falsecount="0"/>
        <line num="194" count="2" type="stmt"/>
        <line num="195" count="9" type="stmt"/>
        <line num="196" count="9" type="stmt"/>
        <line num="197" count="1009" type="stmt"/>
        <line num="198" count="1009" type="stmt"/>
        <line num="199" count="10019" type="cond" truecount="2" falsecount="0"/>
        <line num="200" count="1009" type="stmt"/>
        <line num="204" count="10" type="stmt"/>
        <line num="205" count="1015" type="cond" truecount="2" falsecount="0"/>
        <line num="208" count="74" type="cond" truecount="4" falsecount="0"/>
        <line num="209" count="2" type="stmt"/>
        <line num="211" count="72" type="stmt"/>
        <line num="212" count="72" type="stmt"/>
        <line num="213" count="72" type="stmt"/>
        <line num="214" count="995" type="cond" truecount="2" falsecount="0"/>
        <line num="215" count="1" type="stmt"/>
        <line num="218" count="71" type="cond" truecount="2" falsecount="0"/>
        <line num="219" count="71" type="cond" truecount="5" falsecount="0"/>
        <line num="220" count="1" type="stmt"/>
        <line num="222" count="70" type="stmt"/>
        <line num="223" count="69" type="cond" truecount="4" falsecount="0"/>
        <line num="224" count="1" type="stmt"/>
        <line num="226" count="68" type="stmt"/>
        <line num="227" count="68" type="cond" truecount="4" falsecount="0"/>
        <line num="228" count="1" type="stmt"/>
        <line num="230" count="67" type="cond" truecount="4" falsecount="0"/>
        <line num="231" count="1" type="stmt"/>
        <line num="233" count="66" type="stmt"/>
        <line num="234" count="66" type="cond" truecount="6" falsecount="0"/>
        <line num="235" count="1" type="stmt"/>
        <line num="237" count="65" type="cond" truecount="4" falsecount="0"/>
        <line num="238" count="1" type="stmt"/>
        <line num="240" count="64" type="stmt"/>
        <line num="241" count="64" type="cond" truecount="6" falsecount="0"/>
        <line num="242" count="1" type="stmt"/>
        <line num="244" count="63" type="stmt"/>
        <line num="250" count="0" type="cond" truecount="0" falsecount="3"/>
        <line num="251" count="0" type="stmt"/>
        <line num="254" count="0" type="stmt"/>
        <line num="255" count="0" type="cond" truecount="0" falsecount="2"/>
        <line num="256" count="0" type="stmt"/>
        <line num="258" count="0" type="stmt"/>
        <line num="259" count="0" type="stmt"/>
        <line num="260" count="0" type="stmt"/>
        <line num="263" count="0" type="stmt"/>
        <line num="267" count="0" type="stmt"/>
        <line num="268" count="0" type="stmt"/>
        <line num="272" count="0" type="cond" truecount="0" falsecount="2"/>
        <line num="275" count="0" type="stmt"/>
        <line num="276" count="0" type="stmt"/>
        <line num="277" count="0" type="cond" truecount="0" falsecount="2"/>
        <line num="278" count="0" type="stmt"/>
        <line num="279" count="0" type="stmt"/>
        <line num="282" count="0" type="stmt"/>
        <line num="286" count="0" type="stmt"/>
        <line num="287" count="0" type="stmt"/>
        <line num="288" count="0" type="cond" truecount="0" falsecount="2"/>
        <line num="289" count="0" type="stmt"/>
        <line num="290" count="0" type="stmt"/>
        <line num="291" count="0" type="cond" truecount="0" falsecount="2"/>
        <line num="292" count="0" type="stmt"/>
        <line num="294" count="0" type="stmt"/>
        <line num="297" count="0" type="stmt"/>
        <line num="301" count="0" type="stmt"/>
        <line num="302" count="0" type="stmt"/>
        <line num="303" count="0" type="cond" truecount="0" falsecount="2"/>
        <line num="304" count="0" type="stmt"/>
        <line num="305" count="0" type="stmt"/>
        <line num="306" count="0" type="cond" truecount="0" falsecount="2"/>
        <line num="307" count="0" type="stmt"/>
        <line num="308" count="0" type="stmt"/>
        <line num="309" count="0" type="stmt"/>
        <line num="310" count="0" type="stmt"/>
        <line num="317" count="0" type="stmt"/>
      </file>
      <file name="index.js" path="/home/runner/work/AutoResearch/AutoResearch/dist/index.js">
        <metrics statements="20" coveredstatements="20" conditionals="8" coveredconditionals="8" methods="6" coveredmethods="6"/>
        <line num="5" count="2" type="stmt"/>
        <line num="6" count="2" type="stmt"/>
        <line num="7" count="2" type="stmt"/>
        <line num="8" count="2" type="stmt"/>
        <line num="10" count="18" type="stmt"/>
        <line num="11" count="18" type="stmt"/>
        <line num="14" count="18" type="stmt"/>
        <line num="17" count="18" type="stmt"/>
        <line num="18" count="18" type="stmt"/>
        <line num="20" count="2" type="stmt"/>
        <line num="32" count="5" type="stmt"/>
        <line num="34" count="2" type="cond" truecount="2" falsecount="0"/>
        <line num="35" count="2" type="cond" truecount="2" falsecount="0"/>
        <line num="36" count="2" type="cond" truecount="2" falsecount="0"/>
        <line num="37" count="2" type="cond" truecount="2" falsecount="0"/>
        <line num="38" count="1" type="stmt"/>
        <line num="40" count="2" type="stmt"/>
        <line num="41" count="18" type="stmt"/>
        <line num="42" count="18" type="stmt"/>
        <line num="48" count="3" type="stmt"/>
      </file>
      <file name="memory-manager.js" path="/home/runner/work/AutoResearch/AutoResearch/dist/memory-manager.js">
        <metrics statements="76" coveredstatements="69" conditionals="26" coveredconditionals="21" methods="23" coveredmethods="20"/>
        <line num="5" count="12" type="stmt"/>
        <line num="8" count="13" type="stmt"/>
        <line num="15" count="7" type="stmt"/>
        <line num="22" count="1" type="stmt"/>
        <line num="34" count="18" type="stmt"/>
        <line num="35" count="18" type="cond" truecount="2" falsecount="0"/>
        <line num="36" count="6" type="stmt"/>
        <line num="37" count="6" type="stmt"/>
        <line num="43" count="6" type="stmt"/>
        <line num="45" count="12" type="stmt"/>
        <line num="46" count="12" type="stmt"/>
        <line num="55" count="12" type="stmt"/>
        <line num="61" count="6" type="stmt"/>
        <line num="64" count="3" type="stmt"/>
        <line num="65" count="3" type="stmt"/>
        <line num="66" count="3" type="stmt"/>
        <line num="74" count="3" type="stmt"/>
        <line num="75" count="3" type="cond" truecount="2" falsecount="0"/>
        <line num="76" count="1" type="stmt"/>
        <line num="79" count="3" type="stmt"/>
        <line num="82" count="6" type="stmt"/>
        <line num="85" count="5" type="stmt"/>
        <line num="86" count="5" type="stmt"/>
        <line num="98" count="5" type="stmt"/>
        <line num="99" count="5" type="stmt"/>
        <line num="100" count="5" type="stmt"/>
        <line num="101" count="5" type="stmt"/>
        <line num="102" count="6" type="cond" truecount="2" falsecount="0"/>
        <line num="103" count="5" type="stmt"/>
        <line num="106" count="1" type="stmt"/>
        <line num="109" count="5" type="cond" truecount="2" falsecount="0"/>
        <line num="110" count="1" type="stmt"/>
        <line num="112" count="4" type="stmt"/>
        <line num="113" count="4" type="stmt"/>
        <line num="114" count="4" type="stmt"/>
        <line num="115" count="5" type="stmt"/>
        <line num="124" count="5" type="stmt"/>
        <line num="125" count="5" type="cond" truecount="2" falsecount="0"/>
        <line num="126" count="1" type="stmt"/>
        <line num="129" count="4" type="stmt"/>
        <line num="140" count="3" type="stmt"/>
        <line num="141" count="3" type="stmt"/>
        <line num="142" count="3" type="stmt"/>
        <line num="143" count="3" type="stmt"/>
        <line num="144" count="3" type="stmt"/>
        <line num="145" count="3" type="stmt"/>
        <line num="146" count="3" type="stmt"/>
        <line num="147" count="3" type="cond" truecount="4" falsecount="0"/>
        <line num="148" count="2" type="stmt"/>
        <line num="153" count="2" type="stmt"/>
        <line num="154" count="2" type="stmt"/>
        <line num="163" count="2" type="stmt"/>
        <line num="164" count="2" type="cond" truecount="2" falsecount="0"/>
        <line num="165" count="1" type="stmt"/>
        <line num="169" count="1" type="stmt"/>
        <line num="172" count="3" type="stmt"/>
        <line num="178" count="3" type="stmt"/>
        <line num="179" count="3" type="stmt"/>
        <line num="180" count="3" type="stmt"/>
        <line num="183" count="0" type="stmt"/>
        <line num="184" count="0" type="stmt"/>
        <line num="185" count="0" type="stmt"/>
        <line num="187" count="0" type="stmt"/>
        <line num="188" count="0" type="stmt"/>
        <line num="204" count="0" type="stmt"/>
        <line num="205" count="0" type="stmt"/>
        <line num="208" count="3" type="stmt"/>
        <line num="211" count="3" type="stmt"/>
        <line num="214" count="2" type="cond" truecount="2" falsecount="0"/>
        <line num="215" count="1" type="stmt"/>
        <line num="217" count="1" type="stmt"/>
        <line num="218" count="1" type="stmt"/>
        <line num="222" count="1" type="stmt"/>
        <line num="225" count="2" type="stmt"/>
        <line num="226" count="2" type="stmt"/>
        <line num="227" count="1" type="stmt"/>
      </file>
      <file name="run-manager.js" path="/home/runner/work/AutoResearch/AutoResearch/dist/run-manager.js">
        <metrics statements="140" coveredstatements="132" conditionals="114" coveredconditionals="90" methods="9" coveredmethods="9"/>
        <line num="6" count="2" type="stmt"/>
        <line num="8" count="20" type="stmt"/>
        <line num="9" count="20" type="stmt"/>
        <line num="10" count="20" type="cond" truecount="4" falsecount="0"/>
        <line num="11" count="1" type="stmt"/>
        <line num="13" count="19" type="stmt"/>
        <line num="14" count="19" type="stmt"/>
        <line num="15" count="19" type="cond" truecount="2" falsecount="0"/>
        <line num="16" count="18" type="stmt"/>
        <line num="18" count="19" type="stmt"/>
        <line num="19" count="19" type="stmt"/>
        <line num="20" count="19" type="stmt"/>
        <line num="23" count="30" type="stmt"/>
        <line num="24" count="30" type="stmt"/>
        <line num="25" count="30" type="stmt"/>
        <line num="26" count="30" type="stmt"/>
        <line num="27" count="30" type="cond" truecount="2" falsecount="0"/>
        <line num="28" count="30" type="stmt"/>
        <line num="29" count="30" type="cond" truecount="1" falsecount="1"/>
        <line num="30" count="30" type="cond" truecount="1" falsecount="1"/>
        <line num="31" count="30" type="cond" truecount="1" falsecount="1"/>
        <line num="32" count="30" type="cond" truecount="1" falsecount="1"/>
        <line num="33" count="30" type="stmt"/>
        <line num="34" count="30" type="stmt"/>
        <line num="35" count="30" type="cond" truecount="4" falsecount="0"/>
        <line num="36" count="1" type="stmt"/>
        <line num="38" count="29" type="stmt"/>
        <line num="51" count="29" type="stmt"/>
        <line num="52" count="29" type="stmt"/>
        <line num="63" count="29" type="stmt"/>
        <line num="64" count="29" type="stmt"/>
        <line num="65" count="29" type="stmt"/>
        <line num="78" count="29" type="cond" truecount="2" falsecount="0"/>
        <line num="79" count="17" type="stmt"/>
        <line num="80" count="17" type="stmt"/>
        <line num="82" count="12" type="cond" truecount="2" falsecount="0"/>
        <line num="83" count="11" type="stmt"/>
        <line num="84" count="11" type="stmt"/>
        <line num="86" count="1" type="cond" truecount="1" falsecount="1"/>
        <line num="87" count="1" type="stmt"/>
        <line num="88" count="1" type="stmt"/>
        <line num="89" count="1" type="stmt"/>
        <line num="91" count="29" type="stmt"/>
        <line num="104" count="29" type="stmt"/>
        <line num="105" count="29" type="stmt"/>
        <line num="108" count="26" type="stmt"/>
        <line num="109" count="26" type="stmt"/>
        <line num="110" count="26" type="cond" truecount="2" falsecount="0"/>
        <line num="113" count="26" type="stmt"/>
        <line num="118" count="26" type="stmt"/>
        <line num="119" count="26" type="cond" truecount="3" falsecount="1"/>
        <line num="126" count="26" type="stmt"/>
        <line num="186" count="3" type="stmt"/>
        <line num="187" count="3" type="stmt"/>
        <line num="188" count="3" type="cond" truecount="2" falsecount="0"/>
        <line num="189" count="1" type="stmt"/>
        <line num="191" count="2" type="stmt"/>
        <line num="192" count="2" type="stmt"/>
        <line num="193" count="2" type="stmt"/>
        <line num="194" count="2" type="stmt"/>
        <line num="195" count="2" type="stmt"/>
        <line num="196" count="2" type="stmt"/>
        <line num="199" count="3" type="stmt"/>
        <line num="200" count="3" type="stmt"/>
        <line num="201" count="3" type="cond" truecount="2" falsecount="0"/>
        <line num="202" count="1" type="stmt"/>
        <line num="204" count="2" type="cond" truecount="2" falsecount="0"/>
        <line num="205" count="1" type="stmt"/>
        <line num="207" count="1" type="stmt"/>
        <line num="208" count="1" type="stmt"/>
        <line num="209" count="1" type="stmt"/>
        <line num="210" count="1" type="stmt"/>
        <line num="211" count="1" type="stmt"/>
        <line num="212" count="1" type="stmt"/>
        <line num="213" count="1" type="stmt"/>
        <line num="216" count="3" type="stmt"/>
        <line num="217" count="3" type="stmt"/>
        <line num="218" count="3" type="cond" truecount="2" falsecount="0"/>
        <line num="219" count="1" type="stmt"/>
        <line num="220" count="2" type="stmt"/>
        <line num="221" count="2" type="stmt"/>
        <line num="222" count="2" type="stmt"/>
        <line num="223" count="2" type="stmt"/>
        <line num="224" count="2" type="stmt"/>
        <line num="225" count="2" type="stmt"/>
        <line num="226" count="2" type="stmt"/>
        <line num="227" count="2" type="stmt"/>
        <line num="230" count="21" type="stmt"/>
        <line num="231" count="21" type="stmt"/>
        <line num="232" count="15" type="cond" truecount="2" falsecount="0"/>
        <line num="233" count="1" type="stmt"/>
        <line num="237" count="7" type="cond" truecount="2" falsecount="0"/>
        <line num="238" count="1" type="stmt"/>
        <line num="239" count="6" type="stmt"/>
        <line num="240" count="6" type="cond" truecount="1" falsecount="1"/>
        <line num="241" count="6" type="stmt"/>
        <line num="242" count="0" type="stmt"/>
        <line num="245" count="14" type="stmt"/>
        <line num="246" count="14" type="cond" truecount="1" falsecount="1"/>
        <line num="247" count="14" type="stmt"/>
        <line num="250" count="0" type="stmt"/>
        <line num="251" count="0" type="cond" truecount="0" falsecount="2"/>
        <line num="252" count="0" type="stmt"/>
        <line num="253" count="0" type="cond" truecount="0" falsecount="2"/>
        <line num="254" count="0" type="stmt"/>
        <line num="256" count="0" type="stmt"/>
        <line num="258" count="14" type="stmt"/>
        <line num="259" count="14" type="stmt"/>
        <line num="260" count="14" type="cond" truecount="1" falsecount="1"/>
        <line num="261" count="0" type="stmt"/>
        <line num="263" count="14" type="cond" truecount="2" falsecount="0"/>
        <line num="264" count="1" type="stmt"/>
        <line num="266" count="13" type="stmt"/>
        <line num="267" count="39" type="cond" truecount="2" falsecount="0"/>
        <line num="270" count="14" type="stmt"/>
        <line num="274" count="21" type="stmt"/>
        <line num="275" count="21" type="stmt"/>
        <line num="276" count="21" type="stmt"/>
        <line num="277" count="21" type="stmt"/>
        <line num="278" count="19" type="stmt"/>
        <line num="279" count="19" type="stmt"/>
        <line num="280" count="19" type="cond" truecount="2" falsecount="0"/>
        <line num="281" count="2" type="stmt"/>
        <line num="282" count="2" type="stmt"/>
        <line num="284" count="17" type="cond" truecount="2" falsecount="0"/>
        <line num="285" count="1" type="stmt"/>
        <line num="286" count="1" type="stmt"/>
        <line num="288" count="16" type="cond" truecount="4" falsecount="0"/>
        <line num="289" count="1" type="stmt"/>
        <line num="290" count="1" type="stmt"/>
        <line num="292" count="15" type="cond" truecount="4" falsecount="0"/>
        <line num="293" count="1" type="stmt"/>
        <line num="294" count="1" type="stmt"/>
        <line num="296" count="14" type="cond" truecount="4" falsecount="0"/>
        <line num="297" count="1" type="stmt"/>
        <line num="298" count="1" type="stmt"/>
        <line num="300" count="13" type="cond" truecount="4" falsecount="0"/>
        <line num="301" count="1" type="stmt"/>
        <line num="302" count="1" type="stmt"/>
        <line num="304" count="19" type="stmt"/>
      </file>
      <file name="score-parser.js" path="/home/runner/work/AutoResearch/AutoResearch/dist/score-parser.js">
        <metrics statements="30" coveredstatements="30" conditionals="53" coveredconditionals="52" methods="1" coveredmethods="1"/>
        <line num="9" count="42" type="cond" truecount="2" falsecount="0"/>
        <line num="10" count="4" type="stmt"/>
        <line num="12" count="38" type="stmt"/>
        <line num="13" count="38" type="cond" truecount="2" falsecount="0"/>
        <line num="14" count="2" type="stmt"/>
        <line num="17" count="36" type="stmt"/>
        <line num="18" count="36" type="stmt"/>
        <line num="21" count="5" type="cond" truecount="1" falsecount="1"/>
        <line num="22" count="5" type="stmt"/>
        <line num="25" count="31" type="cond" truecount="5" falsecount="0"/>
        <line num="26" count="5" type="stmt"/>
        <line num="28" count="26" type="stmt"/>
        <line num="30" count="26" type="cond" truecount="5" falsecount="0"/>
        <line num="31" count="4" type="stmt"/>
        <line num="34" count="22" type="cond" truecount="6" falsecount="0"/>
        <line num="35" count="8" type="stmt"/>
        <line num="38" count="14" type="cond" truecount="4" falsecount="0"/>
        <line num="39" count="5" type="cond" truecount="5" falsecount="0"/>
        <line num="40" count="3" type="stmt"/>
        <line num="43" count="2" type="stmt"/>
        <line num="44" count="2" type="stmt"/>
        <line num="45" count="3" type="cond" truecount="4" falsecount="0"/>
        <line num="46" count="1" type="stmt"/>
        <line num="51" count="10" type="cond" truecount="4" falsecount="0"/>
        <line num="52" count="4" type="cond" truecount="5" falsecount="0"/>
        <line num="53" count="3" type="stmt"/>
        <line num="57" count="7" type="cond" truecount="4" falsecount="0"/>
        <line num="58" count="4" type="cond" truecount="5" falsecount="0"/>
        <line num="59" count="3" type="stmt"/>
        <line num="63" count="4" type="stmt"/>
      </file>
      <file name="subagent-pool.js" path="/home/runner/work/AutoResearch/AutoResearch/dist/subagent-pool.js">
        <metrics statements="58" coveredstatements="51" conditionals="47" coveredconditionals="39" methods="19" coveredmethods="16"/>
        <line num="1" count="6" type="stmt"/>
        <line num="2" count="6" type="stmt"/>
        <line num="3" count="6" type="stmt"/>
        <line num="4" count="6" type="stmt"/>
        <line num="9" count="6" type="stmt"/>
        <line num="16" count="6" type="stmt"/>
        <line num="29" count="323" type="cond" truecount="2" falsecount="0"/>
        <line num="30" count="3145" type="stmt"/>
        <line num="31" count="13957" type="stmt"/>
        <line num="32" count="13957" type="stmt"/>
        <line num="36" count="323" type="cond" truecount="2" falsecount="0"/>
        <line num="37" count="8" type="stmt"/>
        <line num="38" count="315" type="cond" truecount="2" falsecount="0"/>
        <line num="39" count="254" type="stmt"/>
        <line num="40" count="61" type="cond" truecount="2" falsecount="0"/>
        <line num="41" count="61" type="cond" truecount="4" falsecount="0"/>
        <line num="42" count="8" type="stmt"/>
        <line num="43" count="53" type="cond" truecount="2" falsecount="0"/>
        <line num="44" count="52" type="stmt"/>
        <line num="45" count="1" type="stmt"/>
        <line num="48" count="1873" type="cond" truecount="2" falsecount="0"/>
        <line num="51" count="323" type="stmt"/>
        <line num="52" count="323" type="stmt"/>
        <line num="53" count="323" type="stmt"/>
        <line num="54" count="323" type="cond" truecount="1" falsecount="1"/>
        <line num="55" count="323" type="stmt"/>
        <line num="56" count="323" type="cond" truecount="2" falsecount="0"/>
        <line num="57" count="258" type="stmt"/>
        <line num="58" count="323" type="stmt"/>
        <line num="59" count="323" type="stmt"/>
        <line num="90" count="1873" type="stmt"/>
        <line num="101" count="180" type="stmt"/>
        <line num="113" count="3" type="cond" truecount="2" falsecount="1"/>
        <line num="116" count="10" type="stmt"/>
        <line num="117" count="10" type="stmt"/>
        <line num="118" count="10" type="stmt"/>
        <line num="119" count="25" type="stmt"/>
        <line num="126" count="10" type="stmt"/>
        <line num="136" count="17" type="stmt"/>
        <line num="137" count="14" type="stmt"/>
        <line num="138" count="8" type="cond" truecount="2" falsecount="0"/>
        <line num="139" count="2" type="stmt"/>
        <line num="141" count="6" type="cond" truecount="3" falsecount="1"/>
        <line num="144" count="0" type="stmt"/>
        <line num="146" count="6" type="cond" truecount="1" falsecount="3"/>
        <line num="148" count="6" type="stmt"/>
        <line num="149" count="12" type="stmt"/>
        <line num="153" count="12" type="stmt"/>
        <line num="154" count="6" type="cond" truecount="2" falsecount="0"/>
        <line num="155" count="3" type="stmt"/>
        <line num="157" count="8" type="cond" truecount="2" falsecount="0"/>
        <line num="158" count="3" type="stmt"/>
        <line num="161" count="0" type="stmt"/>
        <line num="162" count="0" type="stmt"/>
        <line num="165" count="0" type="stmt"/>
        <line num="166" count="0" type="stmt"/>
        <line num="167" count="0" type="cond" truecount="0" falsecount="2"/>
        <line num="170" count="0" type="stmt"/>
      </file>
      <file name="task-schema.js" path="/home/runner/work/AutoResearch/AutoResearch/dist/task-schema.js">
        <metrics statements="59" coveredstatements="36" conditionals="64" coveredconditionals="39" methods="7" coveredmethods="6"/>
        <line num="2" count="0" type="stmt"/>
        <line num="27" count="3" type="cond" truecount="1" falsecount="1"/>
        <line num="28" count="0" type="stmt"/>
        <line num="29" count="3" type="stmt"/>
        <line num="30" count="3" type="cond" truecount="1" falsecount="1"/>
        <line num="31" count="0" type="stmt"/>
        <line num="32" count="3" type="cond" truecount="1" falsecount="1"/>
        <line num="33" count="0" type="stmt"/>
        <line num="34" count="3" type="cond" truecount="1" falsecount="1"/>
        <line num="35" count="0" type="stmt"/>
        <line num="36" count="3" type="cond" truecount="1" falsecount="1"/>
        <line num="37" count="0" type="stmt"/>
        <line num="38" count="3" type="cond" truecount="1" falsecount="1"/>
        <line num="39" count="0" type="stmt"/>
        <line num="40" count="3" type="cond" truecount="1" falsecount="1"/>
        <line num="41" count="0" type="stmt"/>
        <line num="42" count="3" type="cond" truecount="1" falsecount="1"/>
        <line num="43" count="0" type="stmt"/>
        <line num="44" count="3" type="stmt"/>
        <line num="45" count="3" type="cond" truecount="1" falsecount="1"/>
        <line num="46" count="0" type="stmt"/>
        <line num="47" count="3" type="cond" truecount="1" falsecount="1"/>
        <line num="48" count="0" type="stmt"/>
        <line num="49" count="3" type="cond" truecount="1" falsecount="1"/>
        <line num="50" count="0" type="stmt"/>
        <line num="51" count="3" type="cond" truecount="1" falsecount="1"/>
        <line num="52" count="0" type="stmt"/>
        <line num="53" count="3" type="cond" truecount="1" falsecount="1"/>
        <line num="54" count="0" type="stmt"/>
        <line num="55" count="3" type="cond" truecount="1" falsecount="1"/>
        <line num="56" count="0" type="stmt"/>
        <line num="57" count="3" type="cond" truecount="2" falsecount="0"/>
        <line num="58" count="1" type="stmt"/>
        <line num="59" count="2" type="stmt"/>
        <line num="60" count="2" type="cond" truecount="2" falsecount="0"/>
        <line num="61" count="1" type="stmt"/>
        <line num="62" count="1" type="cond" truecount="1" falsecount="1"/>
        <line num="63" count="0" type="stmt"/>
        <line num="64" count="1" type="cond" truecount="1" falsecount="1"/>
        <line num="65" count="0" type="stmt"/>
        <line num="66" count="1" type="cond" truecount="1" falsecount="1"/>
        <line num="67" count="0" type="stmt"/>
        <line num="68" count="1" type="cond" truecount="1" falsecount="1"/>
        <line num="69" count="1" type="cond" truecount="1" falsecount="1"/>
        <line num="70" count="0" type="stmt"/>
        <line num="71" count="1" type="stmt"/>
        <line num="72" count="1" type="cond" truecount="1" falsecount="1"/>
        <line num="73" count="0" type="stmt"/>
        <line num="74" count="1" type="cond" truecount="1" falsecount="1"/>
        <line num="75" count="0" type="stmt"/>
        <line num="76" count="1" type="cond" truecount="1" falsecount="1"/>
        <line num="77" count="0" type="stmt"/>
        <line num="79" count="1" type="cond" truecount="3" falsecount="1"/>
        <line num="80" count="0" type="stmt"/>
        <line num="81" count="1" type="stmt"/>
        <line num="84" count="11" type="cond" truecount="3" falsecount="0"/>
        <line num="87" count="23" type="cond" truecount="2" falsecount="0"/>
        <line num="90" count="3" type="cond" truecount="2" falsecount="0"/>
        <line num="93" count="2" type="cond" truecount="3" falsecount="0"/>
      </file>
      <file name="types.js" path="/home/runner/work/AutoResearch/AutoResearch/dist/types.js">
        <metrics statements="0" coveredstatements="0" conditionals="0" coveredconditionals="0" methods="0" coveredmethods="0"/>
      </file>
      <file name="wizard.js" path="/home/runner/work/AutoResearch/AutoResearch/dist/wizard.js">
        <metrics statements="28" coveredstatements="28" conditionals="35" coveredconditionals="34" methods="1" coveredmethods="1"/>
        <line num="5" count="151" type="stmt"/>
        <line num="6" count="151" type="cond" truecount="2" falsecount="0"/>
        <line num="7" count="151" type="stmt"/>
        <line num="8" count="151" type="stmt"/>
        <line num="9" count="151" type="stmt"/>
        <line num="10" count="151" type="cond" truecount="2" falsecount="1"/>
        <line num="11" count="151" type="stmt"/>
        <line num="16" count="151" type="stmt"/>
        <line num="17" count="151" type="stmt"/>
        <line num="18" count="151" type="cond" truecount="2" falsecount="0"/>
        <line num="19" count="6" type="stmt"/>
        <line num="20" count="151" type="cond" truecount="2" falsecount="0"/>
        <line num="21" count="46" type="stmt"/>
        <line num="22" count="151" type="stmt"/>
        <line num="23" count="151" type="cond" truecount="2" falsecount="0"/>
        <line num="24" count="146" type="stmt"/>
        <line num="26" count="151" type="cond" truecount="2" falsecount="0"/>
        <line num="27" count="3" type="stmt"/>
        <line num="28" count="151" type="cond" truecount="2" falsecount="0"/>
        <line num="29" count="3" type="stmt"/>
        <line num="30" count="151" type="stmt"/>
        <line num="31" count="151" type="cond" truecount="2" falsecount="0"/>
        <line num="32" count="6" type="stmt"/>
        <line num="33" count="151" type="cond" truecount="2" falsecount="0"/>
        <line num="34" count="46" type="stmt"/>
        <line num="35" count="151" type="cond" truecount="2" falsecount="0"/>
        <line num="36" count="147" type="stmt"/>
        <line num="37" count="151" type="stmt"/>
      </file>
    </package>
    <package name="dist.translators">
      <metrics statements="29" coveredstatements="23" conditionals="50" coveredconditionals="25" methods="8" coveredmethods="7"/>
      <file name="cli.js" path="/home/runner/work/AutoResearch/AutoResearch/dist/translators/cli.js">
        <metrics statements="23" coveredstatements="18" conditionals="34" coveredconditionals="22" methods="4" coveredmethods="4"/>
        <line num="2" count="8" type="stmt"/>
        <line num="7" count="8" type="cond" truecount="1" falsecount="1"/>
        <line num="14" count="8" type="stmt"/>
        <line num="18" count="8" type="stmt"/>
        <line num="38" count="3" type="stmt"/>
        <line num="62" count="7" type="stmt"/>
        <line num="63" count="7" type="cond" truecount="1" falsecount="1"/>
        <line num="64" count="0" type="cond" truecount="0" falsecount="2"/>
        <line num="66" count="7" type="stmt"/>
        <line num="67" count="7" type="stmt"/>
        <line num="68" count="7" type="stmt"/>
        <line num="69" count="7" type="stmt"/>
        <line num="70" count="7" type="stmt"/>
        <line num="71" count="7" type="stmt"/>
        <line num="72" count="7" type="stmt"/>
        <line num="74" count="7" type="cond" truecount="1" falsecount="1"/>
        <line num="77" count="2" type="cond" truecount="1" falsecount="1"/>
        <line num="78" count="0" type="stmt"/>
        <line num="79" count="2" type="cond" truecount="1" falsecount="1"/>
        <line num="80" count="2" type="stmt"/>
        <line num="81" count="0" type="cond" truecount="0" falsecount="2"/>
        <line num="82" count="0" type="stmt"/>
        <line num="83" count="0" type="stmt"/>
      </file>
      <file name="hermes.js" path="/home/runner/work/AutoResearch/AutoResearch/dist/translators/hermes.js">
        <metrics statements="6" coveredstatements="5" conditionals="16" coveredconditionals="3" methods="4" coveredmethods="3"/>
        <line num="2" count="5" type="stmt"/>
        <line num="7" count="5" type="stmt"/>
        <line num="11" count="5" type="stmt"/>
        <line num="32" count="4" type="stmt"/>
        <line num="55" count="2" type="stmt"/>
        <line num="81" count="0" type="stmt"/>
      </file>
    </package>
  </project>
</coverage>
