{"/home/runner/work/AutoResearch/AutoResearch/dist/constants.js": {"path":"/home/runner/work/AutoResearch/AutoResearch/dist/constants.js","statementMap":{"0":{"start":{"line":1,"column":23},"end":{"line":1,"column":30}},"1":{"start":{"line":2,"column":28},"end":{"line":2,"column":51}},"2":{"start":{"line":3,"column":26},"end":{"line":3,"column":40}},"3":{"start":{"line":4,"column":29},"end":{"line":4,"column":44}},"4":{"start":{"line":5,"column":31},"end":{"line":5,"column":57}},"5":{"start":{"line":6,"column":29},"end":{"line":6,"column":55}},"6":{"start":{"line":7,"column":37},"end":{"line":7,"column":72}},"7":{"start":{"line":8,"column":30},"end":{"line":8,"column":57}},"8":{"start":{"line":9,"column":30},"end":{"line":9,"column":54}},"9":{"start":{"line":10,"column":36},"end":{"line":10,"column":68}},"10":{"start":{"line":11,"column":46},"end":{"line":11,"column":47}},"11":{"start":{"line":12,"column":34},"end":{"line":12,"column":36}}},"fnMap":{},"branchMap":{},"s":{"0":11,"1":11,"2":11,"3":11,"4":11,"5":11,"6":11,"7":11,"8":11,"9":11,"10":11,"11":11},"f":{},"b":{},"inputSourceMap":null,"_coverageSchema":"1a1c01bbd47fc00a2c39e90264f33305004495a9","hash":"bd906facdeafc39184cba4bb4638efff00ac288e"}
,"/home/runner/work/AutoResearch/AutoResearch/dist/helpers.js": {"path":"/home/runner/work/AutoResearch/AutoResearch/dist/helpers.js","statementMap":{"0":{"start":{"line":8,"column":8},"end":{"line":8,"column":23}},"1":{"start":{"line":9,"column":8},"end":{"line":9,"column":40}},"2":{"start":{"line":13,"column":4},"end":{"line":13,"column":50}},"3":{"start":{"line":16,"column":4},"end":{"line":23,"column":7}},"4":{"start":{"line":17,"column":8},"end":{"line":22,"column":9}},"5":{"start":{"line":18,"column":23},"end":{"line":18,"column":36}},"6":{"start":{"line":19,"column":23},"end":{"line":19,"column":36}},"7":{"start":{"line":20,"column":23},"end":{"line":20,"column":36}},"8":{"start":{"line":21,"column":21},"end":{"line":21,"column":85}},"9":{"start":{"line":26,"column":4},"end":{"line":26,"column":79}},"10":{"start":{"line":29,"column":4},"end":{"line":29,"column":33}},"11":{"start":{"line":32,"column":4},"end":{"line":32,"column":54}},"12":{"start":{"line":35,"column":4},"end":{"line":35,"column":27}},"13":{"start":{"line":36,"column":16},"end":{"line":36,"column":47}},"14":{"start":{"line":37,"column":4},"end":{"line":37,"column":41}},"15":{"start":{"line":38,"column":4},"end":{"line":47,"column":5}},"16":{"start":{"line":39,"column":8},"end":{"line":39,"column":34}},"17":{"start":{"line":42,"column":8},"end":{"line":45,"column":30}},"18":{"start":{"line":43,"column":12},"end":{"line":43,"column":28}},"19":{"start":{"line":46,"column":8},"end":{"line":46,"column":67}},"20":{"start":{"line":50,"column":4},"end":{"line":50,"column":71}},"21":{"start":{"line":53,"column":4},"end":{"line":55,"column":5}},"22":{"start":{"line":54,"column":8},"end":{"line":54,"column":65}},"23":{"start":{"line":56,"column":4},"end":{"line":61,"column":5}},"24":{"start":{"line":57,"column":8},"end":{"line":57,"column":59}},"25":{"start":{"line":60,"column":8},"end":{"line":60,"column":88}},"26":{"start":{"line":64,"column":4},"end":{"line":66,"column":5}},"27":{"start":{"line":65,"column":8},"end":{"line":65,"column":75}},"28":{"start":{"line":67,"column":4},"end":{"line":67,"column":45}},"29":{"start":{"line":70,"column":4},"end":{"line":71,"column":23}},"30":{"start":{"line":71,"column":8},"end":{"line":71,"column":23}},"31":{"start":{"line":72,"column":23},"end":{"line":72,"column":49}},"32":{"start":{"line":73,"column":4},"end":{"line":75,"column":5}},"33":{"start":{"line":74,"column":8},"end":{"line":74,"column":71}},"34":{"start":{"line":76,"column":4},"end":{"line":76,"column":22}},"35":{"start":{"line":79,"column":4},"end":{"line":80,"column":28}},"36":{"start":{"line":80,"column":8},"end":{"line":80,"column":28}},"37":{"start":{"line":81,"column":23},"end":{"line":81,"column":49}},"38":{"start":{"line":82,"column":4},"end":{"line":84,"column":5}},"39":{"start":{"line":83,"column":8},"end":{"line":83,"column":66}},"40":{"start":{"line":85,"column":4},"end":{"line":85,"column":22}},"41":{"start":{"line":88,"column":4},"end":{"line":89,"column":28}},"42":{"start":{"line":89,"column":8},"end":{"line":89,"column":28}},"43":{"start":{"line":90,"column":23},"end":{"line":90,"column":49}},"44":{"start":{"line":91,"column":4},"end":{"line":93,"column":5}},"45":{"start":{"line":92,"column":8},"end":{"line":92,"column":122}},"46":{"start":{"line":94,"column":4},"end":{"line":94,"column":22}},"47":{"start":{"line":97,"column":4},"end":{"line":98,"column":60}},"48":{"start":{"line":98,"column":8},"end":{"line":98,"column":60}},"49":{"start":{"line":99,"column":23},"end":{"line":99,"column":49}},"50":{"start":{"line":100,"column":4},"end":{"line":102,"column":5}},"51":{"start":{"line":101,"column":8},"end":{"line":101,"column":79}},"52":{"start":{"line":103,"column":4},"end":{"line":103,"column":22}},"53":{"start":{"line":106,"column":4},"end":{"line":107,"column":25}},"54":{"start":{"line":107,"column":8},"end":{"line":107,"column":25}},"55":{"start":{"line":108,"column":14},"end":{"line":108,"column":33}},"56":{"start":{"line":109,"column":4},"end":{"line":111,"column":5}},"57":{"start":{"line":110,"column":8},"end":{"line":110,"column":99}},"58":{"start":{"line":112,"column":4},"end":{"line":112,"column":13}},"59":{"start":{"line":115,"column":4},"end":{"line":116,"column":20}},"60":{"start":{"line":116,"column":8},"end":{"line":116,"column":20}},"61":{"start":{"line":117,"column":23},"end":{"line":117,"column":49}},"62":{"start":{"line":118,"column":4},"end":{"line":119,"column":20}},"63":{"start":{"line":119,"column":8},"end":{"line":119,"column":20}},"64":{"start":{"line":120,"column":4},"end":{"line":125,"column":5}},"65":{"start":{"line":121,"column":18},"end":{"line":121,"column":38}},"66":{"start":{"line":122,"column":8},"end":{"line":123,"column":70}},"67":{"start":{"line":123,"column":12},"end":{"line":123,"column":70}},"68":{"start":{"line":124,"column":8},"end":{"line":124,"column":17}},"69":{"start":{"line":126,"column":19},"end":{"line":126,"column":61}},"70":{"start":{"line":127,"column":16},"end":{"line":127,"column":17}},"71":{"start":{"line":128,"column":14},"end":{"line":128,"column":15}},"72":{"start":{"line":129,"column":4},"end":{"line":138,"column":5}},"73":{"start":{"line":130,"column":8},"end":{"line":132,"column":9}},"74":{"start":{"line":131,"column":12},"end":{"line":131,"column":70}},"75":{"start":{"line":133,"column":23},"end":{"line":133,"column":41}},"76":{"start":{"line":134,"column":21},"end":{"line":134,"column":29}},"77":{"start":{"line":135,"column":27},"end":{"line":135,"column":61}},"78":{"start":{"line":136,"column":8},"end":{"line":136,"column":43}},"79":{"start":{"line":137,"column":8},"end":{"line":137,"column":31}},"80":{"start":{"line":139,"column":4},"end":{"line":141,"column":5}},"81":{"start":{"line":140,"column":8},"end":{"line":140,"column":66}},"82":{"start":{"line":142,"column":4},"end":{"line":142,"column":17}},"83":{"start":{"line":145,"column":17},"end":{"line":145,"column":28}},"84":{"start":{"line":146,"column":19},"end":{"line":146,"column":60}},"85":{"start":{"line":147,"column":4},"end":{"line":151,"column":5}},"86":{"start":{"line":148,"column":20},"end":{"line":148,"column":84}},"87":{"start":{"line":149,"column":8},"end":{"line":150,"column":30}},"88":{"start":{"line":150,"column":12},"end":{"line":150,"column":30}},"89":{"start":{"line":152,"column":21},"end":{"line":152,"column":46}},"90":{"start":{"line":153,"column":4},"end":{"line":154,"column":27}},"91":{"start":{"line":154,"column":8},"end":{"line":154,"column":27}},"92":{"start":{"line":155,"column":4},"end":{"line":156,"column":31}},"93":{"start":{"line":156,"column":8},"end":{"line":156,"column":31}},"94":{"start":{"line":157,"column":4},"end":{"line":158,"column":28}},"95":{"start":{"line":158,"column":8},"end":{"line":158,"column":28}},"96":{"start":{"line":159,"column":4},"end":{"line":160,"column":24}},"97":{"start":{"line":160,"column":8},"end":{"line":160,"column":24}},"98":{"start":{"line":161,"column":4},"end":{"line":161,"column":34}},"99":{"start":{"line":164,"column":4},"end":{"line":165,"column":18}},"100":{"start":{"line":165,"column":8},"end":{"line":165,"column":18}},"101":{"start":{"line":166,"column":4},"end":{"line":168,"column":5}},"102":{"start":{"line":167,"column":8},"end":{"line":167,"column":84}},"103":{"start":{"line":167,"column":56},"end":{"line":167,"column":64}},"104":{"start":{"line":169,"column":4},"end":{"line":172,"column":5}},"105":{"start":{"line":170,"column":20},"end":{"line":170,"column":41}},"106":{"start":{"line":171,"column":8},"end":{"line":171,"column":32}},"107":{"start":{"line":173,"column":20},"end":{"line":184,"column":6}},"108":{"start":{"line":173,"column":29},"end":{"line":184,"column":6}},"109":{"start":{"line":174,"column":8},"end":{"line":175,"column":22}},"110":{"start":{"line":175,"column":12},"end":{"line":175,"column":22}},"111":{"start":{"line":176,"column":8},"end":{"line":179,"column":9}},"112":{"start":{"line":177,"column":28},"end":{"line":177,"column":36}},"113":{"start":{"line":178,"column":12},"end":{"line":178,"column":44}},"114":{"start":{"line":180,"column":8},"end":{"line":181,"column":30}},"115":{"start":{"line":181,"column":12},"end":{"line":181,"column":30}},"116":{"start":{"line":182,"column":20},"end":{"line":182,"column":36}},"117":{"start":{"line":183,"column":8},"end":{"line":183,"column":32}},"118":{"start":{"line":185,"column":4},"end":{"line":185,"column":57}},"119":{"start":{"line":188,"column":21},"end":{"line":188,"column":36}},"120":{"start":{"line":189,"column":4},"end":{"line":189,"column":52}},"121":{"start":{"line":189,"column":34},"end":{"line":189,"column":50}},"122":{"start":{"line":192,"column":18},"end":{"line":192,"column":44}},"123":{"start":{"line":193,"column":4},"end":{"line":194,"column":18}},"124":{"start":{"line":194,"column":8},"end":{"line":194,"column":18}},"125":{"start":{"line":195,"column":20},"end":{"line":195,"column":40}},"126":{"start":{"line":196,"column":4},"end":{"line":201,"column":7}},"127":{"start":{"line":197,"column":21},"end":{"line":197,"column":34}},"128":{"start":{"line":198,"column":20},"end":{"line":198,"column":22}},"129":{"start":{"line":199,"column":8},"end":{"line":199,"column":63}},"130":{"start":{"line":199,"column":36},"end":{"line":199,"column":59}},"131":{"start":{"line":200,"column":8},"end":{"line":200,"column":19}},"132":{"start":{"line":204,"column":18},"end":{"line":204,"column":44}},"133":{"start":{"line":205,"column":4},"end":{"line":205,"column":80}},"134":{"start":{"line":205,"column":59},"end":{"line":205,"column":67}},"135":{"start":{"line":208,"column":4},"end":{"line":210,"column":5}},"136":{"start":{"line":209,"column":8},"end":{"line":209,"column":70}},"137":{"start":{"line":211,"column":16},"end":{"line":211,"column":21}},"138":{"start":{"line":212,"column":21},"end":{"line":212,"column":190}},"139":{"start":{"line":213,"column":4},"end":{"line":217,"column":5}},"140":{"start":{"line":214,"column":8},"end":{"line":216,"column":9}},"141":{"start":{"line":215,"column":12},"end":{"line":215,"column":90}},"142":{"start":{"line":218,"column":29},"end":{"line":218,"column":85}},"143":{"start":{"line":219,"column":4},"end":{"line":221,"column":5}},"144":{"start":{"line":220,"column":8},"end":{"line":220,"column":86}},"145":{"start":{"line":222,"column":27},"end":{"line":222,"column":67}},"146":{"start":{"line":223,"column":4},"end":{"line":225,"column":5}},"147":{"start":{"line":224,"column":8},"end":{"line":224,"column":79}},"148":{"start":{"line":226,"column":19},"end":{"line":226,"column":29}},"149":{"start":{"line":227,"column":4},"end":{"line":229,"column":5}},"150":{"start":{"line":228,"column":8},"end":{"line":228,"column":90}},"151":{"start":{"line":230,"column":4},"end":{"line":232,"column":5}},"152":{"start":{"line":231,"column":8},"end":{"line":231,"column":78}},"153":{"start":{"line":233,"column":18},"end":{"line":233,"column":27}},"154":{"start":{"line":234,"column":4},"end":{"line":236,"column":5}},"155":{"start":{"line":235,"column":8},"end":{"line":235,"column":117}},"156":{"start":{"line":237,"column":4},"end":{"line":239,"column":5}},"157":{"start":{"line":238,"column":8},"end":{"line":238,"column":78}},"158":{"start":{"line":240,"column":18},"end":{"line":240,"column":27}},"159":{"start":{"line":241,"column":4},"end":{"line":243,"column":5}},"160":{"start":{"line":242,"column":8},"end":{"line":242,"column":129}},"161":{"start":{"line":244,"column":4},"end":{"line":247,"column":6}},"162":{"start":{"line":250,"column":17},"end":{"line":250,"column":66}},"163":{"start":{"line":251,"column":4},"end":{"line":251,"column":78}},"164":{"start":{"line":254,"column":22},"end":{"line":254,"column":42}},"165":{"start":{"line":255,"column":4},"end":{"line":257,"column":5}},"166":{"start":{"line":256,"column":8},"end":{"line":256,"column":20}},"167":{"start":{"line":258,"column":4},"end":{"line":264,"column":5}},"168":{"start":{"line":259,"column":24},"end":{"line":259,"column":56}},"169":{"start":{"line":260,"column":8},"end":{"line":260,"column":35}},"170":{"start":{"line":263,"column":8},"end":{"line":263,"column":20}},"171":{"start":{"line":267,"column":20},"end":{"line":267,"column":45}},"172":{"start":{"line":268,"column":23},"end":{"line":271,"column":5}},"173":{"start":{"line":272,"column":4},"end":{"line":272,"column":73}},"174":{"start":{"line":272,"column":42},"end":{"line":272,"column":63}},"175":{"start":{"line":275,"column":4},"end":{"line":283,"column":5}},"176":{"start":{"line":276,"column":27},"end":{"line":276,"column":49}},"177":{"start":{"line":277,"column":8},"end":{"line":278,"column":24}},"178":{"start":{"line":278,"column":12},"end":{"line":278,"column":24}},"179":{"start":{"line":279,"column":8},"end":{"line":279,"column":121}},"180":{"start":{"line":282,"column":8},"end":{"line":282,"column":20}},"181":{"start":{"line":286,"column":4},"end":{"line":298,"column":5}},"182":{"start":{"line":287,"column":23},"end":{"line":287,"column":43}},"183":{"start":{"line":288,"column":8},"end":{"line":289,"column":24}},"184":{"start":{"line":289,"column":12},"end":{"line":289,"column":24}},"185":{"start":{"line":290,"column":28},"end":{"line":290,"column":92}},"186":{"start":{"line":291,"column":8},"end":{"line":293,"column":9}},"187":{"start":{"line":292,"column":12},"end":{"line":292,"column":68}},"188":{"start":{"line":294,"column":8},"end":{"line":294,"column":20}},"189":{"start":{"line":297,"column":8},"end":{"line":297,"column":20}},"190":{"start":{"line":301,"column":4},"end":{"line":318,"column":5}},"191":{"start":{"line":302,"column":23},"end":{"line":302,"column":43}},"192":{"start":{"line":303,"column":8},"end":{"line":304,"column":24}},"193":{"start":{"line":304,"column":12},"end":{"line":304,"column":24}},"194":{"start":{"line":305,"column":28},"end":{"line":305,"column":92}},"195":{"start":{"line":306,"column":8},"end":{"line":307,"column":24}},"196":{"start":{"line":307,"column":12},"end":{"line":307,"column":24}},"197":{"start":{"line":308,"column":24},"end":{"line":308,"column":58}},"198":{"start":{"line":309,"column":20},"end":{"line":309,"column":39}},"199":{"start":{"line":310,"column":8},"end":{"line":314,"column":10}},"200":{"start":{"line":317,"column":8},"end":{"line":317,"column":20}}},"fnMap":{"0":{"name":"(anonymous_0)","decl":{"start":{"line":7,"column":4},"end":{"line":7,"column":5}},"loc":{"start":{"line":7,"column":25},"end":{"line":10,"column":5}},"line":7},"1":{"name":"printJson","decl":{"start":{"line":12,"column":16},"end":{"line":12,"column":25}},"loc":{"start":{"line":12,"column":35},"end":{"line":14,"column":1}},"line":12},"2":{"name":"sanitizeForTerminal","decl":{"start":{"line":15,"column":16},"end":{"line":15,"column":35}},"loc":{"start":{"line":15,"column":43},"end":{"line":24,"column":1}},"line":15},"3":{"name":"(anonymous_3)","decl":{"start":{"line":16,"column":58},"end":{"line":16,"column":59}},"loc":{"start":{"line":16,"column":68},"end":{"line":23,"column":5}},"line":16},"4":{"name":"utcNow","decl":{"start":{"line":25,"column":16},"end":{"line":25,"column":22}},"loc":{"start":{"line":25,"column":25},"end":{"line":27,"column":1}},"line":25},"5":{"name":"resolveRepo","decl":{"start":{"line":28,"column":16},"end":{"line":28,"column":27}},"loc":{"start":{"line":28,"column":34},"end":{"line":30,"column":1}},"line":28},"6":{"name":"ensureParent","decl":{"start":{"line":31,"column":16},"end":{"line":31,"column":28}},"loc":{"start":{"line":31,"column":39},"end":{"line":33,"column":1}},"line":31},"7":{"name":"atomicWriteText","decl":{"start":{"line":34,"column":9},"end":{"line":34,"column":24}},"loc":{"start":{"line":34,"column":44},"end":{"line":48,"column":1}},"line":34},"8":{"name":"atomicWriteJson","decl":{"start":{"line":49,"column":16},"end":{"line":49,"column":31}},"loc":{"start":{"line":49,"column":51},"end":{"line":51,"column":1}},"line":49},"9":{"name":"readJsonFile","decl":{"start":{"line":52,"column":16},"end":{"line":52,"column":28}},"loc":{"start":{"line":52,"column":39},"end":{"line":62,"column":1}},"line":52},"10":{"name":"resolvePath","decl":{"start":{"line":63,"column":16},"end":{"line":63,"column":27}},"loc":{"start":{"line":63,"column":54},"end":{"line":68,"column":1}},"line":63},"11":{"name":"normalizeDirection","decl":{"start":{"line":69,"column":16},"end":{"line":69,"column":34}},"loc":{"start":{"line":69,"column":42},"end":{"line":77,"column":1}},"line":69},"12":{"name":"normalizeMode","decl":{"start":{"line":78,"column":16},"end":{"line":78,"column":29}},"loc":{"start":{"line":78,"column":37},"end":{"line":86,"column":1}},"line":78},"13":{"name":"normalizeOperatingMode","decl":{"start":{"line":87,"column":16},"end":{"line":87,"column":38}},"loc":{"start":{"line":87,"column":46},"end":{"line":95,"column":1}},"line":87},"14":{"name":"normalizeResultStatus","decl":{"start":{"line":96,"column":16},"end":{"line":96,"column":37}},"loc":{"start":{"line":96,"column":56},"end":{"line":104,"column":1}},"line":96},"15":{"name":"parsePositiveInt","decl":{"start":{"line":105,"column":16},"end":{"line":105,"column":32}},"loc":{"start":{"line":105,"column":51},"end":{"line":113,"column":1}},"line":105},"16":{"name":"parseDurationSeconds","decl":{"start":{"line":114,"column":16},"end":{"line":114,"column":36}},"loc":{"start":{"line":114,"column":44},"end":{"line":143,"column":1}},"line":114},"17":{"name":"inferVerifyCommand","decl":{"start":{"line":144,"column":16},"end":{"line":144,"column":34}},"loc":{"start":{"line":144,"column":41},"end":{"line":162,"column":1}},"line":144},"18":{"name":"normalizeLabels","decl":{"start":{"line":163,"column":16},"end":{"line":163,"column":31}},"loc":{"start":{"line":163,"column":40},"end":{"line":186,"column":1}},"line":163},"19":{"name":"(anonymous_19)","decl":{"start":{"line":167,"column":49},"end":{"line":167,"column":50}},"loc":{"start":{"line":167,"column":56},"end":{"line":167,"column":64}},"line":167},"20":{"name":"(anonymous_20)","decl":{"start":{"line":173,"column":20},"end":{"line":173,"column":21}},"loc":{"start":{"line":173,"column":29},"end":{"line":184,"column":6}},"line":173},"21":{"name":"(anonymous_21)","decl":{"start":{"line":173,"column":41},"end":{"line":173,"column":42}},"loc":{"start":{"line":173,"column":48},"end":{"line":184,"column":5}},"line":173},"22":{"name":"missingRequiredLabels","decl":{"start":{"line":187,"column":16},"end":{"line":187,"column":37}},"loc":{"start":{"line":187,"column":56},"end":{"line":190,"column":1}},"line":187},"23":{"name":"(anonymous_23)","decl":{"start":{"line":189,"column":27},"end":{"line":189,"column":28}},"loc":{"start":{"line":189,"column":34},"end":{"line":189,"column":50}},"line":189},"24":{"name":"parseTsvFile","decl":{"start":{"line":191,"column":16},"end":{"line":191,"column":28}},"loc":{"start":{"line":191,"column":38},"end":{"line":202,"column":1}},"line":191},"25":{"name":"(anonymous_25)","decl":{"start":{"line":196,"column":46},"end":{"line":196,"column":47}},"loc":{"start":{"line":196,"column":53},"end":{"line":201,"column":5}},"line":196},"26":{"name":"(anonymous_26)","decl":{"start":{"line":199,"column":24},"end":{"line":199,"column":25}},"loc":{"start":{"line":199,"column":34},"end":{"line":199,"column":61}},"line":199},"27":{"name":"countTsvDataRows","decl":{"start":{"line":203,"column":16},"end":{"line":203,"column":32}},"loc":{"start":{"line":203,"column":42},"end":{"line":206,"column":1}},"line":203},"28":{"name":"(anonymous_28)","decl":{"start":{"line":205,"column":52},"end":{"line":205,"column":53}},"loc":{"start":{"line":205,"column":59},"end":{"line":205,"column":67}},"line":205},"29":{"name":"parseRunState","decl":{"start":{"line":207,"column":16},"end":{"line":207,"column":29}},"loc":{"start":{"line":207,"column":37},"end":{"line":248,"column":1}},"line":207},"30":{"name":"getUpdateCachePath","decl":{"start":{"line":249,"column":16},"end":{"line":249,"column":34}},"loc":{"start":{"line":249,"column":37},"end":{"line":252,"column":1}},"line":249},"31":{"name":"readUpdateCache","decl":{"start":{"line":253,"column":16},"end":{"line":253,"column":31}},"loc":{"start":{"line":253,"column":34},"end":{"line":265,"column":1}},"line":253},"32":{"name":"getBundledNpmCliPath","decl":{"start":{"line":266,"column":9},"end":{"line":266,"column":29}},"loc":{"start":{"line":266,"column":32},"end":{"line":273,"column":1}},"line":266},"33":{"name":"(anonymous_33)","decl":{"start":{"line":272,"column":27},"end":{"line":272,"column":28}},"loc":{"start":{"line":272,"column":42},"end":{"line":272,"column":63}},"line":272},"34":{"name":"getGlobalNpmPrefix","decl":{"start":{"line":274,"column":16},"end":{"line":274,"column":34}},"loc":{"start":{"line":274,"column":37},"end":{"line":284,"column":1}},"line":274},"35":{"name":"getInstalledPackagePath","decl":{"start":{"line":285,"column":16},"end":{"line":285,"column":39}},"loc":{"start":{"line":285,"column":53},"end":{"line":299,"column":1}},"line":285},"36":{"name":"getInstalledPackageInfo","decl":{"start":{"line":300,"column":16},"end":{"line":300,"column":39}},"loc":{"start":{"line":300,"column":53},"end":{"line":319,"column":1}},"line":300}},"branchMap":{"0":{"loc":{"start":{"line":17,"column":8},"end":{"line":22,"column":9}},"type":"switch","locations":[{"start":{"line":18,"column":12},"end":{"line":18,"column":36}},{"start":{"line":19,"column":12},"end":{"line":19,"column":36}},{"start":{"line":20,"column":12},"end":{"line":20,"column":36}},{"start":{"line":21,"column":12},"end":{"line":21,"column":85}}],"line":17},"1":{"loc":{"start":{"line":29,"column":11},"end":{"line":29,"column":32}},"type":"binary-expr","locations":[{"start":{"line":29,"column":11},"end":{"line":29,"column":15}},{"start":{"line":29,"column":19},"end":{"line":29,"column":32}}],"line":29},"2":{"loc":{"start":{"line":53,"column":4},"end":{"line":55,"column":5}},"type":"if","locations":[{"start":{"line":53,"column":4},"end":{"line":55,"column":5}},{"start":{},"end":{}}],"line":53},"3":{"loc":{"start":{"line":64,"column":4},"end":{"line":66,"column":5}},"type":"if","locations":[{"start":{"line":64,"column":4},"end":{"line":66,"column":5}},{"start":{},"end":{}}],"line":64},"4":{"loc":{"start":{"line":65,"column":15},"end":{"line":65,"column":74}},"type":"cond-expr","locations":[{"start":{"line":65,"column":39},"end":{"line":65,"column":44}},{"start":{"line":65,"column":47},"end":{"line":65,"column":74}}],"line":65},"5":{"loc":{"start":{"line":65,"column":55},"end":{"line":65,"column":66}},"type":"binary-expr","locations":[{"start":{"line":65,"column":55},"end":{"line":65,"column":59}},{"start":{"line":65,"column":63},"end":{"line":65,"column":66}}],"line":65},"6":{"loc":{"start":{"line":67,"column":19},"end":{"line":67,"column":30}},"type":"binary-expr","locations":[{"start":{"line":67,"column":19},"end":{"line":67,"column":23}},{"start":{"line":67,"column":27},"end":{"line":67,"column":30}}],"line":67},"7":{"loc":{"start":{"line":70,"column":4},"end":{"line":71,"column":23}},"type":"if","locations":[{"start":{"line":70,"column":4},"end":{"line":71,"column":23}},{"start":{},"end":{}}],"line":70},"8":{"loc":{"start":{"line":73,"column":4},"end":{"line":75,"column":5}},"type":"if","locations":[{"start":{"line":73,"column":4},"end":{"line":75,"column":5}},{"start":{},"end":{}}],"line":73},"9":{"loc":{"start":{"line":73,"column":8},"end":{"line":73,"column":57}},"type":"binary-expr","locations":[{"start":{"line":73,"column":8},"end":{"line":73,"column":30}},{"start":{"line":73,"column":34},"end":{"line":73,"column":57}}],"line":73},"10":{"loc":{"start":{"line":79,"column":4},"end":{"line":80,"column":28}},"type":"if","locations":[{"start":{"line":79,"column":4},"end":{"line":80,"column":28}},{"start":{},"end":{}}],"line":79},"11":{"loc":{"start":{"line":82,"column":4},"end":{"line":84,"column":5}},"type":"if","locations":[{"start":{"line":82,"column":4},"end":{"line":84,"column":5}},{"start":{},"end":{}}],"line":82},"12":{"loc":{"start":{"line":82,"column":8},"end":{"line":82,"column":66}},"type":"binary-expr","locations":[{"start":{"line":82,"column":8},"end":{"line":82,"column":35}},{"start":{"line":82,"column":39},"end":{"line":82,"column":66}}],"line":82},"13":{"loc":{"start":{"line":88,"column":4},"end":{"line":89,"column":28}},"type":"if","locations":[{"start":{"line":88,"column":4},"end":{"line":89,"column":28}},{"start":{},"end":{}}],"line":88},"14":{"loc":{"start":{"line":91,"column":4},"end":{"line":93,"column":5}},"type":"if","locations":[{"start":{"line":91,"column":4},"end":{"line":93,"column":5}},{"start":{},"end":{}}],"line":91},"15":{"loc":{"start":{"line":91,"column":8},"end":{"line":91,"column":95}},"type":"binary-expr","locations":[{"start":{"line":91,"column":8},"end":{"line":91,"column":33}},{"start":{"line":91,"column":37},"end":{"line":91,"column":64}},{"start":{"line":91,"column":68},"end":{"line":91,"column":95}}],"line":91},"16":{"loc":{"start":{"line":97,"column":4},"end":{"line":98,"column":60}},"type":"if","locations":[{"start":{"line":97,"column":4},"end":{"line":98,"column":60}},{"start":{},"end":{}}],"line":97},"17":{"loc":{"start":{"line":100,"column":4},"end":{"line":102,"column":5}},"type":"if","locations":[{"start":{"line":100,"column":4},"end":{"line":102,"column":5}},{"start":{},"end":{}}],"line":100},"18":{"loc":{"start":{"line":106,"column":4},"end":{"line":107,"column":25}},"type":"if","locations":[{"start":{"line":106,"column":4},"end":{"line":107,"column":25}},{"start":{},"end":{}}],"line":106},"19":{"loc":{"start":{"line":109,"column":4},"end":{"line":111,"column":5}},"type":"if","locations":[{"start":{"line":109,"column":4},"end":{"line":111,"column":5}},{"start":{},"end":{}}],"line":109},"20":{"loc":{"start":{"line":109,"column":8},"end":{"line":109,"column":26}},"type":"binary-expr","locations":[{"start":{"line":109,"column":8},"end":{"line":109,"column":16}},{"start":{"line":109,"column":20},"end":{"line":109,"column":26}}],"line":109},"21":{"loc":{"start":{"line":115,"column":4},"end":{"line":116,"column":20}},"type":"if","locations":[{"start":{"line":115,"column":4},"end":{"line":116,"column":20}},{"start":{},"end":{}}],"line":115},"22":{"loc":{"start":{"line":118,"column":4},"end":{"line":119,"column":20}},"type":"if","locations":[{"start":{"line":118,"column":4},"end":{"line":119,"column":20}},{"start":{},"end":{}}],"line":118},"23":{"loc":{"start":{"line":120,"column":4},"end":{"line":125,"column":5}},"type":"if","locations":[{"start":{"line":120,"column":4},"end":{"line":125,"column":5}},{"start":{},"end":{}}],"line":120},"24":{"loc":{"start":{"line":122,"column":8},"end":{"line":123,"column":70}},"type":"if","locations":[{"start":{"line":122,"column":8},"end":{"line":123,"column":70}},{"start":{},"end":{}}],"line":122},"25":{"loc":{"start":{"line":130,"column":8},"end":{"line":132,"column":9}},"type":"if","locations":[{"start":{"line":130,"column":8},"end":{"line":132,"column":9}},{"start":{},"end":{}}],"line":130},"26":{"loc":{"start":{"line":139,"column":4},"end":{"line":141,"column":5}},"type":"if","locations":[{"start":{"line":139,"column":4},"end":{"line":141,"column":5}},{"start":{},"end":{}}],"line":139},"27":{"loc":{"start":{"line":139,"column":8},"end":{"line":139,"column":47}},"type":"binary-expr","locations":[{"start":{"line":139,"column":8},"end":{"line":139,"column":33}},{"start":{"line":139,"column":37},"end":{"line":139,"column":47}}],"line":139},"28":{"loc":{"start":{"line":145,"column":17},"end":{"line":145,"column":28}},"type":"binary-expr","locations":[{"start":{"line":145,"column":17},"end":{"line":145,"column":21}},{"start":{"line":145,"column":25},"end":{"line":145,"column":28}}],"line":145},"29":{"loc":{"start":{"line":147,"column":4},"end":{"line":151,"column":5}},"type":"if","locations":[{"start":{"line":147,"column":4},"end":{"line":151,"column":5}},{"start":{},"end":{}}],"line":147},"30":{"loc":{"start":{"line":149,"column":8},"end":{"line":150,"column":30}},"type":"if","locations":[{"start":{"line":149,"column":8},"end":{"line":150,"column":30}},{"start":{},"end":{}}],"line":149},"31":{"loc":{"start":{"line":153,"column":4},"end":{"line":154,"column":27}},"type":"if","locations":[{"start":{"line":153,"column":4},"end":{"line":154,"column":27}},{"start":{},"end":{}}],"line":153},"32":{"loc":{"start":{"line":155,"column":4},"end":{"line":156,"column":31}},"type":"if","locations":[{"start":{"line":155,"column":4},"end":{"line":156,"column":31}},{"start":{},"end":{}}],"line":155},"33":{"loc":{"start":{"line":157,"column":4},"end":{"line":158,"column":28}},"type":"if","locations":[{"start":{"line":157,"column":4},"end":{"line":158,"column":28}},{"start":{},"end":{}}],"line":157},"34":{"loc":{"start":{"line":159,"column":4},"end":{"line":160,"column":24}},"type":"if","locations":[{"start":{"line":159,"column":4},"end":{"line":160,"column":24}},{"start":{},"end":{}}],"line":159},"35":{"loc":{"start":{"line":159,"column":8},"end":{"line":159,"column":85}},"type":"binary-expr","locations":[{"start":{"line":159,"column":8},"end":{"line":159,"column":47}},{"start":{"line":159,"column":51},"end":{"line":159,"column":85}}],"line":159},"36":{"loc":{"start":{"line":164,"column":4},"end":{"line":165,"column":18}},"type":"if","locations":[{"start":{"line":164,"column":4},"end":{"line":165,"column":18}},{"start":{},"end":{}}],"line":164},"37":{"loc":{"start":{"line":166,"column":4},"end":{"line":168,"column":5}},"type":"if","locations":[{"start":{"line":166,"column":4},"end":{"line":168,"column":5}},{"start":{},"end":{}}],"line":166},"38":{"loc":{"start":{"line":169,"column":4},"end":{"line":172,"column":5}},"type":"if","locations":[{"start":{"line":169,"column":4},"end":{"line":172,"column":5}},{"start":{},"end":{}}],"line":169},"39":{"loc":{"start":{"line":171,"column":15},"end":{"line":171,"column":31}},"type":"cond-expr","locations":[{"start":{"line":171,"column":21},"end":{"line":171,"column":26}},{"start":{"line":171,"column":29},"end":{"line":171,"column":31}}],"line":171},"40":{"loc":{"start":{"line":174,"column":8},"end":{"line":175,"column":22}},"type":"if","locations":[{"start":{"line":174,"column":8},"end":{"line":175,"column":22}},{"start":{},"end":{}}],"line":174},"41":{"loc":{"start":{"line":176,"column":8},"end":{"line":179,"column":9}},"type":"if","locations":[{"start":{"line":176,"column":8},"end":{"line":179,"column":9}},{"start":{},"end":{}}],"line":176},"42":{"loc":{"start":{"line":178,"column":19},"end":{"line":178,"column":43}},"type":"cond-expr","locations":[{"start":{"line":178,"column":29},"end":{"line":178,"column":38}},{"start":{"line":178,"column":41},"end":{"line":178,"column":43}}],"line":178},"43":{"loc":{"start":{"line":180,"column":8},"end":{"line":181,"column":30}},"type":"if","locations":[{"start":{"line":180,"column":8},"end":{"line":181,"column":30}},{"start":{},"end":{}}],"line":180},"44":{"loc":{"start":{"line":183,"column":15},"end":{"line":183,"column":31}},"type":"cond-expr","locations":[{"start":{"line":183,"column":21},"end":{"line":183,"column":26}},{"start":{"line":183,"column":29},"end":{"line":183,"column":31}}],"line":183},"45":{"loc":{"start":{"line":193,"column":4},"end":{"line":194,"column":18}},"type":"if","locations":[{"start":{"line":193,"column":4},"end":{"line":194,"column":18}},{"start":{},"end":{}}],"line":193},"46":{"loc":{"start":{"line":199,"column":45},"end":{"line":199,"column":58}},"type":"binary-expr","locations":[{"start":{"line":199,"column":45},"end":{"line":199,"column":52}},{"start":{"line":199,"column":56},"end":{"line":199,"column":58}}],"line":199},"47":{"loc":{"start":{"line":205,"column":11},"end":{"line":205,"column":79}},"type":"cond-expr","locations":[{"start":{"line":205,"column":30},"end":{"line":205,"column":75}},{"start":{"line":205,"column":78},"end":{"line":205,"column":79}}],"line":205},"48":{"loc":{"start":{"line":208,"column":4},"end":{"line":210,"column":5}},"type":"if","locations":[{"start":{"line":208,"column":4},"end":{"line":210,"column":5}},{"start":{},"end":{}}],"line":208},"49":{"loc":{"start":{"line":208,"column":8},"end":{"line":208,"column":51}},"type":"binary-expr","locations":[{"start":{"line":208,"column":8},"end":{"line":208,"column":33}},{"start":{"line":208,"column":37},"end":{"line":208,"column":51}}],"line":208},"50":{"loc":{"start":{"line":214,"column":8},"end":{"line":216,"column":9}},"type":"if","locations":[{"start":{"line":214,"column":8},"end":{"line":216,"column":9}},{"start":{},"end":{}}],"line":214},"51":{"loc":{"start":{"line":218,"column":29},"end":{"line":218,"column":85}},"type":"cond-expr","locations":[{"start":{"line":218,"column":55},"end":{"line":218,"column":73}},{"start":{"line":218,"column":76},"end":{"line":218,"column":85}}],"line":218},"52":{"loc":{"start":{"line":219,"column":4},"end":{"line":221,"column":5}},"type":"if","locations":[{"start":{"line":219,"column":4},"end":{"line":221,"column":5}},{"start":{},"end":{}}],"line":219},"53":{"loc":{"start":{"line":219,"column":8},"end":{"line":219,"column":107}},"type":"binary-expr","locations":[{"start":{"line":219,"column":8},"end":{"line":219,"column":38}},{"start":{"line":219,"column":42},"end":{"line":219,"column":67}},{"start":{"line":219,"column":71},"end":{"line":219,"column":107}}],"line":219},"54":{"loc":{"start":{"line":223,"column":4},"end":{"line":225,"column":5}},"type":"if","locations":[{"start":{"line":223,"column":4},"end":{"line":225,"column":5}},{"start":{},"end":{}}],"line":223},"55":{"loc":{"start":{"line":223,"column":8},"end":{"line":223,"column":61}},"type":"binary-expr","locations":[{"start":{"line":223,"column":8},"end":{"line":223,"column":38}},{"start":{"line":223,"column":42},"end":{"line":223,"column":61}}],"line":223},"56":{"loc":{"start":{"line":227,"column":4},"end":{"line":229,"column":5}},"type":"if","locations":[{"start":{"line":227,"column":4},"end":{"line":229,"column":5}},{"start":{},"end":{}}],"line":227},"57":{"loc":{"start":{"line":227,"column":8},"end":{"line":227,"column":79}},"type":"binary-expr","locations":[{"start":{"line":227,"column":8},"end":{"line":227,"column":39}},{"start":{"line":227,"column":43},"end":{"line":227,"column":79}}],"line":227},"58":{"loc":{"start":{"line":230,"column":4},"end":{"line":232,"column":5}},"type":"if","locations":[{"start":{"line":230,"column":4},"end":{"line":232,"column":5}},{"start":{},"end":{}}],"line":230},"59":{"loc":{"start":{"line":230,"column":8},"end":{"line":230,"column":59}},"type":"binary-expr","locations":[{"start":{"line":230,"column":8},"end":{"line":230,"column":37}},{"start":{"line":230,"column":41},"end":{"line":230,"column":59}}],"line":230},"60":{"loc":{"start":{"line":234,"column":4},"end":{"line":236,"column":5}},"type":"if","locations":[{"start":{"line":234,"column":4},"end":{"line":236,"column":5}},{"start":{},"end":{}}],"line":234},"61":{"loc":{"start":{"line":234,"column":8},"end":{"line":234,"column":164}},"type":"binary-expr","locations":[{"start":{"line":234,"column":8},"end":{"line":234,"column":50}},{"start":{"line":234,"column":54},"end":{"line":234,"column":84}},{"start":{"line":234,"column":88},"end":{"line":234,"column":123}},{"start":{"line":234,"column":127},"end":{"line":234,"column":164}}],"line":234},"62":{"loc":{"start":{"line":237,"column":4},"end":{"line":239,"column":5}},"type":"if","locations":[{"start":{"line":237,"column":4},"end":{"line":239,"column":5}},{"start":{},"end":{}}],"line":237},"63":{"loc":{"start":{"line":237,"column":8},"end":{"line":237,"column":59}},"type":"binary-expr","locations":[{"start":{"line":237,"column":8},"end":{"line":237,"column":37}},{"start":{"line":237,"column":41},"end":{"line":237,"column":59}}],"line":237},"64":{"loc":{"start":{"line":241,"column":4},"end":{"line":243,"column":5}},"type":"if","locations":[{"start":{"line":241,"column":4},"end":{"line":243,"column":5}},{"start":{},"end":{}}],"line":241},"65":{"loc":{"start":{"line":241,"column":8},"end":{"line":241,"column":180}},"type":"binary-expr","locations":[{"start":{"line":241,"column":8},"end":{"line":241,"column":49}},{"start":{"line":241,"column":53},"end":{"line":241,"column":91}},{"start":{"line":241,"column":95},"end":{"line":241,"column":139}},{"start":{"line":241,"column":143},"end":{"line":241,"column":180}}],"line":241},"66":{"loc":{"start":{"line":250,"column":17},"end":{"line":250,"column":66}},"type":"binary-expr","locations":[{"start":{"line":250,"column":17},"end":{"line":250,"column":33}},{"start":{"line":250,"column":37},"end":{"line":250,"column":60}},{"start":{"line":250,"column":64},"end":{"line":250,"column":66}}],"line":250},"67":{"loc":{"start":{"line":255,"column":4},"end":{"line":257,"column":5}},"type":"if","locations":[{"start":{"line":255,"column":4},"end":{"line":257,"column":5}},{"start":{},"end":{}}],"line":255},"68":{"loc":{"start":{"line":272,"column":11},"end":{"line":272,"column":72}},"type":"binary-expr","locations":[{"start":{"line":272,"column":11},"end":{"line":272,"column":64}},{"start":{"line":272,"column":68},"end":{"line":272,"column":72}}],"line":272},"69":{"loc":{"start":{"line":277,"column":8},"end":{"line":278,"column":24}},"type":"if","locations":[{"start":{"line":277,"column":8},"end":{"line":278,"column":24}},{"start":{},"end":{}}],"line":277},"70":{"loc":{"start":{"line":288,"column":8},"end":{"line":289,"column":24}},"type":"if","locations":[{"start":{"line":288,"column":8},"end":{"line":289,"column":24}},{"start":{},"end":{}}],"line":288},"71":{"loc":{"start":{"line":291,"column":8},"end":{"line":293,"column":9}},"type":"if","locations":[{"start":{"line":291,"column":8},"end":{"line":293,"column":9}},{"start":{},"end":{}}],"line":291},"72":{"loc":{"start":{"line":303,"column":8},"end":{"line":304,"column":24}},"type":"if","locations":[{"start":{"line":303,"column":8},"end":{"line":304,"column":24}},{"start":{},"end":{}}],"line":303},"73":{"loc":{"start":{"line":306,"column":8},"end":{"line":307,"column":24}},"type":"if","locations":[{"start":{"line":306,"column":8},"end":{"line":307,"column":24}},{"start":{},"end":{}}],"line":306},"74":{"loc":{"start":{"line":313,"column":24},"end":{"line":313,"column":61}},"type":"binary-expr","locations":[{"start":{"line":313,"column":24},"end":{"line":313,"column":43}},{"start":{"line":313,"column":47},"end":{"line":313,"column":61}}],"line":313}},"s":{"0":82,"1":82,"2":3,"3":2,"4":5,"5":1,"6":1,"7":1,"8":2,"9":99,"10":152,"11":110,"12":57,"13":57,"14":57,"15":57,"16":57,"17":1,"18":1,"19":1,"20":57,"21":65,"22":1,"23":64,"24":64,"25":3,"26":1190,"27":1056,"28":134,"29":186,"30":152,"31":34,"32":34,"33":1,"34":33,"35":158,"36":149,"37":9,"38":9,"39":1,"40":8,"41":101,"42":64,"43":37,"44":37,"45":2,"46":35,"47":10,"48":2,"49":8,"50":8,"51":2,"52":6,"53":7,"54":3,"55":4,"56":4,"57":3,"58":1,"59":200,"60":176,"61":24,"62":24,"63":1,"64":23,"65":3,"66":3,"67":1,"68":2,"69":20,"70":20,"71":20,"72":20,"73":23,"74":3,"75":20,"76":20,"77":20,"78":20,"79":20,"80":17,"81":4,"82":13,"83":56,"84":56,"85":56,"86":45,"87":45,"88":44,"89":12,"90":12,"91":1,"92":11,"93":1,"94":10,"95":1,"96":9,"97":2,"98":7,"99":1462,"100":2,"101":1460,"102":7,"103":16,"104":1453,"105":2,"106":2,"107":1451,"108":1455,"109":6038,"110":2,"111":6036,"112":6030,"113":6030,"114":6,"115":4,"116":2,"117":2,"118":1451,"119":68,"120":68,"121":14,"122":11,"123":11,"124":2,"125":9,"126":9,"127":1009,"128":1009,"129":1009,"130":10019,"131":1009,"132":10,"133":10,"134":1015,"135":74,"136":2,"137":72,"138":72,"139":72,"140":995,"141":1,"142":71,"143":71,"144":1,"145":70,"146":69,"147":1,"148":68,"149":68,"150":1,"151":67,"152":1,"153":66,"154":66,"155":1,"156":65,"157":1,"158":64,"159":64,"160":1,"161":63,"162":0,"163":0,"164":0,"165":0,"166":0,"167":0,"168":0,"169":0,"170":0,"171":0,"172":0,"173":0,"174":0,"175":0,"176":0,"177":0,"178":0,"179":0,"180":0,"181":0,"182":0,"183":0,"184":0,"185":0,"186":0,"187":0,"188":0,"189":0,"190":0,"191":0,"192":0,"193":0,"194":0,"195":0,"196":0,"197":0,"198":0,"199":0,"200":0},"f":{"0":82,"1":3,"2":2,"3":5,"4":99,"5":152,"6":110,"7":57,"8":57,"9":65,"10":1190,"11":186,"12":158,"13":101,"14":10,"15":7,"16":200,"17":56,"18":1462,"19":16,"20":1455,"21":6038,"22":68,"23":14,"24":11,"25":1009,"26":10019,"27":10,"28":1015,"29":74,"30":0,"31":0,"32":0,"33":0,"34":0,"35":0,"36":0},"b":{"0":[1,1,1,2],"1":[152,41],"2":[1,64],"3":[1056,134],"4":[4,1052],"5":[1052,1000],"6":[134,1],"7":[152,34],"8":[1,33],"9":[34,13],"10":[149,9],"11":[1,8],"12":[9,5],"13":[64,37],"14":[2,35],"15":[37,35,3],"16":[2,8],"17":[2,6],"18":[3,4],"19":[3,1],"20":[4,3],"21":[176,24],"22":[1,23],"23":[3,20],"24":[1,2],"25":[3,20],"26":[4,13],"27":[17,14],"28":[56,37],"29":[45,11],"30":[44,1],"31":[1,11],"32":[1,10],"33":[1,9],"34":[2,7],"35":[9,8],"36":[2,1460],"37":[7,1453],"38":[2,1451],"39":[2,0],"40":[2,6036],"41":[6030,6],"42":[6029,1],"43":[4,2],"44":[2,0],"45":[2,9],"46":[10019,1],"47":[7,3],"48":[2,72],"49":[74,73],"50":[1,994],"51":[35,36],"52":[1,70],"53":[71,35,35],"54":[1,68],"55":[69,68],"56":[1,67],"57":[68,67],"58":[1,66],"59":[67,66],"60":[1,65],"61":[66,65,65,65],"62":[1,64],"63":[65,64],"64":[1,63],"65":[64,63,63,63],"66":[0,0,0],"67":[0,0],"68":[0,0],"69":[0,0],"70":[0,0],"71":[0,0],"72":[0,0],"73":[0,0],"74":[0,0]},"inputSourceMap":null,"_coverageSchema":"1a1c01bbd47fc00a2c39e90264f33305004495a9","hash":"8d9c659b55ec1b30a522d307cc244f44a44a00b8"}
,"/home/runner/work/AutoResearch/AutoResearch/dist/index.js": {"path":"/home/runner/work/AutoResearch/AutoResearch/dist/index.js","statementMap":{"0":{"start":{"line":5,"column":18},"end":{"line":5,"column":57}},"1":{"start":{"line":6,"column":18},"end":{"line":6,"column":28}},"2":{"start":{"line":7,"column":24},"end":{"line":7,"column":48}},"3":{"start":{"line":8,"column":23},"end":{"line":8,"column":30}},"4":{"start":{"line":10,"column":25},"end":{"line":10,"column":71}},"5":{"start":{"line":11,"column":4},"end":{"line":11,"column":66}},"6":{"start":{"line":14,"column":4},"end":{"line":14,"column":41}},"7":{"start":{"line":17,"column":35},"end":{"line":17,"column":88}},"8":{"start":{"line":18,"column":4},"end":{"line":18,"column":86}},"9":{"start":{"line":20,"column":21},"end":{"line":30,"column":1}},"10":{"start":{"line":32,"column":4},"end":{"line":50,"column":6}},"11":{"start":{"line":34,"column":12},"end":{"line":34,"column":50}},"12":{"start":{"line":35,"column":12},"end":{"line":35,"column":48}},"13":{"start":{"line":36,"column":12},"end":{"line":36,"column":60}},"14":{"start":{"line":37,"column":12},"end":{"line":39,"column":13}},"15":{"start":{"line":38,"column":16},"end":{"line":38,"column":51}},"16":{"start":{"line":40,"column":12},"end":{"line":45,"column":13}},"17":{"start":{"line":41,"column":33},"end":{"line":41,"column":60}},"18":{"start":{"line":42,"column":16},"end":{"line":44,"column":18}},"19":{"start":{"line":48,"column":12},"end":{"line":48,"column":29}}},"fnMap":{"0":{"name":"commandNameForPath","decl":{"start":{"line":9,"column":9},"end":{"line":9,"column":27}},"loc":{"start":{"line":9,"column":38},"end":{"line":12,"column":1}},"line":9},"1":{"name":"pathForTemplate","decl":{"start":{"line":13,"column":9},"end":{"line":13,"column":24}},"loc":{"start":{"line":13,"column":35},"end":{"line":15,"column":1}},"line":13},"2":{"name":"anchorTrustedSkillReferences","decl":{"start":{"line":16,"column":9},"end":{"line":16,"column":37}},"loc":{"start":{"line":16,"column":48},"end":{"line":19,"column":1}},"line":16},"3":{"name":"server","decl":{"start":{"line":31,"column":22},"end":{"line":31,"column":28}},"loc":{"start":{"line":31,"column":31},"end":{"line":51,"column":1}},"line":31},"4":{"name":"(anonymous_4)","decl":{"start":{"line":33,"column":8},"end":{"line":33,"column":9}},"loc":{"start":{"line":33,"column":23},"end":{"line":46,"column":9}},"line":33},"5":{"name":"(anonymous_5)","decl":{"start":{"line":47,"column":8},"end":{"line":47,"column":9}},"loc":{"start":{"line":47,"column":16},"end":{"line":49,"column":9}},"line":47}},"branchMap":{"0":{"loc":{"start":{"line":34,"column":29},"end":{"line":34,"column":49}},"type":"binary-expr","locations":[{"start":{"line":34,"column":29},"end":{"line":34,"column":43}},{"start":{"line":34,"column":47},"end":{"line":34,"column":49}}],"line":34},"1":{"loc":{"start":{"line":35,"column":28},"end":{"line":35,"column":47}},"type":"binary-expr","locations":[{"start":{"line":35,"column":28},"end":{"line":35,"column":41}},{"start":{"line":35,"column":45},"end":{"line":35,"column":47}}],"line":35},"2":{"loc":{"start":{"line":36,"column":34},"end":{"line":36,"column":59}},"type":"binary-expr","locations":[{"start":{"line":36,"column":34},"end":{"line":36,"column":53}},{"start":{"line":36,"column":57},"end":{"line":36,"column":59}}],"line":36},"3":{"loc":{"start":{"line":37,"column":12},"end":{"line":39,"column":13}},"type":"if","locations":[{"start":{"line":37,"column":12},"end":{"line":39,"column":13}},{"start":{},"end":{}}],"line":37}},"s":{"0":2,"1":2,"2":2,"3":2,"4":18,"5":18,"6":18,"7":18,"8":18,"9":2,"10":5,"11":2,"12":2,"13":2,"14":2,"15":1,"16":2,"17":18,"18":18,"19":3},"f":{"0":18,"1":18,"2":18,"3":5,"4":2,"5":3},"b":{"0":[2,2],"1":[2,1],"2":[2,1],"3":[1,1]},"inputSourceMap":null,"_coverageSchema":"1a1c01bbd47fc00a2c39e90264f33305004495a9","hash":"1303d867de77e838b640c01491065088a770f789"}
,"/home/runner/work/AutoResearch/AutoResearch/dist/memory-manager.js": {"path":"/home/runner/work/AutoResearch/AutoResearch/dist/memory-manager.js","statementMap":{"0":{"start":{"line":5,"column":4},"end":{"line":5,"column":86}},"1":{"start":{"line":8,"column":4},"end":{"line":12,"column":6}},"2":{"start":{"line":15,"column":4},"end":{"line":19,"column":6}},"3":{"start":{"line":22,"column":4},"end":{"line":31,"column":6}},"4":{"start":{"line":34,"column":26},"end":{"line":34,"column":85}},"5":{"start":{"line":34,"column":63},"end":{"line":34,"column":84}},"6":{"start":{"line":35,"column":4},"end":{"line":44,"column":5}},"7":{"start":{"line":36,"column":24},"end":{"line":36,"column":48}},"8":{"start":{"line":37,"column":8},"end":{"line":42,"column":10}},"9":{"start":{"line":43,"column":8},"end":{"line":43,"column":52}},"10":{"start":{"line":45,"column":16},"end":{"line":45,"column":24}},"11":{"start":{"line":46,"column":20},"end":{"line":54,"column":5}},"12":{"start":{"line":55,"column":4},"end":{"line":58,"column":6}},"13":{"start":{"line":61,"column":4},"end":{"line":61,"column":64}},"14":{"start":{"line":64,"column":25},"end":{"line":64,"column":27}},"15":{"start":{"line":65,"column":4},"end":{"line":78,"column":5}},"16":{"start":{"line":66,"column":22},"end":{"line":73,"column":9}},"17":{"start":{"line":74,"column":8},"end":{"line":74,"column":33}},"18":{"start":{"line":75,"column":8},"end":{"line":77,"column":9}},"19":{"start":{"line":76,"column":12},"end":{"line":76,"column":53}},"20":{"start":{"line":79,"column":4},"end":{"line":79,"column":35}},"21":{"start":{"line":82,"column":4},"end":{"line":82,"column":48}},"22":{"start":{"line":85,"column":16},"end":{"line":85,"column":24}},"23":{"start":{"line":86,"column":4},"end":{"line":95,"column":6}},"24":{"start":{"line":98,"column":25},"end":{"line":98,"column":27}},"25":{"start":{"line":99,"column":22},"end":{"line":99,"column":24}},"26":{"start":{"line":100,"column":22},"end":{"line":100,"column":24}},"27":{"start":{"line":101,"column":4},"end":{"line":108,"column":5}},"28":{"start":{"line":102,"column":8},"end":{"line":107,"column":9}},"29":{"start":{"line":103,"column":12},"end":{"line":103,"column":33}},"30":{"start":{"line":106,"column":12},"end":{"line":106,"column":33}},"31":{"start":{"line":109,"column":4},"end":{"line":111,"column":5}},"32":{"start":{"line":110,"column":8},"end":{"line":110,"column":43}},"33":{"start":{"line":112,"column":28},"end":{"line":112,"column":59}},"34":{"start":{"line":113,"column":16},"end":{"line":113,"column":24}},"35":{"start":{"line":114,"column":4},"end":{"line":128,"column":5}},"36":{"start":{"line":115,"column":22},"end":{"line":123,"column":9}},"37":{"start":{"line":124,"column":8},"end":{"line":124,"column":33}},"38":{"start":{"line":125,"column":8},"end":{"line":127,"column":9}},"39":{"start":{"line":126,"column":12},"end":{"line":126,"column":53}},"40":{"start":{"line":129,"column":4},"end":{"line":137,"column":6}},"41":{"start":{"line":140,"column":25},"end":{"line":140,"column":27}},"42":{"start":{"line":141,"column":16},"end":{"line":141,"column":26}},"43":{"start":{"line":142,"column":21},"end":{"line":142,"column":61}},"44":{"start":{"line":143,"column":20},"end":{"line":143,"column":22}},"45":{"start":{"line":144,"column":4},"end":{"line":171,"column":5}},"46":{"start":{"line":145,"column":31},"end":{"line":145,"column":61}},"47":{"start":{"line":146,"column":22},"end":{"line":146,"column":62}},"48":{"start":{"line":147,"column":8},"end":{"line":170,"column":9}},"49":{"start":{"line":148,"column":28},"end":{"line":152,"column":13}},"50":{"start":{"line":153,"column":12},"end":{"line":153,"column":34}},"51":{"start":{"line":154,"column":26},"end":{"line":162,"column":13}},"52":{"start":{"line":163,"column":12},"end":{"line":163,"column":37}},"53":{"start":{"line":164,"column":12},"end":{"line":166,"column":13}},"54":{"start":{"line":165,"column":16},"end":{"line":165,"column":57}},"55":{"start":{"line":169,"column":12},"end":{"line":169,"column":31}},"56":{"start":{"line":172,"column":4},"end":{"line":175,"column":6}},"57":{"start":{"line":178,"column":4},"end":{"line":178,"column":23}},"58":{"start":{"line":179,"column":17},"end":{"line":179,"column":45}},"59":{"start":{"line":180,"column":4},"end":{"line":180,"column":40}},"60":{"start":{"line":183,"column":19},"end":{"line":183,"column":109}},"61":{"start":{"line":184,"column":20},"end":{"line":203,"column":24}},"62":{"start":{"line":185,"column":26},"end":{"line":185,"column":50}},"63":{"start":{"line":187,"column":21},"end":{"line":187,"column":36}},"64":{"start":{"line":188,"column":8},"end":{"line":201,"column":2}},"65":{"start":{"line":204,"column":4},"end":{"line":204,"column":29}},"66":{"start":{"line":205,"column":4},"end":{"line":205,"column":48}},"67":{"start":{"line":208,"column":4},"end":{"line":208,"column":62}},"68":{"start":{"line":211,"column":4},"end":{"line":211,"column":67}},"69":{"start":{"line":214,"column":4},"end":{"line":216,"column":5}},"70":{"start":{"line":215,"column":8},"end":{"line":215,"column":18}},"71":{"start":{"line":217,"column":20},"end":{"line":217,"column":47}},"72":{"start":{"line":218,"column":4},"end":{"line":222,"column":41}},"73":{"start":{"line":222,"column":23},"end":{"line":222,"column":39}},"74":{"start":{"line":225,"column":4},"end":{"line":227,"column":37}},"75":{"start":{"line":226,"column":26},"end":{"line":226,"column":50}},"76":{"start":{"line":227,"column":23},"end":{"line":227,"column":35}}},"fnMap":{"0":{"name":"generateId","decl":{"start":{"line":4,"column":9},"end":{"line":4,"column":19}},"loc":{"start":{"line":4,"column":22},"end":{"line":6,"column":1}},"line":4},"1":{"name":"createInitialMemoryState","decl":{"start":{"line":7,"column":16},"end":{"line":7,"column":40}},"loc":{"start":{"line":7,"column":43},"end":{"line":13,"column":1}},"line":7},"2":{"name":"createMemoryStateWithThreshold","decl":{"start":{"line":14,"column":16},"end":{"line":14,"column":46}},"loc":{"start":{"line":14,"column":58},"end":{"line":20,"column":1}},"line":14},"3":{"name":"buildMemoryProvenance","decl":{"start":{"line":21,"column":16},"end":{"line":21,"column":37}},"loc":{"start":{"line":21,"column":45},"end":{"line":32,"column":1}},"line":21},"4":{"name":"addPendingMemoryItem","decl":{"start":{"line":33,"column":16},"end":{"line":33,"column":36}},"loc":{"start":{"line":33,"column":78},"end":{"line":59,"column":1}},"line":33},"5":{"name":"(anonymous_5)","decl":{"start":{"line":34,"column":56},"end":{"line":34,"column":57}},"loc":{"start":{"line":34,"column":63},"end":{"line":34,"column":84}},"line":34},"6":{"name":"recordSuccessfulVerification","decl":{"start":{"line":60,"column":16},"end":{"line":60,"column":44}},"loc":{"start":{"line":60,"column":73},"end":{"line":62,"column":1}},"line":60},"7":{"name":"addMemoryAuditEntry","decl":{"start":{"line":63,"column":16},"end":{"line":63,"column":35}},"loc":{"start":{"line":63,"column":57},"end":{"line":80,"column":1}},"line":63},"8":{"name":"shouldConsolidate","decl":{"start":{"line":81,"column":9},"end":{"line":81,"column":26}},"loc":{"start":{"line":81,"column":44},"end":{"line":83,"column":1}},"line":81},"9":{"name":"createMemoryItem","decl":{"start":{"line":84,"column":9},"end":{"line":84,"column":25}},"loc":{"start":{"line":84,"column":35},"end":{"line":96,"column":1}},"line":84},"10":{"name":"consolidateReadyItems","decl":{"start":{"line":97,"column":16},"end":{"line":97,"column":37}},"loc":{"start":{"line":97,"column":59},"end":{"line":138,"column":1}},"line":97},"11":{"name":"expireOldMemories","decl":{"start":{"line":139,"column":16},"end":{"line":139,"column":33}},"loc":{"start":{"line":139,"column":55},"end":{"line":176,"column":1}},"line":139},"12":{"name":"appendAuditLogEntry","decl":{"start":{"line":177,"column":9},"end":{"line":177,"column":28}},"loc":{"start":{"line":177,"column":42},"end":{"line":181,"column":1}},"line":177},"13":{"name":"writeMemoryFile","decl":{"start":{"line":182,"column":16},"end":{"line":182,"column":31}},"loc":{"start":{"line":182,"column":63},"end":{"line":206,"column":1}},"line":182},"14":{"name":"(anonymous_14)","decl":{"start":{"line":185,"column":16},"end":{"line":185,"column":17}},"loc":{"start":{"line":185,"column":26},"end":{"line":185,"column":50}},"line":185},"15":{"name":"(anonymous_15)","decl":{"start":{"line":186,"column":13},"end":{"line":186,"column":14}},"loc":{"start":{"line":186,"column":23},"end":{"line":202,"column":5}},"line":186},"16":{"name":"getMemoryFilePath","decl":{"start":{"line":207,"column":16},"end":{"line":207,"column":33}},"loc":{"start":{"line":207,"column":57},"end":{"line":209,"column":1}},"line":207},"17":{"name":"getAuditLogPath","decl":{"start":{"line":210,"column":16},"end":{"line":210,"column":31}},"loc":{"start":{"line":210,"column":54},"end":{"line":212,"column":1}},"line":210},"18":{"name":"readAuditLog","decl":{"start":{"line":213,"column":16},"end":{"line":213,"column":28}},"loc":{"start":{"line":213,"column":35},"end":{"line":223,"column":1}},"line":213},"19":{"name":"(anonymous_19)","decl":{"start":{"line":222,"column":13},"end":{"line":222,"column":14}},"loc":{"start":{"line":222,"column":23},"end":{"line":222,"column":39}},"line":222},"20":{"name":"getActivePatterns","decl":{"start":{"line":224,"column":16},"end":{"line":224,"column":33}},"loc":{"start":{"line":224,"column":41},"end":{"line":228,"column":1}},"line":224},"21":{"name":"(anonymous_21)","decl":{"start":{"line":226,"column":16},"end":{"line":226,"column":17}},"loc":{"start":{"line":226,"column":26},"end":{"line":226,"column":50}},"line":226},"22":{"name":"(anonymous_22)","decl":{"start":{"line":227,"column":13},"end":{"line":227,"column":14}},"loc":{"start":{"line":227,"column":23},"end":{"line":227,"column":35}},"line":227}},"branchMap":{"0":{"loc":{"start":{"line":27,"column":22},"end":{"line":27,"column":47}},"type":"binary-expr","locations":[{"start":{"line":27,"column":22},"end":{"line":27,"column":41}},{"start":{"line":27,"column":45},"end":{"line":27,"column":47}}],"line":27},"1":{"loc":{"start":{"line":29,"column":19},"end":{"line":29,"column":62}},"type":"binary-expr","locations":[{"start":{"line":29,"column":19},"end":{"line":29,"column":50}},{"start":{"line":29,"column":54},"end":{"line":29,"column":62}}],"line":29},"2":{"loc":{"start":{"line":30,"column":16},"end":{"line":30,"column":50}},"type":"binary-expr","locations":[{"start":{"line":30,"column":16},"end":{"line":30,"column":44}},{"start":{"line":30,"column":48},"end":{"line":30,"column":50}}],"line":30},"3":{"loc":{"start":{"line":35,"column":4},"end":{"line":44,"column":5}},"type":"if","locations":[{"start":{"line":35,"column":4},"end":{"line":44,"column":5}},{"start":{},"end":{}}],"line":35},"4":{"loc":{"start":{"line":75,"column":8},"end":{"line":77,"column":9}},"type":"if","locations":[{"start":{"line":75,"column":8},"end":{"line":77,"column":9}},{"start":{},"end":{}}],"line":75},"5":{"loc":{"start":{"line":102,"column":8},"end":{"line":107,"column":9}},"type":"if","locations":[{"start":{"line":102,"column":8},"end":{"line":107,"column":9}},{"start":{"line":105,"column":13},"end":{"line":107,"column":9}}],"line":102},"6":{"loc":{"start":{"line":109,"column":4},"end":{"line":111,"column":5}},"type":"if","locations":[{"start":{"line":109,"column":4},"end":{"line":111,"column":5}},{"start":{},"end":{}}],"line":109},"7":{"loc":{"start":{"line":125,"column":8},"end":{"line":127,"column":9}},"type":"if","locations":[{"start":{"line":125,"column":8},"end":{"line":127,"column":9}},{"start":{},"end":{}}],"line":125},"8":{"loc":{"start":{"line":147,"column":8},"end":{"line":170,"column":9}},"type":"if","locations":[{"start":{"line":147,"column":8},"end":{"line":170,"column":9}},{"start":{"line":168,"column":13},"end":{"line":170,"column":9}}],"line":147},"9":{"loc":{"start":{"line":147,"column":12},"end":{"line":147,"column":57}},"type":"binary-expr","locations":[{"start":{"line":147,"column":12},"end":{"line":147,"column":29}},{"start":{"line":147,"column":33},"end":{"line":147,"column":57}}],"line":147},"10":{"loc":{"start":{"line":164,"column":12},"end":{"line":166,"column":13}},"type":"if","locations":[{"start":{"line":164,"column":12},"end":{"line":166,"column":13}},{"start":{},"end":{}}],"line":164},"11":{"loc":{"start":{"line":190,"column":19},"end":{"line":190,"column":63}},"type":"binary-expr","locations":[{"start":{"line":190,"column":19},"end":{"line":190,"column":35}},{"start":{"line":190,"column":39},"end":{"line":190,"column":63}}],"line":190},"12":{"loc":{"start":{"line":214,"column":4},"end":{"line":216,"column":5}},"type":"if","locations":[{"start":{"line":214,"column":4},"end":{"line":216,"column":5}},{"start":{},"end":{}}],"line":214}},"s":{"0":12,"1":13,"2":7,"3":1,"4":18,"5":8,"6":18,"7":6,"8":6,"9":6,"10":12,"11":12,"12":12,"13":6,"14":3,"15":3,"16":3,"17":3,"18":3,"19":1,"20":3,"21":6,"22":5,"23":5,"24":5,"25":5,"26":5,"27":5,"28":6,"29":5,"30":1,"31":5,"32":1,"33":4,"34":4,"35":4,"36":5,"37":5,"38":5,"39":1,"40":4,"41":3,"42":3,"43":3,"44":3,"45":3,"46":3,"47":3,"48":3,"49":2,"50":2,"51":2,"52":2,"53":2,"54":1,"55":1,"56":3,"57":3,"58":3,"59":3,"60":0,"61":0,"62":0,"63":0,"64":0,"65":0,"66":0,"67":3,"68":3,"69":2,"70":1,"71":1,"72":1,"73":1,"74":2,"75":2,"76":1},"f":{"0":12,"1":13,"2":7,"3":1,"4":18,"5":8,"6":6,"7":3,"8":6,"9":5,"10":5,"11":3,"12":3,"13":0,"14":0,"15":0,"16":3,"17":3,"18":2,"19":1,"20":2,"21":2,"22":1},"b":{"0":[1,0],"1":[1,0],"2":[1,0],"3":[6,12],"4":[1,2],"5":[5,1],"6":[1,4],"7":[1,4],"8":[2,1],"9":[3,2],"10":[1,1],"11":[0,0],"12":[1,1]},"inputSourceMap":null,"_coverageSchema":"1a1c01bbd47fc00a2c39e90264f33305004495a9","hash":"8bf42353c6a59b865cca1472de6aa192edcaa504"}
,"/home/runner/work/AutoResearch/AutoResearch/dist/run-manager.js": {"path":"/home/runner/work/AutoResearch/AutoResearch/dist/run-manager.js","statementMap":{"0":{"start":{"line":6,"column":26},"end":{"line":6,"column":42}},"1":{"start":{"line":8,"column":24},"end":{"line":8,"column":76}},"2":{"start":{"line":9,"column":22},"end":{"line":9,"column":70}},"3":{"start":{"line":10,"column":4},"end":{"line":12,"column":5}},"4":{"start":{"line":11,"column":8},"end":{"line":11,"column":98}},"5":{"start":{"line":13,"column":19},"end":{"line":13,"column":156}},"6":{"start":{"line":14,"column":4},"end":{"line":14,"column":30}},"7":{"start":{"line":15,"column":4},"end":{"line":17,"column":5}},"8":{"start":{"line":16,"column":8},"end":{"line":16,"column":52}},"9":{"start":{"line":18,"column":18},"end":{"line":18,"column":66}},"10":{"start":{"line":19,"column":4},"end":{"line":19,"column":38}},"11":{"start":{"line":20,"column":4},"end":{"line":20,"column":17}},"12":{"start":{"line":23,"column":24},"end":{"line":23,"column":76}},"13":{"start":{"line":24,"column":22},"end":{"line":24,"column":70}},"14":{"start":{"line":25,"column":29},"end":{"line":25,"column":92}},"15":{"start":{"line":26,"column":18},"end":{"line":26,"column":56}},"16":{"start":{"line":27,"column":29},"end":{"line":27,"column":74}},"17":{"start":{"line":28,"column":16},"end":{"line":28,"column":24}},"18":{"start":{"line":29,"column":22},"end":{"line":29,"column":51}},"19":{"start":{"line":30,"column":22},"end":{"line":30,"column":72}},"20":{"start":{"line":31,"column":25},"end":{"line":31,"column":62}},"21":{"start":{"line":32,"column":25},"end":{"line":32,"column":62}},"22":{"start":{"line":33,"column":24},"end":{"line":33,"column":70}},"23":{"start":{"line":34,"column":24},"end":{"line":34,"column":70}},"24":{"start":{"line":35,"column":4},"end":{"line":37,"column":5}},"25":{"start":{"line":36,"column":8},"end":{"line":36,"column":87}},"26":{"start":{"line":38,"column":22},"end":{"line":50,"column":23}},"27":{"start":{"line":51,"column":4},"end":{"line":51,"column":52}},"28":{"start":{"line":52,"column":24},"end":{"line":62,"column":5}},"29":{"start":{"line":63,"column":4},"end":{"line":63,"column":35}},"30":{"start":{"line":64,"column":4},"end":{"line":64,"column":82}},"31":{"start":{"line":65,"column":21},"end":{"line":77,"column":5}},"32":{"start":{"line":78,"column":4},"end":{"line":90,"column":5}},"33":{"start":{"line":79,"column":8},"end":{"line":79,"column":54}},"34":{"start":{"line":80,"column":8},"end":{"line":80,"column":48}},"35":{"start":{"line":82,"column":9},"end":{"line":90,"column":5}},"36":{"start":{"line":83,"column":8},"end":{"line":83,"column":64}},"37":{"start":{"line":84,"column":8},"end":{"line":84,"column":86}},"38":{"start":{"line":86,"column":9},"end":{"line":90,"column":5}},"39":{"start":{"line":87,"column":8},"end":{"line":87,"column":68}},"40":{"start":{"line":88,"column":8},"end":{"line":88,"column":42}},"41":{"start":{"line":89,"column":8},"end":{"line":89,"column":48}},"42":{"start":{"line":91,"column":4},"end":{"line":103,"column":6}},"43":{"start":{"line":104,"column":4},"end":{"line":104,"column":41}},"44":{"start":{"line":105,"column":4},"end":{"line":105,"column":20}},"45":{"start":{"line":108,"column":16},"end":{"line":108,"column":24}},"46":{"start":{"line":109,"column":28},"end":{"line":109,"column":65}},"47":{"start":{"line":110,"column":23},"end":{"line":112,"column":19}},"48":{"start":{"line":113,"column":25},"end":{"line":117,"column":6}},"49":{"start":{"line":118,"column":31},"end":{"line":118,"column":67}},"50":{"start":{"line":119,"column":22},"end":{"line":125,"column":19}},"51":{"start":{"line":126,"column":4},"end":{"line":183,"column":6}},"52":{"start":{"line":186,"column":22},"end":{"line":186,"column":70}},"53":{"start":{"line":187,"column":18},"end":{"line":187,"column":56}},"54":{"start":{"line":188,"column":4},"end":{"line":190,"column":5}},"55":{"start":{"line":189,"column":8},"end":{"line":189,"column":76}},"56":{"start":{"line":191,"column":4},"end":{"line":191,"column":32}},"57":{"start":{"line":192,"column":4},"end":{"line":192,"column":38}},"58":{"start":{"line":193,"column":4},"end":{"line":193,"column":42}},"59":{"start":{"line":194,"column":4},"end":{"line":194,"column":30}},"60":{"start":{"line":195,"column":4},"end":{"line":195,"column":38}},"61":{"start":{"line":196,"column":4},"end":{"line":196,"column":17}},"62":{"start":{"line":199,"column":22},"end":{"line":199,"column":70}},"63":{"start":{"line":200,"column":18},"end":{"line":200,"column":56}},"64":{"start":{"line":201,"column":4},"end":{"line":203,"column":5}},"65":{"start":{"line":202,"column":8},"end":{"line":202,"column":76}},"66":{"start":{"line":204,"column":4},"end":{"line":206,"column":5}},"67":{"start":{"line":205,"column":8},"end":{"line":205,"column":73}},"68":{"start":{"line":207,"column":4},"end":{"line":207,"column":32}},"69":{"start":{"line":208,"column":4},"end":{"line":208,"column":39}},"70":{"start":{"line":209,"column":4},"end":{"line":209,"column":36}},"71":{"start":{"line":210,"column":4},"end":{"line":210,"column":41}},"72":{"start":{"line":211,"column":4},"end":{"line":211,"column":29}},"73":{"start":{"line":212,"column":4},"end":{"line":212,"column":38}},"74":{"start":{"line":213,"column":4},"end":{"line":213,"column":17}},"75":{"start":{"line":216,"column":22},"end":{"line":216,"column":70}},"76":{"start":{"line":217,"column":18},"end":{"line":217,"column":56}},"77":{"start":{"line":218,"column":4},"end":{"line":219,"column":21}},"78":{"start":{"line":219,"column":8},"end":{"line":219,"column":21}},"79":{"start":{"line":220,"column":4},"end":{"line":220,"column":32}},"80":{"start":{"line":221,"column":4},"end":{"line":221,"column":31}},"81":{"start":{"line":222,"column":4},"end":{"line":222,"column":42}},"82":{"start":{"line":223,"column":4},"end":{"line":223,"column":36}},"83":{"start":{"line":224,"column":4},"end":{"line":224,"column":39}},"84":{"start":{"line":225,"column":4},"end":{"line":225,"column":35}},"85":{"start":{"line":226,"column":4},"end":{"line":226,"column":38}},"86":{"start":{"line":227,"column":4},"end":{"line":227,"column":17}},"87":{"start":{"line":230,"column":4},"end":{"line":243,"column":5}},"88":{"start":{"line":231,"column":26},"end":{"line":231,"column":50}},"89":{"start":{"line":232,"column":8},"end":{"line":234,"column":9}},"90":{"start":{"line":233,"column":12},"end":{"line":233,"column":99}},"91":{"start":{"line":237,"column":8},"end":{"line":238,"column":22}},"92":{"start":{"line":238,"column":12},"end":{"line":238,"column":22}},"93":{"start":{"line":239,"column":21},"end":{"line":239,"column":29}},"94":{"start":{"line":240,"column":8},"end":{"line":241,"column":21}},"95":{"start":{"line":241,"column":12},"end":{"line":241,"column":21}},"96":{"start":{"line":242,"column":8},"end":{"line":242,"column":18}},"97":{"start":{"line":245,"column":4},"end":{"line":257,"column":5}},"98":{"start":{"line":246,"column":25},"end":{"line":246,"column":92}},"99":{"start":{"line":247,"column":8},"end":{"line":247,"column":72}},"100":{"start":{"line":250,"column":21},"end":{"line":250,"column":29}},"101":{"start":{"line":251,"column":8},"end":{"line":252,"column":21}},"102":{"start":{"line":252,"column":12},"end":{"line":252,"column":21}},"103":{"start":{"line":253,"column":8},"end":{"line":255,"column":9}},"104":{"start":{"line":254,"column":12},"end":{"line":254,"column":99}},"105":{"start":{"line":256,"column":8},"end":{"line":256,"column":18}},"106":{"start":{"line":258,"column":4},"end":{"line":271,"column":5}},"107":{"start":{"line":259,"column":22},"end":{"line":259,"column":41}},"108":{"start":{"line":260,"column":8},"end":{"line":262,"column":9}},"109":{"start":{"line":261,"column":12},"end":{"line":261,"column":101}},"110":{"start":{"line":263,"column":8},"end":{"line":265,"column":9}},"111":{"start":{"line":264,"column":12},"end":{"line":264,"column":128}},"112":{"start":{"line":266,"column":24},"end":{"line":266,"column":54}},"113":{"start":{"line":267,"column":8},"end":{"line":267,"column":96}},"114":{"start":{"line":267,"column":49},"end":{"line":267,"column":87}},"115":{"start":{"line":270,"column":8},"end":{"line":270,"column":29}},"116":{"start":{"line":274,"column":24},"end":{"line":274,"column":76}},"117":{"start":{"line":275,"column":22},"end":{"line":275,"column":70}},"118":{"start":{"line":276,"column":18},"end":{"line":276,"column":56}},"119":{"start":{"line":277,"column":24},"end":{"line":277,"column":59}},"120":{"start":{"line":278,"column":19},"end":{"line":278,"column":29}},"121":{"start":{"line":279,"column":17},"end":{"line":279,"column":43}},"122":{"start":{"line":280,"column":4},"end":{"line":303,"column":5}},"123":{"start":{"line":281,"column":8},"end":{"line":281,"column":26}},"124":{"start":{"line":282,"column":8},"end":{"line":282,"column":34}},"125":{"start":{"line":284,"column":9},"end":{"line":303,"column":5}},"126":{"start":{"line":285,"column":8},"end":{"line":285,"column":33}},"127":{"start":{"line":286,"column":8},"end":{"line":286,"column":40}},"128":{"start":{"line":288,"column":9},"end":{"line":303,"column":5}},"129":{"start":{"line":289,"column":8},"end":{"line":289,"column":26}},"130":{"start":{"line":290,"column":8},"end":{"line":290,"column":36}},"131":{"start":{"line":292,"column":9},"end":{"line":303,"column":5}},"132":{"start":{"line":293,"column":8},"end":{"line":293,"column":26}},"133":{"start":{"line":294,"column":8},"end":{"line":294,"column":41}},"134":{"start":{"line":296,"column":9},"end":{"line":303,"column":5}},"135":{"start":{"line":297,"column":8},"end":{"line":297,"column":26}},"136":{"start":{"line":298,"column":8},"end":{"line":298,"column":31}},"137":{"start":{"line":300,"column":9},"end":{"line":303,"column":5}},"138":{"start":{"line":301,"column":8},"end":{"line":301,"column":26}},"139":{"start":{"line":302,"column":8},"end":{"line":302,"column":41}},"140":{"start":{"line":304,"column":4},"end":{"line":323,"column":6}}},"fnMap":{"0":{"name":"initializeRun","decl":{"start":{"line":7,"column":22},"end":{"line":7,"column":35}},"loc":{"start":{"line":7,"column":96},"end":{"line":21,"column":1}},"line":7},"1":{"name":"appendIteration","decl":{"start":{"line":22,"column":22},"end":{"line":22,"column":37}},"loc":{"start":{"line":22,"column":220},"end":{"line":106,"column":1}},"line":22},"2":{"name":"makeStatePayload","decl":{"start":{"line":107,"column":16},"end":{"line":107,"column":32}},"loc":{"start":{"line":107,"column":65},"end":{"line":184,"column":1}},"line":107},"3":{"name":"setStopRequested","decl":{"start":{"line":185,"column":22},"end":{"line":185,"column":38}},"loc":{"start":{"line":185,"column":61},"end":{"line":197,"column":1}},"line":185},"4":{"name":"resumeBackgroundRun","decl":{"start":{"line":198,"column":22},"end":{"line":198,"column":41}},"loc":{"start":{"line":198,"column":64},"end":{"line":214,"column":1}},"line":198},"5":{"name":"completeRun","decl":{"start":{"line":215,"column":22},"end":{"line":215,"column":33}},"loc":{"start":{"line":215,"column":56},"end":{"line":228,"column":1}},"line":215},"6":{"name":"countResultsRows","decl":{"start":{"line":229,"column":15},"end":{"line":229,"column":31}},"loc":{"start":{"line":229,"column":45},"end":{"line":272,"column":1}},"line":229},"7":{"name":"(anonymous_7)","decl":{"start":{"line":267,"column":42},"end":{"line":267,"column":43}},"loc":{"start":{"line":267,"column":49},"end":{"line":267,"column":87}},"line":267},"8":{"name":"buildSupervisorSnapshot","decl":{"start":{"line":273,"column":22},"end":{"line":273,"column":45}},"loc":{"start":{"line":273,"column":86},"end":{"line":324,"column":1}},"line":273}},"branchMap":{"0":{"loc":{"start":{"line":10,"column":4},"end":{"line":12,"column":5}},"type":"if","locations":[{"start":{"line":10,"column":4},"end":{"line":12,"column":5}},{"start":{},"end":{}}],"line":10},"1":{"loc":{"start":{"line":10,"column":8},"end":{"line":10,"column":44}},"type":"binary-expr","locations":[{"start":{"line":10,"column":8},"end":{"line":10,"column":29}},{"start":{"line":10,"column":33},"end":{"line":10,"column":44}}],"line":10},"2":{"loc":{"start":{"line":15,"column":4},"end":{"line":17,"column":5}},"type":"if","locations":[{"start":{"line":15,"column":4},"end":{"line":17,"column":5}},{"start":{},"end":{}}],"line":15},"3":{"loc":{"start":{"line":27,"column":29},"end":{"line":27,"column":74}},"type":"binary-expr","locations":[{"start":{"line":27,"column":29},"end":{"line":27,"column":38}},{"start":{"line":27,"column":42},"end":{"line":27,"column":74}}],"line":27},"4":{"loc":{"start":{"line":29,"column":38},"end":{"line":29,"column":50}},"type":"binary-expr","locations":[{"start":{"line":29,"column":38},"end":{"line":29,"column":44}},{"start":{"line":29,"column":48},"end":{"line":29,"column":50}}],"line":29},"5":{"loc":{"start":{"line":30,"column":22},"end":{"line":30,"column":72}},"type":"binary-expr","locations":[{"start":{"line":30,"column":22},"end":{"line":30,"column":46}},{"start":{"line":30,"column":50},"end":{"line":30,"column":72}}],"line":30},"6":{"loc":{"start":{"line":31,"column":41},"end":{"line":31,"column":61}},"type":"binary-expr","locations":[{"start":{"line":31,"column":41},"end":{"line":31,"column":55}},{"start":{"line":31,"column":59},"end":{"line":31,"column":61}}],"line":31},"7":{"loc":{"start":{"line":32,"column":41},"end":{"line":32,"column":61}},"type":"binary-expr","locations":[{"start":{"line":32,"column":41},"end":{"line":32,"column":55}},{"start":{"line":32,"column":59},"end":{"line":32,"column":61}}],"line":32},"8":{"loc":{"start":{"line":35,"column":4},"end":{"line":37,"column":5}},"type":"if","locations":[{"start":{"line":35,"column":4},"end":{"line":37,"column":5}},{"start":{},"end":{}}],"line":35},"9":{"loc":{"start":{"line":35,"column":8},"end":{"line":35,"column":53}},"type":"binary-expr","locations":[{"start":{"line":35,"column":8},"end":{"line":35,"column":27}},{"start":{"line":35,"column":31},"end":{"line":35,"column":53}}],"line":35},"10":{"loc":{"start":{"line":42,"column":8},"end":{"line":42,"column":25}},"type":"binary-expr","locations":[{"start":{"line":42,"column":8},"end":{"line":42,"column":19}},{"start":{"line":42,"column":23},"end":{"line":42,"column":25}}],"line":42},"11":{"loc":{"start":{"line":43,"column":8},"end":{"line":43,"column":29}},"type":"binary-expr","locations":[{"start":{"line":43,"column":8},"end":{"line":43,"column":23}},{"start":{"line":43,"column":27},"end":{"line":43,"column":29}}],"line":43},"12":{"loc":{"start":{"line":46,"column":8},"end":{"line":46,"column":24}},"type":"binary-expr","locations":[{"start":{"line":46,"column":8},"end":{"line":46,"column":18}},{"start":{"line":46,"column":22},"end":{"line":46,"column":24}}],"line":46},"13":{"loc":{"start":{"line":49,"column":8},"end":{"line":49,"column":18}},"type":"binary-expr","locations":[{"start":{"line":49,"column":8},"end":{"line":49,"column":12}},{"start":{"line":49,"column":16},"end":{"line":49,"column":18}}],"line":49},"14":{"loc":{"start":{"line":57,"column":22},"end":{"line":57,"column":41}},"type":"binary-expr","locations":[{"start":{"line":57,"column":22},"end":{"line":57,"column":33}},{"start":{"line":57,"column":37},"end":{"line":57,"column":41}}],"line":57},"15":{"loc":{"start":{"line":75,"column":24},"end":{"line":75,"column":71}},"type":"binary-expr","locations":[{"start":{"line":75,"column":24},"end":{"line":75,"column":43}},{"start":{"line":75,"column":47},"end":{"line":75,"column":71}}],"line":75},"16":{"loc":{"start":{"line":78,"column":4},"end":{"line":90,"column":5}},"type":"if","locations":[{"start":{"line":78,"column":4},"end":{"line":90,"column":5}},{"start":{"line":82,"column":9},"end":{"line":90,"column":5}}],"line":78},"17":{"loc":{"start":{"line":82,"column":9},"end":{"line":90,"column":5}},"type":"if","locations":[{"start":{"line":82,"column":9},"end":{"line":90,"column":5}},{"start":{"line":86,"column":9},"end":{"line":90,"column":5}}],"line":82},"18":{"loc":{"start":{"line":86,"column":9},"end":{"line":90,"column":5}},"type":"if","locations":[{"start":{"line":86,"column":9},"end":{"line":90,"column":5}},{"start":{},"end":{}}],"line":86},"19":{"loc":{"start":{"line":110,"column":23},"end":{"line":112,"column":19}},"type":"cond-expr","locations":[{"start":{"line":111,"column":10},"end":{"line":111,"column":89}},{"start":{"line":112,"column":10},"end":{"line":112,"column":19}}],"line":110},"20":{"loc":{"start":{"line":115,"column":15},"end":{"line":115,"column":51}},"type":"binary-expr","locations":[{"start":{"line":115,"column":15},"end":{"line":115,"column":27}},{"start":{"line":115,"column":31},"end":{"line":115,"column":51}}],"line":115},"21":{"loc":{"start":{"line":119,"column":22},"end":{"line":125,"column":19}},"type":"cond-expr","locations":[{"start":{"line":120,"column":10},"end":{"line":124,"column":10}},{"start":{"line":125,"column":10},"end":{"line":125,"column":19}}],"line":119},"22":{"loc":{"start":{"line":119,"column":23},"end":{"line":119,"column":45}},"type":"binary-expr","locations":[{"start":{"line":119,"column":23},"end":{"line":119,"column":40}},{"start":{"line":119,"column":44},"end":{"line":119,"column":45}}],"line":119},"23":{"loc":{"start":{"line":121,"column":24},"end":{"line":121,"column":46}},"type":"binary-expr","locations":[{"start":{"line":121,"column":24},"end":{"line":121,"column":41}},{"start":{"line":121,"column":45},"end":{"line":121,"column":46}}],"line":121},"24":{"loc":{"start":{"line":122,"column":37},"end":{"line":122,"column":77}},"type":"binary-expr","locations":[{"start":{"line":122,"column":37},"end":{"line":122,"column":67}},{"start":{"line":122,"column":71},"end":{"line":122,"column":77}}],"line":122},"25":{"loc":{"start":{"line":128,"column":16},"end":{"line":128,"column":66}},"type":"binary-expr","locations":[{"start":{"line":128,"column":16},"end":{"line":128,"column":30}},{"start":{"line":128,"column":34},"end":{"line":128,"column":66}}],"line":128},"26":{"loc":{"start":{"line":135,"column":15},"end":{"line":135,"column":51}},"type":"binary-expr","locations":[{"start":{"line":135,"column":15},"end":{"line":135,"column":27}},{"start":{"line":135,"column":31},"end":{"line":135,"column":51}}],"line":135},"27":{"loc":{"start":{"line":137,"column":18},"end":{"line":137,"column":56}},"type":"binary-expr","locations":[{"start":{"line":137,"column":18},"end":{"line":137,"column":39}},{"start":{"line":137,"column":43},"end":{"line":137,"column":56}}],"line":137},"28":{"loc":{"start":{"line":138,"column":42},"end":{"line":138,"column":86}},"type":"binary-expr","locations":[{"start":{"line":138,"column":42},"end":{"line":138,"column":66}},{"start":{"line":138,"column":70},"end":{"line":138,"column":86}}],"line":138},"29":{"loc":{"start":{"line":143,"column":27},"end":{"line":149,"column":21}},"type":"cond-expr","locations":[{"start":{"line":143,"column":54},"end":{"line":149,"column":9}},{"start":{"line":149,"column":12},"end":{"line":149,"column":21}}],"line":143},"30":{"loc":{"start":{"line":145,"column":42},"end":{"line":145,"column":89}},"type":"binary-expr","locations":[{"start":{"line":145,"column":42},"end":{"line":145,"column":69}},{"start":{"line":145,"column":73},"end":{"line":145,"column":89}}],"line":145},"31":{"loc":{"start":{"line":155,"column":26},"end":{"line":155,"column":54}},"type":"binary-expr","locations":[{"start":{"line":155,"column":26},"end":{"line":155,"column":41}},{"start":{"line":155,"column":45},"end":{"line":155,"column":54}}],"line":155},"32":{"loc":{"start":{"line":158,"column":34},"end":{"line":158,"column":67}},"type":"binary-expr","locations":[{"start":{"line":158,"column":34},"end":{"line":158,"column":61}},{"start":{"line":158,"column":65},"end":{"line":158,"column":67}}],"line":158},"33":{"loc":{"start":{"line":159,"column":34},"end":{"line":159,"column":67}},"type":"binary-exp
[...]
:79,"column":8},"end":{"line":79,"column":61}},"type":"binary-expr","locations":[{"start":{"line":79,"column":8},"end":{"line":79,"column":34}},{"start":{"line":79,"column":38},"end":{"line":79,"column":61}}],"line":79},"27":{"loc":{"start":{"line":84,"column":11},"end":{"line":84,"column":79}},"type":"binary-expr","locations":[{"start":{"line":84,"column":11},"end":{"line":84,"column":36}},{"start":{"line":84,"column":40},"end":{"line":84,"column":54}},{"start":{"line":84,"column":58},"end":{"line":84,"column":79}}],"line":84},"28":{"loc":{"start":{"line":87,"column":11},"end":{"line":87,"column":59}},"type":"binary-expr","locations":[{"start":{"line":87,"column":11},"end":{"line":87,"column":30}},{"start":{"line":87,"column":34},"end":{"line":87,"column":59}}],"line":87},"29":{"loc":{"start":{"line":90,"column":11},"end":{"line":90,"column":59}},"type":"binary-expr","locations":[{"start":{"line":90,"column":11},"end":{"line":90,"column":30}},{"start":{"line":90,"column":34},"end":{"line":90,"column":59}}],"line":90},"30":{"loc":{"start":{"line":93,"column":11},"end":{"line":93,"column":107}},"type":"binary-expr","locations":[{"start":{"line":93,"column":11},"end":{"line":93,"column":30}},{"start":{"line":93,"column":35},"end":{"line":93,"column":55}},{"start":{"line":93,"column":59},"end":{"line":93,"column":106}}],"line":93}},"s":{"0":0,"1":3,"2":0,"3":3,"4":3,"5":0,"6":3,"7":0,"8":3,"9":0,"10":3,"11":0,"12":3,"13":0,"14":3,"15":0,"16":3,"17":0,"18":3,"19":3,"20":0,"21":3,"22":0,"23":3,"24":0,"25":3,"26":0,"27":3,"28":0,"29":3,"30":0,"31":3,"32":1,"33":2,"34":2,"35":1,"36":1,"37":0,"38":1,"39":0,"40":1,"41":0,"42":1,"43":1,"44":0,"45":1,"46":1,"47":0,"48":1,"49":0,"50":1,"51":0,"52":1,"53":0,"54":1,"55":11,"56":23,"57":3,"58":2,"59":2},"f":{"0":0,"1":3,"2":11,"3":23,"4":3,"5":2,"6":2},"b":{"0":[0,0],"1":[0,3],"2":[0,3],"3":[0,3],"4":[0,3],"5":[0,3],"6":[0,3],"7":[0,3],"8":[0,3],"9":[0,3],"10":[0,3],"11":[0,3],"12":[0,3],"13":[0,3],"14":[0,3],"15":[1,2],"16":[1,1],"17":[0,1],"18":[0,1],"19":[0,1],"20":[1,0],"21":[0,1],"22":[0,1],"23":[0,1],"24":[0,1],"25":[0,1],"26":[1,1],"27":[11,10,10],"28":[23,3],"29":[3,3],"30":[2,2,2]},"inputSourceMap":null,"_coverageSchema":"1a1c01bbd47fc00a2c39e90264f33305004495a9","hash":"eddfa3f93a25130be779da8e24445c9615f2ed7d"}
,"/home/runner/work/AutoResearch/AutoResearch/dist/types.js": {"path":"/home/runner/work/AutoResearch/AutoResearch/dist/types.js","statementMap":{},"fnMap":{},"branchMap":{},"s":{},"f":{},"b":{},"inputSourceMap":null,"_coverageSchema":"1a1c01bbd47fc00a2c39e90264f33305004495a9","hash":"6338e025cf8a8cada61058f3fdd569cc18087443"}
,"/home/runner/work/AutoResearch/AutoResearch/dist/wizard.js": {"path":"/home/runner/work/AutoResearch/AutoResearch/dist/wizard.js","statementMap":{"0":{"start":{"line":5,"column":27},"end":{"line":5,"column":48}},"1":{"start":{"line":6,"column":19},"end":{"line":6,"column":61}},"2":{"start":{"line":7,"column":22},"end":{"line":7,"column":58}},"3":{"start":{"line":8,"column":17},"end":{"line":8,"column":43}},"4":{"start":{"line":9,"column":28},"end":{"line":9,"column":65}},"5":{"start":{"line":10,"column":18},"end":{"line":10,"column":87}},"6":{"start":{"line":11,"column":25},"end":{"line":15,"column":6}},"7":{"start":{"line":16,"column":31},"end":{"line":16,"column":60}},"8":{"start":{"line":17,"column":28},"end":{"line":17,"column":30}},"9":{"start":{"line":18,"column":4},"end":{"line":19,"column":37}},"10":{"start":{"line":19,"column":8},"end":{"line":19,"column":37}},"11":{"start":{"line":20,"column":4},"end":{"line":21,"column":39}},"12":{"start":{"line":21,"column":8},"end":{"line":21,"column":39}},"13":{"start":{"line":22,"column":24},"end":{"line":22,"column":26}},"14":{"start":{"line":23,"column":4},"end":{"line":25,"column":5}},"15":{"start":{"line":24,"column":8},"end":{"line":24,"column":68}},"16":{"start":{"line":26,"column":4},"end":{"line":27,"column":69}},"17":{"start":{"line":27,"column":8},"end":{"line":27,"column":69}},"18":{"start":{"line":28,"column":4},"end":{"line":29,"column":55}},"19":{"start":{"line":29,"column":8},"end":{"line":29,"column":55}},"20":{"start":{"line":30,"column":22},"end":{"line":30,"column":24}},"21":{"start":{"line":31,"column":4},"end":{"line":32,"column":149}},"22":{"start":{"line":32,"column":8},"end":{"line":32,"column":149}},"23":{"start":{"line":33,"column":4},"end":{"line":34,"column":168}},"24":{"start":{"line":34,"column":8},"end":{"line":34,"column":168}},"25":{"start":{"line":35,"column":4},"end":{"line":36,"column":170}},"26":{"start":{"line":36,"column":8},"end":{"line":36,"column":170}},"27":{"start":{"line":37,"column":4},"end":{"line":56,"column":6}}},"fnMap":{"0":{"name":"buildSetupSummary","decl":{"start":{"line":4,"column":16},"end":{"line":4,"column":33}},"loc":{"start":{"line":4,"column":48},"end":{"line":57,"column":1}},"line":4}},"branchMap":{"0":{"loc":{"start":{"line":6,"column":19},"end":{"line":6,"column":61}},"type":"binary-expr","locations":[{"start":{"line":6,"column":19},"end":{"line":6,"column":33}},{"start":{"line":6,"column":37},"end":{"line":6,"column":61}}],"line":6},"1":{"loc":{"start":{"line":10,"column":18},"end":{"line":10,"column":87}},"type":"binary-expr","locations":[{"start":{"line":10,"column":18},"end":{"line":10,"column":30}},{"start":{"line":10,"column":35},"end":{"line":10,"column":62}},{"start":{"line":10,"column":66},"end":{"line":10,"column":86}}],"line":10},"2":{"loc":{"start":{"line":12,"column":14},"end":{"line":12,"column":38}},"type":"binary-expr","locations":[{"start":{"line":12,"column":14},"end":{"line":12,"column":25}},{"start":{"line":12,"column":29},"end":{"line":12,"column":38}}],"line":12},"3":{"loc":{"start":{"line":14,"column":14},"end":{"line":14,"column":41}},"type":"binary-expr","locations":[{"start":{"line":14,"column":14},"end":{"line":14,"column":25}},{"start":{"line":14,"column":29},"end":{"line":14,"column":41}}],"line":14},"4":{"loc":{"start":{"line":18,"column":4},"end":{"line":19,"column":37}},"type":"if","locations":[{"start":{"line":18,"column":4},"end":{"line":19,"column":37}},{"start":{},"end":{}}],"line":18},"5":{"loc":{"start":{"line":20,"column":4},"end":{"line":21,"column":39}},"type":"if","locations":[{"start":{"line":20,"column":4},"end":{"line":21,"column":39}},{"start":{},"end":{}}],"line":20},"6":{"loc":{"start":{"line":23,"column":4},"end":{"line":25,"column":5}},"type":"if","locations":[{"start":{"line":23,"column":4},"end":{"line":25,"column":5}},{"start":{},"end":{}}],"line":23},"7":{"loc":{"start":{"line":26,"column":4},"end":{"line":27,"column":69}},"type":"if","locations":[{"start":{"line":26,"column":4},"end":{"line":27,"column":69}},{"start":{},"end":{}}],"line":26},"8":{"loc":{"start":{"line":28,"column":4},"end":{"line":29,"column":55}},"type":"if","locations":[{"start":{"line":28,"column":4},"end":{"line":29,"column":55}},{"start":{},"end":{}}],"line":28},"9":{"loc":{"start":{"line":31,"column":4},"end":{"line":32,"column":149}},"type":"if","locations":[{"start":{"line":31,"column":4},"end":{"line":32,"column":149}},{"start":{},"end":{}}],"line":31},"10":{"loc":{"start":{"line":33,"column":4},"end":{"line":34,"column":168}},"type":"if","locations":[{"start":{"line":33,"column":4},"end":{"line":34,"column":168}},{"start":{},"end":{}}],"line":33},"11":{"loc":{"start":{"line":35,"column":4},"end":{"line":36,"column":170}},"type":"if","locations":[{"start":{"line":35,"column":4},"end":{"line":36,"column":170}},{"start":{},"end":{}}],"line":35},"12":{"loc":{"start":{"line":40,"column":16},"end":{"line":40,"column":56}},"type":"binary-expr","locations":[{"start":{"line":40,"column":16},"end":{"line":40,"column":29}},{"start":{"line":40,"column":33},"end":{"line":40,"column":56}}],"line":40},"13":{"loc":{"start":{"line":50,"column":46},"end":{"line":50,"column":79}},"type":"binary-expr","locations":[{"start":{"line":50,"column":46},"end":{"line":50,"column":73}},{"start":{"line":50,"column":77},"end":{"line":50,"column":79}}],"line":50},"14":{"loc":{"start":{"line":51,"column":46},"end":{"line":51,"column":79}},"type":"binary-expr","locations":[{"start":{"line":51,"column":46},"end":{"line":51,"column":73}},{"start":{"line":51,"column":77},"end":{"line":51,"column":79}}],"line":51},"15":{"loc":{"start":{"line":52,"column":24},"end":{"line":52,"column":88}},"type":"binary-expr","locations":[{"start":{"line":52,"column":24},"end":{"line":52,"column":45}},{"start":{"line":52,"column":49},"end":{"line":52,"column":88}}],"line":52},"16":{"loc":{"start":{"line":53,"column":27},"end":{"line":53,"column":112}},"type":"binary-expr","locations":[{"start":{"line":53,"column":27},"end":{"line":53,"column":51}},{"start":{"line":53,"column":55},"end":{"line":53,"column":112}}],"line":53}},"s":{"0":151,"1":151,"2":151,"3":151,"4":151,"5":151,"6":151,"7":151,"8":151,"9":151,"10":6,"11":151,"12":46,"13":151,"14":151,"15":146,"16":151,"17":3,"18":151,"19":3,"20":151,"21":151,"22":6,"23":151,"24":46,"25":151,"26":147,"27":151},"f":{"0":151},"b":{"0":[151,46],"1":[151,149,0],"2":[151,6],"3":[151,147],"4":[6,145],"5":[46,105],"6":[146,5],"7":[3,148],"8":[3,148],"9":[6,145],"10":[46,105],"11":[147,4],"12":[151,150],"13":[151,150],"14":[151,150],"15":[151,151],"16":[151,150]},"inputSourceMap":null,"_coverageSchema":"1a1c01bbd47fc00a2c39e90264f33305004495a9","hash":"038c27338518301ed0608ebb00e7de6a1d42c634"}
,"/home/runner/work/AutoResearch/AutoResearch/dist/translators/cli.js": {"path":"/home/runner/work/AutoResearch/AutoResearch/dist/translators/cli.js","statementMap":{"0":{"start":{"line":2,"column":19},"end":{"line":6,"column":5}},"1":{"start":{"line":7,"column":29},"end":{"line":13,"column":19}},"2":{"start":{"line":14,"column":19},"end":{"line":17,"column":5}},"3":{"start":{"line":18,"column":4},"end":{"line":35,"column":6}},"4":{"start":{"line":38,"column":4},"end":{"line":59,"column":6}},"5":{"start":{"line":62,"column":23},"end":{"line":62,"column":49}},"6":{"start":{"line":63,"column":4},"end":{"line":65,"column":5}},"7":{"start":{"line":64,"column":8},"end":{"line":64,"column":49}},"8":{"start":{"line":66,"column":19},"end":{"line":66,"column":61}},"9":{"start":{"line":67,"column":16},"end":{"line":67,"column":17}},"10":{"start":{"line":68,"column":4},"end":{"line":73,"column":5}},"11":{"start":{"line":69,"column":23},"end":{"line":69,"column":41}},"12":{"start":{"line":70,"column":21},"end":{"line":70,"column":29}},"13":{"start":{"line":71,"column":27},"end":{"line":71,"column":61}},"14":{"start":{"line":72,"column":8},"end":{"line":72,"column":43}},"15":{"start":{"line":74,"column":4},"end":{"line":74,"column":41}},"16":{"start":{"line":77,"column":4},"end":{"line":78,"column":49}},"17":{"start":{"line":78,"column":8},"end":{"line":78,"column":49}},"18":{"start":{"line":79,"column":4},"end":{"line":80,"column":48}},"19":{"start":{"line":80,"column":8},"end":{"line":80,"column":48}},"20":{"start":{"line":81,"column":4},"end":{"line":82,"column":46}},"21":{"start":{"line":82,"column":8},"end":{"line":82,"column":46}},"22":{"start":{"line":83,"column":4},"end":{"line":83,"column":25}}},"fnMap":{"0":{"name":"taskContextFromRunConfig","decl":{"start":{"line":1,"column":16},"end":{"line":1,"column":40}},"loc":{"start":{"line":1,"column":53},"end":{"line":36,"column":1}},"line":1},"1":{"name":"runConfigFromTaskContext","decl":{"start":{"line":37,"column":16},"end":{"line":37,"column":40}},"loc":{"start":{"line":37,"column":50},"end":{"line":60,"column":1}},"line":37},"2":{"name":"parseDuration","decl":{"start":{"line":61,"column":9},"end":{"line":61,"column":22}},"loc":{"start":{"line":61,"column":30},"end":{"line":75,"column":1}},"line":61},"3":{"name":"formatDuration","decl":{"start":{"line":76,"column":9},"end":{"line":76,"column":23}},"loc":{"start":{"line":76,"column":33},"end":{"line":84,"column":1}},"line":76}},"branchMap":{"0":{"loc":{"start":{"line":3,"column":14},"end":{"line":3,"column":52}},"type":"binary-expr","locations":[{"start":{"line":3,"column":14},"end":{"line":3,"column":35}},{"start":{"line":3,"column":39},"end":{"line":3,"column":52}}],"line":3},"1":{"loc":{"start":{"line":4,"column":20},"end":{"line":4,"column":64}},"type":"binary-expr","locations":[{"start":{"line":4,"column":20},"end":{"line":4,"column":44}},{"start":{"line":4,"column":48},"end":{"line":4,"column":64}}],"line":4},"2":{"loc":{"start":{"line":7,"column":29},"end":{"line":13,"column":19}},"type":"cond-expr","locations":[{"start":{"line":8,"column":10},"end":{"line":12,"column":9}},{"start":{"line":13,"column":10},"end":{"line":13,"column":19}}],"line":7},"3":{"loc":{"start":{"line":10,"column":24},"end":{"line":10,"column":71}},"type":"binary-expr","locations":[{"start":{"line":10,"column":24},"end":{"line":10,"column":51}},{"start":{"line":10,"column":55},"end":{"line":10,"column":71}}],"line":10},"4":{"loc":{"start":{"line":29,"column":34},"end":{"line":29,"column":94}},"type":"cond-expr","locations":[{"start":{"line":29,"column":52},"end":{"line":29,"column":82}},{"start":{"line":29,"column":85},"end":{"line":29,"column":94}}],"line":29},"5":{"loc":{"start":{"line":34,"column":18},"end":{"line":34,"column":74}},"type":"cond-expr","locations":[{"start":{"line":34,"column":35},"end":{"line":34,"column":62}},{"start":{"line":34,"column":65},"end":{"line":34,"column":74}}],"line":34},"6":{"loc":{"start":{"line":42,"column":16},"end":{"line":42,"column":44}},"type":"binary-expr","locations":[{"start":{"line":42,"column":16},"end":{"line":42,"column":38}},{"start":{"line":42,"column":42},"end":{"line":42,"column":44}}],"line":42},"7":{"loc":{"start":{"line":43,"column":15},"end":{"line":43,"column":42}},"type":"binary-expr","locations":[{"start":{"line":43,"column":15},"end":{"line":43,"column":36}},{"start":{"line":43,"column":40},"end":{"line":43,"column":42}}],"line":43},"8":{"loc":{"start":{"line":44,"column":14},"end":{"line":44,"column":60}},"type":"binary-expr","locations":[{"start":{"line":44,"column":14},"end":{"line":44,"column":44}},{"start":{"line":44,"column":48},"end":{"line":44,"column":60}}],"line":44},"9":{"loc":{"start":{"line":47,"column":18},"end":{"line":49,"column":23}},"type":"cond-expr","locations":[{"start":{"line":48,"column":14},"end":{"line":48,"column":70}},{"start":{"line":49,"column":14},"end":{"line":49,"column":23}}],"line":47},"10":{"loc":{"start":{"line":53,"column":17},"end":{"line":53,"column":55}},"type":"binary-expr","locations":[{"start":{"line":53,"column":17},"end":{"line":53,"column":42}},{"start":{"line":53,"column":46},"end":{"line":53,"column":55}}],"line":53},"11":{"loc":{"start":{"line":63,"column":4},"end":{"line":65,"column":5}},"type":"if","locations":[{"start":{"line":63,"column":4},"end":{"line":65,"column":5}},{"start":{},"end":{}}],"line":63},"12":{"loc":{"start":{"line":64,"column":15},"end":{"line":64,"column":48}},"type":"binary-expr","locations":[{"start":{"line":64,"column":15},"end":{"line":64,"column":35}},{"start":{"line":64,"column":39},"end":{"line":64,"column":48}}],"line":64},"13":{"loc":{"start":{"line":74,"column":11},"end":{"line":74,"column":40}},"type":"cond-expr","locations":[{"start":{"line":74,"column":23},"end":{"line":74,"column":28}},{"start":{"line":74,"column":31},"end":{"line":74,"column":40}}],"line":74},"14":{"loc":{"start":{"line":77,"column":4},"end":{"line":78,"column":49}},"type":"if","locations":[{"start":{"line":77,"column":4},"end":{"line":78,"column":49}},{"start":{},"end":{}}],"line":77},"15":{"loc":{"start":{"line":79,"column":4},"end":{"line":80,"column":48}},"type":"if","locations":[{"start":{"line":79,"column":4},"end":{"line":80,"column":48}},{"start":{},"end":{}}],"line":79},"16":{"loc":{"start":{"line":81,"column":4},"end":{"line":82,"column":46}},"type":"if","locations":[{"start":{"line":81,"column":4},"end":{"line":82,"column":46}},{"start":{},"end":{}}],"line":81}},"s":{"0":8,"1":8,"2":8,"3":8,"4":3,"5":7,"6":7,"7":0,"8":7,"9":7,"10":7,"11":7,"12":7,"13":7,"14":7,"15":7,"16":2,"17":0,"18":2,"19":2,"20":0,"21":0,"22":0},"f":{"0":8,"1":3,"2":7,"3":2},"b":{"0":[8,7],"1":[8,7],"2":[0,8],"3":[0,0],"4":[7,1],"5":[3,5],"6":[3,1],"7":[3,1],"8":[3,0],"9":[2,1],"10":[3,1],"11":[0,7],"12":[0,0],"13":[7,0],"14":[0,2],"15":[2,0],"16":[0,0]},"inputSourceMap":null,"_coverageSchema":"1a1c01bbd47fc00a2c39e90264f33305004495a9","hash":"62f38426fffc49b6851f9916abd9e25815a6d862"}
,"/home/runner/work/AutoResearch/AutoResearch/dist/translators/hermes.js": {"path":"/home/runner/work/AutoResearch/AutoResearch/dist/translators/hermes.js","statementMap":{"0":{"start":{"line":2,"column":19},"end":{"line":6,"column":5}},"1":{"start":{"line":7,"column":19},"end":{"line":10,"column":5}},"2":{"start":{"line":11,"column":4},"end":{"line":29,"column":6}},"3":{"start":{"line":32,"column":4},"end":{"line":52,"column":6}},"4":{"start":{"line":55,"column":4},"end":{"line":78,"column":6}},"5":{"start":{"line":81,"column":4},"end":{"line":100,"column":6}}},"fnMap":{"0":{"name":"taskContextFromHermesPayload","decl":{"start":{"line":1,"column":16},"end":{"line":1,"column":44}},"loc":{"start":{"line":1,"column":54},"end":{"line":30,"column":1}},"line":1},"1":{"name":"hermesPayloadFromTaskContext","decl":{"start":{"line":31,"column":16},"end":{"line":31,"column":44}},"loc":{"start":{"line":31,"column":54},"end":{"line":53,"column":1}},"line":31},"2":{"name":"taskContextFromRunState","decl":{"start":{"line":54,"column":16},"end":{"line":54,"column":39}},"loc":{"start":{"line":54,"column":47},"end":{"line":79,"column":1}},"line":54},"3":{"name":"runStateFromTaskContext","decl":{"start":{"line":80,"column":16},"end":{"line":80,"column":39}},"loc":{"start":{"line":80,"column":49},"end":{"line":101,"column":1}},"line":80}},"branchMap":{"0":{"loc":{"start":{"line":40,"column":24},"end":{"line":40,"column":52}},"type":"binary-expr","locations":[{"start":{"line":40,"column":24},"end":{"line":40,"column":46}},{"start":{"line":40,"column":50},"end":{"line":40,"column":52}}],"line":40},"1":{"loc":{"start":{"line":42,"column":14},"end":{"line":42,"column":60}},"type":"binary-expr","locations":[{"start":{"line":42,"column":14},"end":{"line":42,"column":44}},{"start":{"line":42,"column":48},"end":{"line":42,"column":60}}],"line":42},"2":{"loc":{"start":{"line":84,"column":15},"end":{"line":84,"column":34}},"type":"binary-expr","locations":[{"start":{"line":84,"column":15},"end":{"line":84,"column":28}},{"start":{"line":84,"column":32},"end":{"line":84,"column":34}}],"line":84},"3":{"loc":{"start":{"line":90,"column":16},"end":{"line":90,"column":44}},"type":"binary-expr","locations":[{"start":{"line":90,"column":16},"end":{"line":90,"column":38}},{"start":{"line":90,"column":42},"end":{"line":90,"column":44}}],"line":90},"4":{"loc":{"start":{"line":92,"column":14},"end":{"line":92,"column":60}},"type":"binary-expr","locations":[{"start":{"line":92,"column":14},"end":{"line":92,"column":44}},{"start":{"line":92,"column":48},"end":{"line":92,"column":60}}],"line":92},"5":{"loc":{"start":{"line":94,"column":26},"end":{"line":94,"column":79}},"type":"binary-expr","locations":[{"start":{"line":94,"column":26},"end":{"line":94,"column":66}},{"start":{"line":94,"column":70},"end":{"line":94,"column":79}}],"line":94},"6":{"loc":{"start":{"line":97,"column":18},"end":{"line":97,"column":64}},"type":"binary-expr","locations":[{"start":{"line":97,"column":18},"end":{"line":97,"column":58}},{"start":{"line":97,"column":62},"end":{"line":97,"column":64}}],"line":97},"7":{"loc":{"start":{"line":98,"column":18},"end":{"line":98,"column":64}},"type":"binary-expr","locations":[{"start":{"line":98,"column":18},"end":{"line":98,"column":58}},{"start":{"line":98,"column":62},"end":{"line":98,"column":64}}],"line":98}},"s":{"0":5,"1":5,"2":5,"3":4,"4":2,"5":0},"f":{"0":5,"1":4,"2":2,"3":0},"b":{"0":[4,1],"1":[4,0],"2":[0,0],"3":[0,0],"4":[0,0],"5":[0,0],"6":[0,0],"7":[0,0]},"inputSourceMap":null,"_coverageSchema":"1a1c01bbd47fc00a2c39e90264f33305004495a9","hash":"f6c027bbef00bec475e7e39d6fe21b222f5ec756"}
}
