{"/Users/maleick/Projects/AutoResearch/dist/constants.js": {"path":"/Users/maleick/Projects/AutoResearch/dist/constants.js","statementMap":{"0":{"start":{"line":1,"column":23},"end":{"line":1,"column":30}},"1":{"start":{"line":2,"column":28},"end":{"line":2,"column":51}},"2":{"start":{"line":3,"column":26},"end":{"line":3,"column":40}},"3":{"start":{"line":4,"column":29},"end":{"line":4,"column":44}},"4":{"start":{"line":5,"column":31},"end":{"line":5,"column":57}},"5":{"start":{"line":6,"column":29},"end":{"line":6,"column":55}},"6":{"start":{"line":7,"column":30},"end":{"line":7,"column":57}},"7":{"start":{"line":8,"column":30},"end":{"line":8,"column":54}}},"fnMap":{},"branchMap":{},"s":{"0":4,"1":4,"2":4,"3":4,"4":4,"5":4,"6":4,"7":4},"f":{},"b":{},"inputSourceMap":null,"_coverageSchema":"1a1c01bbd47fc00a2c39e90264f33305004495a9","hash":"1f60fe4d6a075bcf67aacbb8c6a9b2ef6ed3a0f9"}
,"/Users/maleick/Projects/AutoResearch/dist/helpers.js": {"path":"/Users/maleick/Projects/AutoResearch/dist/helpers.js","statementMap":{"0":{"start":{"line":5,"column":8},"end":{"line":5,"column":23}},"1":{"start":{"line":6,"column":8},"end":{"line":6,"column":40}},"2":{"start":{"line":10,"column":4},"end":{"line":10,"column":50}},"3":{"start":{"line":13,"column":4},"end":{"line":13,"column":79}},"4":{"start":{"line":16,"column":4},"end":{"line":16,"column":33}},"5":{"start":{"line":19,"column":4},"end":{"line":19,"column":54}},"6":{"start":{"line":22,"column":4},"end":{"line":22,"column":27}},"7":{"start":{"line":23,"column":16},"end":{"line":23,"column":47}},"8":{"start":{"line":24,"column":4},"end":{"line":24,"column":41}},"9":{"start":{"line":25,"column":4},"end":{"line":34,"column":5}},"10":{"start":{"line":26,"column":8},"end":{"line":26,"column":34}},"11":{"start":{"line":29,"column":8},"end":{"line":32,"column":30}},"12":{"start":{"line":30,"column":12},"end":{"line":30,"column":28}},"13":{"start":{"line":33,"column":8},"end":{"line":33,"column":67}},"14":{"start":{"line":37,"column":4},"end":{"line":37,"column":71}},"15":{"start":{"line":40,"column":4},"end":{"line":42,"column":5}},"16":{"start":{"line":41,"column":8},"end":{"line":41,"column":65}},"17":{"start":{"line":43,"column":4},"end":{"line":48,"column":5}},"18":{"start":{"line":44,"column":8},"end":{"line":44,"column":59}},"19":{"start":{"line":47,"column":8},"end":{"line":47,"column":88}},"20":{"start":{"line":51,"column":4},"end":{"line":53,"column":5}},"21":{"start":{"line":52,"column":8},"end":{"line":52,"column":75}},"22":{"start":{"line":54,"column":4},"end":{"line":54,"column":45}},"23":{"start":{"line":57,"column":4},"end":{"line":58,"column":23}},"24":{"start":{"line":58,"column":8},"end":{"line":58,"column":23}},"25":{"start":{"line":59,"column":23},"end":{"line":59,"column":49}},"26":{"start":{"line":60,"column":4},"end":{"line":62,"column":5}},"27":{"start":{"line":61,"column":8},"end":{"line":61,"column":71}},"28":{"start":{"line":63,"column":4},"end":{"line":63,"column":22}},"29":{"start":{"line":66,"column":4},"end":{"line":67,"column":28}},"30":{"start":{"line":67,"column":8},"end":{"line":67,"column":28}},"31":{"start":{"line":68,"column":23},"end":{"line":68,"column":49}},"32":{"start":{"line":69,"column":4},"end":{"line":71,"column":5}},"33":{"start":{"line":70,"column":8},"end":{"line":70,"column":66}},"34":{"start":{"line":72,"column":4},"end":{"line":72,"column":22}},"35":{"start":{"line":75,"column":4},"end":{"line":76,"column":60}},"36":{"start":{"line":76,"column":8},"end":{"line":76,"column":60}},"37":{"start":{"line":77,"column":23},"end":{"line":77,"column":49}},"38":{"start":{"line":78,"column":4},"end":{"line":80,"column":5}},"39":{"start":{"line":79,"column":8},"end":{"line":79,"column":79}},"40":{"start":{"line":81,"column":4},"end":{"line":81,"column":22}},"41":{"start":{"line":84,"column":4},"end":{"line":85,"column":25}},"42":{"start":{"line":85,"column":8},"end":{"line":85,"column":25}},"43":{"start":{"line":86,"column":14},"end":{"line":86,"column":33}},"44":{"start":{"line":87,"column":4},"end":{"line":89,"column":5}},"45":{"start":{"line":88,"column":8},"end":{"line":88,"column":99}},"46":{"start":{"line":90,"column":4},"end":{"line":90,"column":13}},"47":{"start":{"line":93,"column":4},"end":{"line":94,"column":20}},"48":{"start":{"line":94,"column":8},"end":{"line":94,"column":20}},"49":{"start":{"line":95,"column":23},"end":{"line":95,"column":49}},"50":{"start":{"line":96,"column":4},"end":{"line":97,"column":20}},"51":{"start":{"line":97,"column":8},"end":{"line":97,"column":20}},"52":{"start":{"line":98,"column":4},"end":{"line":103,"column":5}},"53":{"start":{"line":99,"column":18},"end":{"line":99,"column":38}},"54":{"start":{"line":100,"column":8},"end":{"line":101,"column":70}},"55":{"start":{"line":101,"column":12},"end":{"line":101,"column":70}},"56":{"start":{"line":102,"column":8},"end":{"line":102,"column":17}},"57":{"start":{"line":104,"column":19},"end":{"line":104,"column":61}},"58":{"start":{"line":105,"column":16},"end":{"line":105,"column":17}},"59":{"start":{"line":106,"column":14},"end":{"line":106,"column":15}},"60":{"start":{"line":107,"column":4},"end":{"line":116,"column":5}},"61":{"start":{"line":108,"column":8},"end":{"line":110,"column":9}},"62":{"start":{"line":109,"column":12},"end":{"line":109,"column":70}},"63":{"start":{"line":111,"column":23},"end":{"line":111,"column":41}},"64":{"start":{"line":112,"column":21},"end":{"line":112,"column":29}},"65":{"start":{"line":113,"column":27},"end":{"line":113,"column":61}},"66":{"start":{"line":114,"column":8},"end":{"line":114,"column":43}},"67":{"start":{"line":115,"column":8},"end":{"line":115,"column":31}},"68":{"start":{"line":117,"column":4},"end":{"line":119,"column":5}},"69":{"start":{"line":118,"column":8},"end":{"line":118,"column":66}},"70":{"start":{"line":120,"column":4},"end":{"line":120,"column":17}},"71":{"start":{"line":123,"column":17},"end":{"line":123,"column":28}},"72":{"start":{"line":124,"column":19},"end":{"line":124,"column":60}},"73":{"start":{"line":125,"column":4},"end":{"line":129,"column":5}},"74":{"start":{"line":126,"column":20},"end":{"line":126,"column":84}},"75":{"start":{"line":127,"column":8},"end":{"line":128,"column":30}},"76":{"start":{"line":128,"column":12},"end":{"line":128,"column":30}},"77":{"start":{"line":130,"column":21},"end":{"line":130,"column":46}},"78":{"start":{"line":131,"column":4},"end":{"line":132,"column":27}},"79":{"start":{"line":132,"column":8},"end":{"line":132,"column":27}},"80":{"start":{"line":133,"column":4},"end":{"line":134,"column":31}},"81":{"start":{"line":134,"column":8},"end":{"line":134,"column":31}},"82":{"start":{"line":135,"column":4},"end":{"line":136,"column":28}},"83":{"start":{"line":136,"column":8},"end":{"line":136,"column":28}},"84":{"start":{"line":137,"column":4},"end":{"line":138,"column":24}},"85":{"start":{"line":138,"column":8},"end":{"line":138,"column":24}},"86":{"start":{"line":139,"column":4},"end":{"line":139,"column":34}},"87":{"start":{"line":142,"column":4},"end":{"line":143,"column":18}},"88":{"start":{"line":143,"column":8},"end":{"line":143,"column":18}},"89":{"start":{"line":144,"column":4},"end":{"line":146,"column":5}},"90":{"start":{"line":145,"column":8},"end":{"line":145,"column":84}},"91":{"start":{"line":145,"column":56},"end":{"line":145,"column":64}},"92":{"start":{"line":147,"column":4},"end":{"line":150,"column":5}},"93":{"start":{"line":148,"column":20},"end":{"line":148,"column":41}},"94":{"start":{"line":149,"column":8},"end":{"line":149,"column":32}},"95":{"start":{"line":151,"column":20},"end":{"line":162,"column":6}},"96":{"start":{"line":151,"column":29},"end":{"line":162,"column":6}},"97":{"start":{"line":152,"column":8},"end":{"line":153,"column":22}},"98":{"start":{"line":153,"column":12},"end":{"line":153,"column":22}},"99":{"start":{"line":154,"column":8},"end":{"line":157,"column":9}},"100":{"start":{"line":155,"column":28},"end":{"line":155,"column":36}},"101":{"start":{"line":156,"column":12},"end":{"line":156,"column":44}},"102":{"start":{"line":158,"column":8},"end":{"line":159,"column":30}},"103":{"start":{"line":159,"column":12},"end":{"line":159,"column":30}},"104":{"start":{"line":160,"column":20},"end":{"line":160,"column":36}},"105":{"start":{"line":161,"column":8},"end":{"line":161,"column":32}},"106":{"start":{"line":163,"column":4},"end":{"line":163,"column":57}},"107":{"start":{"line":166,"column":21},"end":{"line":166,"column":36}},"108":{"start":{"line":167,"column":4},"end":{"line":167,"column":52}},"109":{"start":{"line":167,"column":34},"end":{"line":167,"column":50}},"110":{"start":{"line":170,"column":18},"end":{"line":170,"column":44}},"111":{"start":{"line":171,"column":4},"end":{"line":172,"column":18}},"112":{"start":{"line":172,"column":8},"end":{"line":172,"column":18}},"113":{"start":{"line":173,"column":20},"end":{"line":173,"column":40}},"114":{"start":{"line":174,"column":4},"end":{"line":179,"column":7}},"115":{"start":{"line":175,"column":21},"end":{"line":175,"column":34}},"116":{"start":{"line":176,"column":20},"end":{"line":176,"column":22}},"117":{"start":{"line":177,"column":8},"end":{"line":177,"column":63}},"118":{"start":{"line":177,"column":36},"end":{"line":177,"column":59}},"119":{"start":{"line":178,"column":8},"end":{"line":178,"column":19}},"120":{"start":{"line":182,"column":18},"end":{"line":182,"column":44}},"121":{"start":{"line":183,"column":4},"end":{"line":183,"column":80}},"122":{"start":{"line":183,"column":59},"end":{"line":183,"column":67}},"123":{"start":{"line":186,"column":4},"end":{"line":188,"column":5}},"124":{"start":{"line":187,"column":8},"end":{"line":187,"column":70}},"125":{"start":{"line":189,"column":16},"end":{"line":189,"column":21}},"126":{"start":{"line":190,"column":21},"end":{"line":190,"column":190}},"127":{"start":{"line":191,"column":4},"end":{"line":195,"column":5}},"128":{"start":{"line":192,"column":8},"end":{"line":194,"column":9}},"129":{"start":{"line":193,"column":12},"end":{"line":193,"column":90}},"130":{"start":{"line":196,"column":4},"end":{"line":198,"column":5}},"131":{"start":{"line":197,"column":8},"end":{"line":197,"column":79}},"132":{"start":{"line":199,"column":19},"end":{"line":199,"column":29}},"133":{"start":{"line":200,"column":4},"end":{"line":202,"column":5}},"134":{"start":{"line":201,"column":8},"end":{"line":201,"column":90}},"135":{"start":{"line":203,"column":4},"end":{"line":205,"column":5}},"136":{"start":{"line":204,"column":8},"end":{"line":204,"column":78}},"137":{"start":{"line":206,"column":18},"end":{"line":206,"column":27}},"138":{"start":{"line":207,"column":4},"end":{"line":209,"column":5}},"139":{"start":{"line":208,"column":8},"end":{"line":208,"column":117}},"140":{"start":{"line":210,"column":4},"end":{"line":212,"column":5}},"141":{"start":{"line":211,"column":8},"end":{"line":211,"column":78}},"142":{"start":{"line":213,"column":18},"end":{"line":213,"column":27}},"143":{"start":{"line":214,"column":4},"end":{"line":216,"column":5}},"144":{"start":{"line":215,"column":8},"end":{"line":215,"column":129}},"145":{"start":{"line":217,"column":4},"end":{"line":217,"column":15}}},"fnMap":{"0":{"name":"(anonymous_0)","decl":{"start":{"line":4,"column":4},"end":{"line":4,"column":5}},"loc":{"start":{"line":4,"column":25},"end":{"line":7,"column":5}},"line":4},"1":{"name":"printJson","decl":{"start":{"line":9,"column":16},"end":{"line":9,"column":25}},"loc":{"start":{"line":9,"column":35},"end":{"line":11,"column":1}},"line":9},"2":{"name":"utcNow","decl":{"start":{"line":12,"column":16},"end":{"line":12,"column":22}},"loc":{"start":{"line":12,"column":25},"end":{"line":14,"column":1}},"line":12},"3":{"name":"resolveRepo","decl":{"start":{"line":15,"column":16},"end":{"line":15,"column":27}},"loc":{"start":{"line":15,"column":34},"end":{"line":17,"column":1}},"line":15},"4":{"name":"ensureParent","decl":{"start":{"line":18,"column":16},"end":{"line":18,"column":28}},"loc":{"start":{"line":18,"column":39},"end":{"line":20,"column":1}},"line":18},"5":{"name":"atomicWriteText","decl":{"start":{"line":21,"column":9},"end":{"line":21,"column":24}},"loc":{"start":{"line":21,"column":44},"end":{"line":35,"column":1}},"line":21},"6":{"name":"atomicWriteJson","decl":{"start":{"line":36,"column":16},"end":{"line":36,"column":31}},"loc":{"start":{"line":36,"column":51},"end":{"line":38,"column":1}},"line":36},"7":{"name":"readJsonFile","decl":{"start":{"line":39,"column":16},"end":{"line":39,"column":28}},"loc":{"start":{"line":39,"column":39},"end":{"line":49,"column":1}},"line":39},"8":{"name":"resolvePath","decl":{"start":{"line":50,"column":16},"end":{"line":50,"column":27}},"loc":{"start":{"line":50,"column":54},"end":{"line":55,"column":1}},"line":50},"9":{"name":"normalizeDirection","decl":{"start":{"line":56,"column":16},"end":{"line":56,"column":34}},"loc":{"start":{"line":56,"column":42},"end":{"line":64,"column":1}},"line":56},"10":{"name":"normalizeMode","decl":{"start":{"line":65,"column":16},"end":{"line":65,"column":29}},"loc":{"start":{"line":65,"column":37},"end":{"line":73,"column":1}},"line":65},"11":{"name":"normalizeResultStatus","decl":{"start":{"line":74,"column":16},"end":{"line":74,"column":37}},"loc":{"start":{"line":74,"column":56},"end":{"line":82,"column":1}},"line":74},"12":{"name":"parsePositiveInt","decl":{"start":{"line":83,"column":16},"end":{"line":83,"column":32}},"loc":{"start":{"line":83,"column":51},"end":{"line":91,"column":1}},"line":83},"13":{"name":"parseDurationSeconds","decl":{"start":{"line":92,"column":16},"end":{"line":92,"column":36}},"loc":{"start":{"line":92,"column":44},"end":{"line":121,"column":1}},"line":92},"14":{"name":"inferVerifyCommand","decl":{"start":{"line":122,"column":16},"end":{"line":122,"column":34}},"loc":{"start":{"line":122,"column":41},"end":{"line":140,"column":1}},"line":122},"15":{"name":"normalizeLabels","decl":{"start":{"line":141,"column":16},"end":{"line":141,"column":31}},"loc":{"start":{"line":141,"column":40},"end":{"line":164,"column":1}},"line":141},"16":{"name":"(anonymous_16)","decl":{"start":{"line":145,"column":49},"end":{"line":145,"column":50}},"loc":{"start":{"line":145,"column":56},"end":{"line":145,"column":64}},"line":145},"17":{"name":"(anonymous_17)","decl":{"start":{"line":151,"column":20},"end":{"line":151,"column":21}},"loc":{"start":{"line":151,"column":29},"end":{"line":162,"column":6}},"line":151},"18":{"name":"(anonymous_18)","decl":{"start":{"line":151,"column":41},"end":{"line":151,"column":42}},"loc":{"start":{"line":151,"column":48},"end":{"line":162,"column":5}},"line":151},"19":{"name":"missingRequiredLabels","decl":{"start":{"line":165,"column":16},"end":{"line":165,"column":37}},"loc":{"start":{"line":165,"column":56},"end":{"line":168,"column":1}},"line":165},"20":{"name":"(anonymous_20)","decl":{"start":{"line":167,"column":27},"end":{"line":167,"column":28}},"loc":{"start":{"line":167,"column":34},"end":{"line":167,"column":50}},"line":167},"21":{"name":"parseTsvFile","decl":{"start":{"line":169,"column":16},"end":{"line":169,"column":28}},"loc":{"start":{"line":169,"column":38},"end":{"line":180,"column":1}},"line":169},"22":{"name":"(anonymous_22)","decl":{"start":{"line":174,"column":46},"end":{"line":174,"column":47}},"loc":{"start":{"line":174,"column":53},"end":{"line":179,"column":5}},"line":174},"23":{"name":"(anonymous_23)","decl":{"start":{"line":177,"column":24},"end":{"line":177,"column":25}},"loc":{"start":{"line":177,"column":34},"end":{"line":177,"column":61}},"line":177},"24":{"name":"countTsvDataRows","decl":{"start":{"line":181,"column":16},"end":{"line":181,"column":32}},"loc":{"start":{"line":181,"column":42},"end":{"line":184,"column":1}},"line":181},"25":{"name":"(anonymous_25)","decl":{"start":{"line":183,"column":52},"end":{"line":183,"column":53}},"loc":{"start":{"line":183,"column":59},"end":{"line":183,"column":67}},"line":183},"26":{"name":"parseRunState","decl":{"start":{"line":185,"column":16},"end":{"line":185,"column":29}},"loc":{"start":{"line":185,"column":37},"end":{"line":218,"column":1}},"line":185}},"branchMap":{"0":{"loc":{"start":{"line":16,"column":11},"end":{"line":16,"column":32}},"type":"binary-expr","locations":[{"start":{"line":16,"column":11},"end":{"line":16,"column":15}},{"start":{"line":16,"column":19},"end":{"line":16,"column":32}}],"line":16},"1":{"loc":{"start":{"line":40,"column":4},"end":{"line":42,"column":5}},"type":"if","locations":[{"start":{"line":40,"column":4},"end":{"line":42,"column":5}},{"start":{},"end":{}}],"line":40},"2":{"loc":{"start":{"line":51,"column":4},"end":{"line":53,"column":5}},"type":"if","locations":[{"start":{"line":51,"column":4},"end":{"line":53,"column":5}},{"start":{},"end":{}}],"line":51},"3":{"loc":{"start":{"line":52,"column":15},"end":{"line":52,"column":74}},"type":"cond-expr","locations":[{"start":{"line":52,"column":39},"end":{"line":52,"column":44}},{"start":{"line":52,"column":47},"end":{"line":52,"column":74}}],"line":52},"4":{"loc":{"start":{"line":52,"column":55},"end":{"line":52,"column":66}},"type":"binary-expr","locations":[{"start":{"line":52,"column":55},"end":{"line":52,"column":59}},{"start":{"line":52,"column":63},"end":{"line":52,"column":66}}],"line":52},"5":{"loc":{"start":{"line":54,"column":19},"end":{"line":54,"column":30}},"type":"binary-expr","locations":[{"start":{"line":54,"column":19},"end":{"line":54,"column":23}},{"start":{"line":54,"column":27},"end":{"line":54,"column":30}}],"line":54},"6":{"loc":{"start":{"line":57,"column":4},"end":{"line":58,"column":23}},"type":"if","locations":[{"start":{"line":57,"column":4},"end":{"line":58,"column":23}},{"start":{},"end":{}}],"line":57},"7":{"loc":{"start":{"line":60,"column":4},"end":{"line":62,"column":5}},"type":"if","locations":[{"start":{"line":60,"column":4},"end":{"line":62,"column":5}},{"start":{},"end":{}}],"line":60},"8":{"loc":{"start":{"line":60,"column":8},"end":{"line":60,"column":57}},"type":"binary-expr","locations":[{"start":{"line":60,"column":8},"end":{"line":60,"column":30}},{"start":{"line":60,"column":34},"end":{"line":60,"column":57}}],"line":60},"9":{"loc":{"start":{"line":66,"column":4},"end":{"line":67,"column":28}},"type":"if","locations":[{"start":{"line":66,"column":4},"end":{"line":67,"column":28}},{"start":{},"end":{}}],"line":66},"10":{"loc":{"start":{"line":69,"column":4},"end":{"line":71,"column":5}},"type":"if","locations":[{"start":{"line":69,"column":4},"end":{"line":71,"column":5}},{"start":{},"end":{}}],"line":69},"11":{"loc":{"start":{"line":69,"column":8},"end":{"line":69,"column":66}},"type":"binary-expr","locations":[{"start":{"line":69,"column":8},"end":{"line":69,"column":35}},{"start":{"line":69,"column":39},"end":{"line":69,"column":66}}],"line":69},"12":{"loc":{"start":{"line":75,"column":4},"end":{"line":76,"column":60}},"type":"if","locations":[{"start":{"line":75,"column":4},"end":{"line":76,"column":60}},{"start":{},"end":{}}],"line":75},"13":{"loc":{"start":{"line":78,"column":4},"end":{"line":80,"column":5}},"type":"if","locations":[{"start":{"line":78,"column":4},"end":{"line":80,"column":5}},{"start":{},"end":{}}],"line":78},"14":{"loc":{"start":{"line":84,"column":4},"end":{"line":85,"column":25}},"type":"if","locations":[{"start":{"line":84,"column":4},"end":{"line":85,"column":25}},{"start":{},"end":{}}],"line":84},"15":{"loc":{"start":{"line":87,"column":4},"end":{"line":89,"column":5}},"type":"if","locations":[{"start":{"line":87,"column":4},"end":{"line":89,"column":5}},{"start":{},"end":{}}],"line":87},"16":{"loc":{"start":{"line":87,"column":8},"end":{"line":87,"column":26}},"type":"binary-expr","locations":[{"start":{"line":87,"column":8},"end":{"line":87,"column":16}},{"start":{"line":87,"column":20},"end":{"line":87,"column":26}}],"line":87},"17":{"loc":{"start":{"line":93,"column":4},"end":{"line":94,"column":20}},"type":"if","locations":[{"start":{"line":93,"column":4},"end":{"line":94,"column":20}},{"start":{},"end":{}}],"line":93},"18":{"loc":{"start":{"line":96,"column":4},"end":{"line":97,"column":20}},"type":"if","locations":[{"start":{"line":96,"column":4},"end":{"line":97,"column":20}},{"start":{},"end":{}}],"line":96},"19":{"loc":{"start":{"line":98,"column":4},"end":{"line":103,"column":5}},"type":"if","locations":[{"start":{"line":98,"column":4},"end":{"line":103,"column":5}},{"start":{},"end":{}}],"line":98},"20":{"loc":{"start":{"line":100,"column":8},"end":{"line":101,"column":70}},"type":"if","locations":[{"start":{"line":100,"column":8},"end":{"line":101,"column":70}},{"start":{},"end":{}}],"line":100},"21":{"loc":{"start":{"line":108,"column":8},"end":{"line":110,"column":9}},"type":"if","locations":[{"start":{"line":108,"column":8},"end":{"line":110,"column":9}},{"start":{},"end":{}}],"line":108},"22":{"loc":{"start":{"line":117,"column":4},"end":{"line":119,"column":5}},"type":"if","locations":[{"start":{"line":117,"column":4},"end":{"line":119,"column":5}},{"start":{},"end":{}}],"line":117},"23":{"loc":{"start":{"line":117,"column":8},"end":{"line":117,"column":47}},"type":"binary-expr","locations":[{"start":{"line":117,"column":8},"end":{"line":117,"column":33}},{"start":{"line":117,"column":37},"end":{"line":117,"column":47}}],"line":117},"24":{"loc":{"start":{"line":123,"column":17},"end":{"line":123,"column":28}},"type":"binary-expr","locations":[{"start":{"line":123,"column":17},"end":{"line":123,"column":21}},{"start":{"line":123,"column":25},"end":{"line":123,"column":28}}],"line":123},"25":{"loc":{"start":{"line":125,"column":4},"end":{"line":129,"column":5}},"type":"if","locations":[{"start":{"line":125,"column":4},"end":{"line":129,"column":5}},{"start":{},"end":{}}],"line":125},"26":{"loc":{"start":{"line":127,"column":8},"end":{"line":128,"column":30}},"type":"if","locations":[{"start":{"line":127,"column":8},"end":{"line":128,"column":30}},{"start":{},"end":{}}],"line":127},"27":{"loc":{"start":{"line":131,"column":4},"end":{"line":132,"column":27}},"type":"if","locations":[{"start":{"line":131,"column":4},"end":{"line":132,"column":27}},{"start":{},"end":{}}],"line":131},"28":{"loc":{"start":{"line":133,"column":4},"end":{"line":134,"column":31}},"type":"if","locations":[{"start":{"line":133,"column":4},"end":{"line":134,"column":31}},{"start":{},"end":{}}],"line":133},"29":{"loc":{"start":{"line":135,"column":4},"end":{"line":136,"column":28}},"type":"if","locations":[{"start":{"line":135,"column":4},"end":{"line":136,"column":28}},{"start":{},"end":{}}],"line":135},"30":{"loc":{"start":{"line":137,"column":4},"end":{"line":138,"column":24}},"type":"if","locations":[{"start":{"line":137,"column":4},"end":{"line":138,"column":24}},{"start":{},"end":{}}],"line":137},"31":{"loc":{"start":{"line":137,"column":8},"end":{"line":137,"column":85}},"type":"binary-expr","locations":[{"start":{"line":137,"column":8},"end":{"line":137,"column":47}},{"start":{"line":137,"column":51},"end":{"line":137,"column":85}}],"line":137},"32":{"loc":{"start":{"line":142,"column":4},"end":{"line":143,"column":18}},"type":"if","locations":[{"start":{"line":142,"column":4},"end":{"line":143,"column":18}},{"start":{},"end":{}}],"line":142},"33":{"loc":{"start":{"line":144,"column":4},"end":{"line":146,"column":5}},"type":"if","locations":[{"start":{"line":144,"column":4},"end":{"line":146,"column":5}},{"start":{},"end":{}}],"line":144},"34":{"loc":{"start":{"line":147,"column":4},"end":{"line":150,"column":5}},"type":"if","locations":[{"start":{"line":147,"column":4},"end":{"line":150,"column":5}},{"start":{},"end":{}}],"line":147},"35":{"loc":{"start":{"line":149,"column":15},"end":{"line":149,"column":31}},"type":"cond-expr","locations":[{"start":{"line":149,"column":21},"end":{"line":149,"column":26}},{"start":{"line":149,"column":29},"end":{"line":149,"column":31}}],"line":149},"36":{"loc":{"start":{"line":152,"column":8},"end":{"line":153,"column":22}},"type":"if","locations":[{"start":{"line":152,"column":8},"end":{"line":153,"column":22}},{"start":{},"end":{}}],"line":152},"37":{"loc":{"start":{"line":154,"column":8},"end":{"line":157,"column":9}},"type":"if","locations":[{"start":{"line":154,"column":8},"end":{"line":157,"column":9}},{"start":{},"end":{}}],"line":154},"38":{"loc":{"start":{"line":156,"column":19},"end":{"line":156,"column":43}},"type":"cond-expr","locations":[{"start":{"line":156,"column":29},"end":{"line":156,"column":38}},{"start":{"line":156,"column":41},"end":{"line":156,"column":43}}],"line":156},"39":{"loc":{"start":{"line":158,"column":8},"end":{"line":159,"column":30}},"type":"if","locations":[{"start":{"line":158,"column":8},"end":{"line":159,"column":30}},{"start":{},"end":{}}],"line":158},"40":{"loc":{"start":{"line":161,"column":15},"end":{"line":161,"column":31}},"type":"cond-expr","locations":[{"start":{"line":161,"column":21},"end":{"line":161,"column":26}},{"start":{"line":161,"column":29},"end":{"line":161,"column":31}}],"line":161},"41":{"loc":{"start":{"line":171,"column":4},"end":{"line":172,"column":18}},"type":"if","locations":[{"start":{"line":171,"column":4},"end":{"line":172,"column":18}},{"start":{},"end":{}}],"line":171},"42":{"loc":{"start":{"line":177,"column":45},"end":{"line":177,"column":58}},"type":"binary-expr","locations":[{"start":{"line":177,"column":45},"end":{"line":177,"column":52}},{"start":{"line":177,"column":56},"end":{"line":177,"column":58}}],"line":177},"43":{"loc":{"start":{"line":183,"column":11},"end":{"line":183,"column":79}},"type":"cond-expr","locations":[{"start":{"line":183,"column":30},"end":{"line":183,"column":75}},{"start":{"line":183,"column":78},"end":{"line":183,"column":79}}],"line":183},"44":{"loc":{"start":{"line":186,"column":4},"end":{"line":188,"column":5}},"type":"if","locations":[{"start":{"line":186,"column":4},"end":{"line":188,"column":5}},{"start":{},"end":{}}],"line":186},"45":{"loc":{"start":{"line":186,"column":8},"end":{"line":186,"column":51}},"type":"binary-expr","locations":[{"start":{"line":186,"column":8},"end":{"line":186,"column":33}},{"start":{"line":186,"column":37},"end":{"line":186,"column":51}}],"line":186},"46":{"loc":{"start":{"line":192,"column":8},"end":{"line":194,"column":9}},"type":"if","locations":[{"start":{"line":192,"column":8},"end":{"line":194,"column":9}},{"start":{},"end":{}}],"line":192},"47":{"loc":{"start":{"line":196,"column":4},"end":{"line":198,"column":5}},"type":"if","locations":[{"start":{"line":196,"column":4},"end":{"line":198,"column":5}},{"start":{},"end":{}}],"line":196},"48":{"loc":{"start":{"line":196,"column":8},"end":{"line":196,"column":61}},"type":"binary-expr","locations":[{"start":{"line":196,"column":8},"end":{"line":196,"column":38}},{"start":{"line":196,"column":42},"end":{"line":196,"column":61}}],"line":196},"49":{"loc":{"start":{"line":200,"column":4},"end":{"line":202,"column":5}},"type":"if","locations":[{"start":{"line":200,"column":4},"end":{"line":202,"column":5}},{"start":{},"end":{}}],"line":200},"50":{"loc":{"start":{"line":200,"column":8},"end":{"line":200,"column":79}},"type":"binary-expr","locations":[{"start":{"line":200,"column":8},"end":{"line":200,"column":39}},{"start":{"line":200,"column":43},"end":{"line":200,"column":79}}],"line":200},"51":{"loc":{"start":{"line":203,"column":4},"end":{"line":205,"column":5}},"type":"if","locations":[{"start":{"line":203,"column":4},"end":{"line":205,"column":5}},{"start":{},"end":{}}],"line":203},"52":{"loc":{"start":{"line":203,"column":8},"end":{"line":203,"column":59}},"type":"binary-expr","locations":[{"start":{"line":203,"column":8},"end":{"line":203,"column":37}},{"start":{"line":203,"column":41},"end":{"line":203,"column":59}}],"line":203},"53":{"loc":{"start":{"line":207,"column":4},"end":{"line":209,"column":5}},"type":"if","locations":[{"start":{"line":207,"column":4},"end":{"line":209,"column":5}},{"start":{},"end":{}}],"line":207},"54":{"loc":{"start":{"line":207,"column":8},"end":{"line":207,"column":164}},"type":"binary-expr","locations":[{"start":{"line":207,"column":8},"end":{"line":207,"column":50}},{"start":{"line":207,"column":54},"end":{"line":207,"column":84}},{"start":{"line":207,"column":88},"end":{"line":207,"column":123}},{"start":{"line":207,"column":127},"end":{"line":207,"column":164}}],"line":207},"55":{"loc":{"start":{"line":210,"column":4},"end":{"line":212,"column":5}},"type":"if","locations":[{"start":{"line":210,"column":4},"end":{"line":212,"column":5}},{"start":{},"end":{}}],"line":210},"56":{"loc":{"start":{"line":210,"column":8},"end":{"line":210,"column":59}},"type":"binary-expr","locations":[{"start":{"line":210,"column":8},"end":{"line":210,"column":37}},{"start":{"line":210,"column":41},"end":{"line":210,"column":59}}],"line":210},"57":{"loc":{"start":{"line":214,"column":4},"end":{"line":216,"column":5}},"type":"if","locations":[{"start":{"line":214,"column":4},"end":{"line":216,"column":5}},{"start":{},"end":{}}],"line":214},"58":{"loc":{"start":{"line":214,"column":8},"end":{"line":214,"column":180}},"type":"binary-expr","locations":[{"start":{"line":214,"column":8},"end":{"line":214,"column":49}},{"start":{"line":214,"column":53},"end":{"line":214,"column":91}},{"start":{"line":214,"column":95},"end":{"line":214,"column":139}},{"start":{"line":214,"column":143},"end":{"line":214,"column":180}}],"line":214}},"s":{"0":34,"1":34,"2":3,"3":56,"4":150,"5":65,"6":47,"7":47,"8":47,"9":47,"10":47,"11":0,"12":0,"13":0,"14":47,"15":55,"16":1,"17":54,"18":54,"19":3,"20":1128,"21":1045,"22":83,"23":181,"24":150,"25":31,"26":31,"27":1,"28":30,"29":156,"30":147,"31":9,"32":9,"33":1,"34":8,"35":10,"36":2,"37":8,"38":8,"39":2,"40":6,"41":7,"42":3,"43":4,"44":4,"45":3,"46":1,"47":195,"48":171,"49":24,"50":24,"51":1,"52":23,"53":3,"54":3,"55":1,"56":2,"57":20,"58":20,"59":20,"60":20,"61":23,"62":3,"63":20,"64":20,"65":20,"66":20,"67":20,"68":17,"69":4,"70":13,"71":54,"72":54,"73":54,"74":43,"75":43,"76":42,"77":12,"78":12,"79":1,"80":11,"81":1,"82":10,"83":1,"84":9,"85":2,"86":7,"87":1433,"88":2,"89":1431,"90":7,"91":16,"92":1424,"93":2,"94":2,"95":1422,"96":1426,"97":6033,"98":2,"99":6031,"100":6025,"101":6025,"102":6,"103":4,"104":2,"105":2,"106":1422,"107":56,"108":56,"109":14,"110":11,"111":11,"112":2,"113":9,"114":9,"115":1009,"116":1009,"117":1009,"118":10019,"119":1009,"120":10,"121":10,"122":1015,"123":56,"124":2,"125":54,"126":54,"127":54,"128":743,"129":1,"130":53,"131":1,"132":52,"133":52,"134":0,"135":52,"136":1,"137":51,"138":51,"139":0,"140":51,"141":0,"142":51,"143":51,"144":0,"145":51},"f":{"0":34,"1":3,"2":56,"3":150,"4":65,"5":47,"6":47,"7":55,"8":1128,"9":181,"10":156,"11":10,"12":7,"13":195,"14":54,"15":1433,"16":16,"17":1426,"18":6033,"19":56,"20":14,"21":11,"22":1009,"23":10019,"24":10,"25":1015,"26":56},"b":{"0":[150,41],"1":[1,54],"2":[1045,83],"3":[1,1044],"4":[1044,1000],"5":[83,1],"6":[150,31],"7":[1,30],"8":[31,13],"9":[147,9],"10":[1,8],"11":[9,5],"12":[2,8],"13":[2,6],"14":[3,4],"15":[3,1],"16":[4,3],"17":[171,24],"18":[1,23],"19":[3,20],"20":[1,2],"21":[3,20],"22":[4,13],"23":[17,14],"24":[54,37],"25":[43,11],"26":[42,1],"27":[1,11],"28":[1,10],"29":[1,9],"30":[2,7],"31":[9,8],"32":[2,1431],"33":[7,1424],"34":[2,1422],"35":[2,0],"36":[2,6031],"37":[6025,6],"38":[6025,0],"39":[4,2],"40":[2,0],"41":[2,9],"42":[10019,1],"43":[7,3],"44":[2,54],"45":[56,55],"46":[1,742],"47":[1,52],"48":[53,52],"49":[0,52],"50":[52,52],"51":[1,51],"52":[52,51],"53":[0,51],"54":[51,51,51,51],"55":[0,51],"56":[51,51],"57":[0,51],"58":[51,51,51,51]},"inputSourceMap":null,"_coverageSchema":"1a1c01bbd47fc00a2c39e90264f33305004495a9","hash":"3e4c3d9fd2a37e017c0f4e0f0d55edd32dee0f5e"}
,"/Users/maleick/Projects/AutoResearch/dist/index.js": {"path":"/Users/maleick/Projects/AutoResearch/dist/index.js","statementMap":{"0":{"start":{"line":5,"column":18},"end":{"line":5,"column":57}},"1":{"start":{"line":6,"column":18},"end":{"line":6,"column":28}},"2":{"start":{"line":7,"column":24},"end":{"line":7,"column":48}},"3":{"start":{"line":8,"column":23},"end":{"line":8,"column":30}},"4":{"start":{"line":10,"column":25},"end":{"line":10,"column":71}},"5":{"start":{"line":11,"column":4},"end":{"line":11,"column":66}},"6":{"start":{"line":13,"column":21},"end":{"line":23,"column":1}},"7":{"start":{"line":25,"column":4},"end":{"line":43,"column":6}},"8":{"start":{"line":27,"column":12},"end":{"line":27,"column":50}},"9":{"start":{"line":28,"column":12},"end":{"line":28,"column":48}},"10":{"start":{"line":29,"column":12},"end":{"line":29,"column":60}},"11":{"start":{"line":30,"column":12},"end":{"line":32,"column":13}},"12":{"start":{"line":31,"column":16},"end":{"line":31,"column":51}},"13":{"start":{"line":33,"column":12},"end":{"line":38,"column":13}},"14":{"start":{"line":34,"column":33},"end":{"line":34,"column":60}},"15":{"start":{"line":35,"column":16},"end":{"line":37,"column":18}},"16":{"start":{"line":41,"column":12},"end":{"line":41,"column":29}}},"fnMap":{"0":{"name":"commandNameForPath","decl":{"start":{"line":9,"column":9},"end":{"line":9,"column":27}},"loc":{"start":{"line":9,"column":38},"end":{"line":12,"column":1}},"line":9},"1":{"name":"server","decl":{"start":{"line":24,"column":22},"end":{"line":24,"column":28}},"loc":{"start":{"line":24,"column":31},"end":{"line":44,"column":1}},"line":24},"2":{"name":"(anonymous_2)","decl":{"start":{"line":26,"column":8},"end":{"line":26,"column":9}},"loc":{"start":{"line":26,"column":23},"end":{"line":39,"column":9}},"line":26},"3":{"name":"(anonymous_3)","decl":{"start":{"line":40,"column":8},"end":{"line":40,"column":9}},"loc":{"start":{"line":40,"column":16},"end":{"line":42,"column":9}},"line":40}},"branchMap":{"0":{"loc":{"start":{"line":27,"column":29},"end":{"line":27,"column":49}},"type":"binary-expr","locations":[{"start":{"line":27,"column":29},"end":{"line":27,"column":43}},{"start":{"line":27,"column":47},"end":{"line":27,"column":49}}],"line":27},"1":{"loc":{"start":{"line":28,"column":28},"end":{"line":28,"column":47}},"type":"binary-expr","locations":[{"start":{"line":28,"column":28},"end":{"line":28,"column":41}},{"start":{"line":28,"column":45},"end":{"line":28,"column":47}}],"line":28},"2":{"loc":{"start":{"line":29,"column":34},"end":{"line":29,"column":59}},"type":"binary-expr","locations":[{"start":{"line":29,"column":34},"end":{"line":29,"column":53}},{"start":{"line":29,"column":57},"end":{"line":29,"column":59}}],"line":29},"3":{"loc":{"start":{"line":30,"column":12},"end":{"line":32,"column":13}},"type":"if","locations":[{"start":{"line":30,"column":12},"end":{"line":32,"column":13}},{"start":{},"end":{}}],"line":30}},"s":{"0":1,"1":1,"2":1,"3":1,"4":9,"5":9,"6":1,"7":4,"8":1,"9":1,"10":1,"11":1,"12":1,"13":1,"14":9,"15":9,"16":3},"f":{"0":9,"1":4,"2":1,"3":3},"b":{"0":[1,1],"1":[1,1],"2":[1,1],"3":[1,0]},"inputSourceMap":null,"_coverageSchema":"1a1c01bbd47fc00a2c39e90264f33305004495a9","hash":"6e46fe637a2dc27167e0c2f591cd9fcefa239a5a"}
,"/Users/maleick/Projects/AutoResearch/dist/run-manager.js": {"path":"/Users/maleick/Projects/AutoResearch/dist/run-manager.js","statementMap":{"0":{"start":{"line":6,"column":24},"end":{"line":6,"column":76}},"1":{"start":{"line":7,"column":22},"end":{"line":7,"column":70}},"2":{"start":{"line":8,"column":4},"end":{"line":10,"column":5}},"3":{"start":{"line":9,"column":8},"end":{"line":9,"column":98}},"4":{"start":{"line":11,"column":19},"end":{"line":11,"column":138}},"5":{"start":{"line":12,"column":4},"end":{"line":12,"column":30}},"6":{"start":{"line":13,"column":4},"end":{"line":15,"column":5}},"7":{"start":{"line":14,"column":8},"end":{"line":14,"column":52}},"8":{"start":{"line":16,"column":18},"end":{"line":16,"column":66}},"9":{"start":{"line":17,"column":4},"end":{"line":17,"column":38}},"10":{"start":{"line":18,"column":4},"end":{"line":18,"column":17}},"11":{"start":{"line":21,"column":24},"end":{"line":21,"column":76}},"12":{"start":{"line":22,"column":22},"end":{"line":22,"column":70}},"13":{"start":{"line":23,"column":18},"end":{"line":23,"column":56}},"14":{"start":{"line":24,"column":29},"end":{"line":24,"column":74}},"15":{"start":{"line":25,"column":16},"end":{"line":25,"column":24}},"16":{"start":{"line":26,"column":22},"end":{"line":26,"column":51}},"17":{"start":{"line":27,"column":22},"end":{"line":27,"column":72}},"18":{"start":{"line":28,"column":25},"end":{"line":28,"column":62}},"19":{"start":{"line":29,"column":25},"end":{"line":29,"column":62}},"20":{"start":{"line":30,"column":24},"end":{"line":30,"column":70}},"21":{"start":{"line":31,"column":24},"end":{"line":31,"column":70}},"22":{"start":{"line":32,"column":4},"end":{"line":34,"column":5}},"23":{"start":{"line":33,"column":8},"end":{"line":33,"column":87}},"24":{"start":{"line":35,"column":22},"end":{"line":46,"column":23}},"25":{"start":{"line":47,"column":4},"end":{"line":47,"column":52}},"26":{"start":{"line":48,"column":21},"end":{"line":60,"column":5}},"27":{"start":{"line":61,"column":4},"end":{"line":73,"column":5}},"28":{"start":{"line":62,"column":8},"end":{"line":62,"column":54}},"29":{"start":{"line":63,"column":8},"end":{"line":63,"column":48}},"30":{"start":{"line":65,"column":9},"end":{"line":73,"column":5}},"31":{"start":{"line":66,"column":8},"end":{"line":66,"column":64}},"32":{"start":{"line":67,"column":8},"end":{"line":67,"column":86}},"33":{"start":{"line":69,"column":9},"end":{"line":73,"column":5}},"34":{"start":{"line":70,"column":8},"end":{"line":70,"column":68}},"35":{"start":{"line":71,"column":8},"end":{"line":71,"column":42}},"36":{"start":{"line":72,"column":8},"end":{"line":72,"column":48}},"37":{"start":{"line":74,"column":4},"end":{"line":85,"column":6}},"38":{"start":{"line":86,"column":4},"end":{"line":86,"column":41}},"39":{"start":{"line":87,"column":4},"end":{"line":87,"column":20}},"40":{"start":{"line":90,"column":16},"end":{"line":90,"column":24}},"41":{"start":{"line":91,"column":28},"end":{"line":91,"column":65}},"42":{"start":{"line":92,"column":23},"end":{"line":94,"column":19}},"43":{"start":{"line":95,"column":25},"end":{"line":99,"column":6}},"44":{"start":{"line":100,"column":31},"end":{"line":100,"column":67}},"45":{"start":{"line":101,"column":4},"end":{"line":148,"column":6}},"46":{"start":{"line":151,"column":22},"end":{"line":151,"column":70}},"47":{"start":{"line":152,"column":18},"end":{"line":152,"column":56}},"48":{"start":{"line":153,"column":4},"end":{"line":155,"column":5}},"49":{"start":{"line":154,"column":8},"end":{"line":154,"column":76}},"50":{"start":{"line":156,"column":4},"end":{"line":156,"column":32}},"51":{"start":{"line":157,"column":4},"end":{"line":157,"column":38}},"52":{"start":{"line":158,"column":4},"end":{"line":158,"column":42}},"53":{"start":{"line":159,"column":4},"end":{"line":159,"column":30}},"54":{"start":{"line":160,"column":4},"end":{"line":160,"column":38}},"55":{"start":{"line":161,"column":4},"end":{"line":161,"column":17}},"56":{"start":{"line":164,"column":22},"end":{"line":164,"column":70}},"57":{"start":{"line":165,"column":18},"end":{"line":165,"column":56}},"58":{"start":{"line":166,"column":4},"end":{"line":168,"column":5}},"59":{"start":{"line":167,"column":8},"end":{"line":167,"column":76}},"60":{"start":{"line":169,"column":4},"end":{"line":171,"column":5}},"61":{"start":{"line":170,"column":8},"end":{"line":170,"column":73}},"62":{"start":{"line":172,"column":4},"end":{"line":172,"column":32}},"63":{"start":{"line":173,"column":4},"end":{"line":173,"column":39}},"64":{"start":{"line":174,"column":4},"end":{"line":174,"column":36}},"65":{"start":{"line":175,"column":4},"end":{"line":175,"column":41}},"66":{"start":{"line":176,"column":4},"end":{"line":176,"column":29}},"67":{"start":{"line":177,"column":4},"end":{"line":177,"column":38}},"68":{"start":{"line":178,"column":4},"end":{"line":178,"column":17}},"69":{"start":{"line":181,"column":22},"end":{"line":181,"column":70}},"70":{"start":{"line":182,"column":18},"end":{"line":182,"column":56}},"71":{"start":{"line":183,"column":4},"end":{"line":184,"column":21}},"72":{"start":{"line":184,"column":8},"end":{"line":184,"column":21}},"73":{"start":{"line":185,"column":4},"end":{"line":185,"column":32}},"74":{"start":{"line":186,"column":4},"end":{"line":186,"column":31}},"75":{"start":{"line":187,"column":4},"end":{"line":187,"column":42}},"76":{"start":{"line":188,"column":4},"end":{"line":188,"column":36}},"77":{"start":{"line":189,"column":4},"end":{"line":189,"column":39}},"78":{"start":{"line":190,"column":4},"end":{"line":190,"column":35}},"79":{"start":{"line":191,"column":4},"end":{"line":191,"column":38}},"80":{"start":{"line":192,"column":4},"end":{"line":192,"column":17}},"81":{"start":{"line":195,"column":24},"end":{"line":195,"column":76}},"82":{"start":{"line":196,"column":22},"end":{"line":196,"column":70}},"83":{"start":{"line":197,"column":18},"end":{"line":197,"column":56}},"84":{"start":{"line":198,"column":22},"end":{"line":198,"column":23}},"85":{"start":{"line":199,"column":4},"end":{"line":202,"column":5}},"86":{"start":{"line":200,"column":24},"end":{"line":200,"column":58}},"87":{"start":{"line":201,"column":8},"end":{"line":201,"column":103}},"88":{"start":{"line":201,"column":56},"end":{"line":201,"column":94}},"89":{"start":{"line":203,"column":19},"end":{"line":203,"column":29}},"90":{"start":{"line":204,"column":17},"end":{"line":204,"column":43}},"91":{"start":{"line":205,"column":4},"end":{"line":224,"column":5}},"92":{"start":{"line":206,"column":8},"end":{"line":206,"column":26}},"93":{"start":{"line":207,"column":8},"end":{"line":207,"column":34}},"94":{"start":{"line":209,"column":9},"end":{"line":224,"column":5}},"95":{"start":{"line":210,"column":8},"end":{"line":210,"column":33}},"96":{"start":{"line":211,"column":8},"end":{"line":211,"column":40}},"97":{"start":{"line":213,"column":9},"end":{"line":224,"column":5}},"98":{"start":{"line":214,"column":8},"end":{"line":214,"column":26}},"99":{"start":{"line":215,"column":8},"end":{"line":215,"column":36}},"100":{"start":{"line":217,"column":9},"end":{"line":224,"column":5}},"101":{"start":{"line":218,"column":8},"end":{"line":218,"column":26}},"102":{"start":{"line":219,"column":8},"end":{"line":219,"column":41}},"103":{"start":{"line":221,"column":9},"end":{"line":224,"column":5}},"104":{"start":{"line":222,"column":8},"end":{"line":222,"column":26}},"105":{"start":{"line":223,"column":8},"end":{"line":223,"column":41}},"106":{"start":{"line":225,"column":4},"end":{"line":239,"column":6}}},"fnMap":{"0":{"name":"initializeRun","decl":{"start":{"line":5,"column":22},"end":{"line":5,"column":35}},"loc":{"start":{"line":5,"column":96},"end":{"line":19,"column":1}},"line":5},"1":{"name":"appendIteration","decl":{"start":{"line":20,"column":22},"end":{"line":20,"column":37}},"loc":{"start":{"line":20,"column":180},"end":{"line":88,"column":1}},"line":20},"2":{"name":"makeStatePayload","decl":{"start":{"line":89,"column":16},"end":{"line":89,"column":32}},"loc":{"start":{"line":89,"column":65},"end":{"line":149,"column":1}},"line":89},"3":{"name":"setStopRequested","decl":{"start":{"line":150,"column":22},"end":{"line":150,"column":38}},"loc":{"start":{"line":150,"column":61},"end":{"line":162,"column":1}},"line":150},"4":{"name":"resumeBackgroundRun","decl":{"start":{"line":163,"column":22},"end":{"line":163,"column":41}},"loc":{"start":{"line":163,"column":64},"end":{"line":179,"column":1}},"line":163},"5":{"name":"completeRun","decl":{"start":{"line":180,"column":22},"end":{"line":180,"column":33}},"loc":{"start":{"line":180,"column":56},"end":{"line":193,"column":1}},"line":180},"6":{"name":"buildSupervisorSnapshot","decl":{"start":{"line":194,"column":22},"end":{"line":194,"column":45}},"loc":{"start":{"line":194,"column":86},"end":{"line":240,"column":1}},"line":194},"7":{"name":"(anonymous_7)","decl":{"start":{"line":201,"column":49},"end":{"line":201,"column":50}},"loc":{"start":{"line":201,"column":56},"end":{"line":201,"column":94}},"line":201}},"branchMap":{"0":{"loc":{"start":{"line":8,"column":4},"end":{"line":10,"column":5}},"type":"if","locations":[{"start":{"line":8,"column":4},"end":{"line":10,"column":5}},{"start":{},"end":{}}],"line":8},"1":{"loc":{"start":{"line":8,"column":8},"end":{"line":8,"column":44}},"type":"binary-expr","locations":[{"start":{"line":8,"column":8},"end":{"line":8,"column":29}},{"start":{"line":8,"column":33},"end":{"line":8,"column":44}}],"line":8},"2":{"loc":{"start":{"line":13,"column":4},"end":{"line":15,"column":5}},"type":"if","locations":[{"start":{"line":13,"column":4},"end":{"line":15,"column":5}},{"start":{},"end":{}}],"line":13},"3":{"loc":{"start":{"line":24,"column":29},"end":{"line":24,"column":74}},"type":"binary-expr","locations":[{"start":{"line":24,"column":29},"end":{"line":24,"column":38}},{"start":{"line":24,"column":42},"end":{"line":24,"column":74}}],"line":24},"4":{"loc":{"start":{"line":26,"column":38},"end":{"line":26,"column":50}},"type":"binary-expr","locations":[{"start":{"line":26,"column":38},"end":{"line":26,"column":44}},{"start":{"line":26,"column":48},"end":{"line":26,"column":50}}],"line":26},"5":{"loc":{"start":{"line":27,"column":22},"end":{"line":27,"column":72}},"type":"binary-expr","locations":[{"start":{"line":27,"column":22},"end":{"line":27,"column":46}},{"start":{"line":27,"column":50},"end":{"line":27,"column":72}}],"line":27},"6":{"loc":{"start":{"line":28,"column":41},"end":{"line":28,"column":61}},"type":"binary-expr","locations":[{"start":{"line":28,"column":41},"end":{"line":28,"column":55}},{"start":{"line":28,"column":59},"end":{"line":28,"column":61}}],"line":28},"7":{"loc":{"start":{"line":29,"column":41},"end":{"line":29,"column":61}},"type":"binary-expr","locations":[{"start":{"line":29,"column":41},"end":{"line":29,"column":55}},{"start":{"line":29,"column":59},"end":{"line":29,"column":61}}],"line":29},"8":{"loc":{"start":{"line":32,"column":4},"end":{"line":34,"column":5}},"type":"if","locations":[{"start":{"line":32,"column":4},"end":{"line":34,"column":5}},{"start":{},"end":{}}],"line":32},"9":{"loc":{"start":{"line":32,"column":8},"end":{"line":32,"column":53}},"type":"binary-expr","locations":[{"start":{"line":32,"column":8},"end":{"line":32,"column":27}},{"start":{"line":32,"column":31},"end":{"line":32,"column":53}}],"line":32},"10":{"loc":{"start":{"line":39,"column":8},"end":{"line":39,"column":25}},"type":"binary-expr","locations":[{"start":{"line":39,"column":8},"end":{"line":39,"column":19}},{"start":{"line":39,"column":23},"end":{"line":39,"column":25}}],"line":39},"11":{"loc":{"start":{"line":42,"column":8},"end":{"line":42,"column":24}},"type":"binary-expr","locations":[{"start":{"line":42,"column":8},"end":{"line":42,"column":18}},{"start":{"line":42,"column":22},"end":{"line":42,"column":24}}],"line":42},"12":{"loc":{"start":{"line":45,"column":8},"end":{"line":45,"column":18}},"type":"binary-expr","locations":[{"start":{"line":45,"column":8},"end":{"line":45,"column":12}},{"start":{"line":45,"column":16},"end":{"line":45,"column":18}}],"line":45},"13":{"loc":{"start":{"line":58,"column":24},"end":{"line":58,"column":71}},"type":"binary-expr","locations":[{"start":{"line":58,"column":24},"end":{"line":58,"column":43}},{"start":{"line":58,"column":47},"end":{"line":58,"column":71}}],"line":58},"14":{"loc":{"start":{"line":61,"column":4},"end":{"line":73,"column":5}},"type":"if","locations":[{"start":{"line":61,"column":4},"end":{"line":73,"column":5}},{"start":{"line":65,"column":9},"end":{"line":73,"column":5}}],"line":61},"15":{"loc":{"start":{"line":65,"column":9},"end":{"line":73,"column":5}},"type":"if","locations":[{"start":{"line":65,"column":9},"end":{"line":73,"column":5}},{"start":{"line":69,"column":9},"end":{"line":73,"column":5}}],"line":65},"16":{"loc":{"start":{"line":69,"column":9},"end":{"line":73,"column":5}},"type":"if","locations":[{"start":{"line":69,"column":9},"end":{"line":73,"column":5}},{"start":{},"end":{}}],"line":69},"17":{"loc":{"start":{"line":92,"column":23},"end":{"line":94,"column":19}},"type":"cond-expr","locations":[{"start":{"line":93,"column":10},"end":{"line":93,"column":89}},{"start":{"line":94,"column":10},"end":{"line":94,"column":19}}],"line":92},"18":{"loc":{"start":{"line":97,"column":15},"end":{"line":97,"column":51}},"type":"binary-expr","locations":[{"start":{"line":97,"column":15},"end":{"line":97,"column":27}},{"start":{"line":97,"column":31},"end":{"line":97,"column":51}}],"line":97},"19":{"loc":{"start":{"line":103,"column":16},"end":{"line":103,"column":66}},"type":"binary-expr","locations":[{"start":{"line":103,"column":16},"end":{"line":103,"column":30}},{"start":{"line":103,"column":34},"end":{"line":103,"column":66}}],"line":103},"20":{"loc":{"start":{"line":109,"column":15},"end":{"line":109,"column":51}},"type":"binary-expr","locations":[{"start":{"line":109,"column":15},"end":{"line":109,"column":27}},{"start":{"line":109,"column":31},"end":{"line":109,"column":51}}],"line":109},"21":{"loc":{"start":{"line":121,"column":26},"end":{"line":121,"column":54}},"type":"binary-expr","locations":[{"start":{"line":121,"column":26},"end":{"line":121,"column":41}},{"start":{"line":121,"column":45},"end":{"line":121,"column":54}}],"line":121},"22":{"loc":{"start":{"line":124,"column":34},"end":{"line":124,"column":67}},"type":"binary-expr","locations":[{"start":{"line":124,"column":34},"end":{"line":124,"column":61}},{"start":{"line":124,"column":65},"end":{"line":124,"column":67}}],"line":124},"23":{"loc":{"start":{"line":125,"column":34},"end":{"line":125,"column":67}},"type":"binary-expr","locations":[{"start":{"line":125,"column":34},"end":{"line":125,"column":61}},{"start":{"line":125,"column":65},"end":{"line":125,"column":67}}],"line":125},"24":{"loc":{"start":{"line":153,"column":4},"end":{"line":155,"column":5}},"type":"if","locations":[{"start":{"line":153,"column":4},"end":{"line":155,"column":5}},{"start":{},"end":{}}],"line":153},"25":{"loc":{"start":{"line":166,"column":4},"end":{"line":168,"column":5}},"type":"if","locations":[{"start":{"line":166,"column":4},"end":{"line":168,"column":5}},{"start":{},"end":{}}],"line":166},"26":{"loc":{"start":{"line":169,"column":4},"end":{"line":171,"column":5}},"type":"if","locations":[{"start":{"line":169,"column":4},"end":{"line":171,"column":5}},{"start":{},"end":{}}],"line":169},"27":{"loc":{"start":{"line":183,"column":4},"end":{"line":184,"column":21}},"type":"if","locations":[{"start":{"line":183,"column":4},"end":{"line":184,"column":21}},{"start":{},"end":{}}],"line":183},"28":{"loc":{"start":{"line":199,"column":4},"end":{"line":202,"column":5}},"type":"if","locations":[{"start":{"line":199,"column":4},"end":{"line":202,"column":5}},{"start":{},"end":{}}],"line":199},"29":{"loc":{"start":{"line":201,"column":56},"end":{"line":201,"column":94}},"type":"binary-expr","locations":[{"start":{"line":201,"column":56},"end":{"line":201,"column":64}},{"start":{"line":201,"column":68},"end":{"line":201,"column":94}}],"line":201},"30":{"loc":{"start":{"line":205,"column":4},"end":{"line":224,"column":5}},"type":"if","locations":[{"start":{"line":205,"column":4},"end":{"line":224,"column":5}},{"start":{"line":209,"column":9},"end":{"line":224,"column":5}}],"line":205},"31":{"loc":{"start":{"line":209,"column":9},"end":{"line":224,"column":5}},"type":"if","locations":[{"start":{"line":209,"column":9},"end":{"line":224,"column":5}},{"start":{"line":213,"column":9},"end":{"line":224,"column":5}}],"line":209},"32":{"loc":{"start":{"line":213,"column":9},"end":{"line":224,"column":5}},"type":"if","locations":[{"start":{"line":213,"column":9},"end":{"line":224,"column":5}},{"start":{"line":217,"column":9},"end":{"line":224,"column":5}}],"line":213},"33":{"loc":{"start":{"line":213,"column":13},"end":{"line":213,"column":75}},"type":"binary-expr","locations":[{"start":{"line":213,"column":13},"end":{"line":213,"column":30}},{"start":{"line":213,"column":34},"end":{"line":213,"column":75}}],"line":213},"34":{"loc":{"start":{"line":217,"column":9},"end":{"line":224,"column":5}},"type":"if","locations":[{"start":{"line":217,"column":9},"end":{"line":224,"column":5}},{"start":{"line":221,"column":9},"end":{"line":224,"column":5}}],"line":217},"35":{"loc":{"start":{"line":217,"column":13},"end":{"line":217,"column":97}},"type":"binary-expr","locations":[{"start":{"line":217,"column":13},"end":{"line":217,"column":41}},{"start":{"line":217,"column":45},"end":{"line":217,"column":97}}],"line":217},"36":{"loc":{"start":{"line":221,"column":9},"end":{"line":224,"column":5}},"type":"if","locations":[{"start":{"line":221,"column":9},"end":{"line":224,"column":5}},{"start":{},"end":{}}],"line":221},"37":{"loc":{"start":{"line":221,"column":13},"end":{"line":221,"column":71}},"type":"binary-expr","locations":[{"start":{"line":221,"column":13},"end":{"line":221,"column":41}},{"start":{"line":221,"column":45},"end":{"line":221,"column":71}}],"line":221}},"s":{"0":17,"1":17,"2":17,"3":1,"4":16,"5":16,"6":16,"7":15,"8":16,"9":16,"10":16,"11":24,"12":24,"13":24,"14":24,"15":24,"16":24,"17":24,"18":24,"19":24,"20":24,"21":24,"22":24,"23":1,"24":23,"25":23,"26":23,"27":23,"28":15,"29":15,"30":8,"31":7,"32":7,"33":1,"34":1,"35":1,"36":1,"37":23,"38":23,"39":23,"40":23,"41":23,"42":23,"43":23,"44":23,"45":23,"46":3,"47":3,"48":3,"49":1,"50":2,"51":2,"52":2,"53":2,"54":2,"55":2,"56":3,"57":3,"58":3,"59":1,"60":2,"61":1,"62":1,"63":1,"64":1,"65":1,"66":1,"67":1,"68":1,"69":3,"70":3,"71":3,"72":1,"73":2,"74":2,"75":2,"76":2,"77":2,"78":2,"79":2,"80":2,"81":17,"82":17,"83":17,"84":17,"85":17,"86":11,"87":11,"88":30,"89":17,"90":17,"91":17,"92":2,"93":2,"94":15,"95":1,"96":1,"97":14,"98":1,"99":1,"100":13,"101":1,"102":1,"103":12,"104":1,"105":1,"106":17},"f":{"0":17,"1":24,"2":23,"3":3,"4":3,"5":3,"6":17,"7":30},"b":{"0":[1,16],"1":[17,2],"2":[15,1],"3":[24,23],"4":[24,0],"5":[24,0],"6":[24,0],"7":[24,0],"8":[1,23],"9":[24,16],"10":[23,0],"11":[23,0],"12":[23,0],"13":[23,15],"14":[15,8],"15":[7,1],"16":[1,0],"17":[1,22],"18":[23,23],"19":[23,22],"20":[23,23],"21":[23,22],"22":[23,23],"23":[23,23],"24":[1,2],"25":[1,2],"26":[1,1],"27":[1,2],"28":[11,6],"29":[30,19],"30":[2,15],"31":[1,14],"32":[1,13],"33":[14,1],"34":[1,12],"35":[13,1],"36":[1,11],"37":[12,11]},"inputSourceMap":null,"_coverageSchema":"1a1c01bbd47fc00a2c39e90264f33305004495a9","hash":"7fa1b4d56d2a981bf770ce5372c36b21f93eda1a"}
,"/Users/maleick/Projects/AutoResearch/dist/subagent-pool.js": {"path":"/Users/maleick/Projects/AutoResearch/dist/subagent-pool.js","statementMap":{"0":{"start":{"line":1,"column":19},"end":{"line":1,"column":20}},"1":{"start":{"line":2,"column":21},"end":{"line":2,"column":22}},"2":{"start":{"line":3,"column":23},"end":{"line":7,"column":1}},"3":{"start":{"line":8,"column":19},"end":{"line":14,"column":1}},"4":{"start":{"line":15,"column":22},"end":{"line":26,"column":1}},"5":{"start":{"line":28,"column":20},"end":{"line":28,"column":66}},"6":{"start":{"line":29,"column":4},"end":{"line":32,"column":8}},"7":{"start":{"line":29,"column":37},"end":{"line":32,"column":6}},"8":{"start":{"line":30,"column":19},"end":{"line":30,"column":92}},"9":{"start":{"line":31,"column":8},"end":{"line":31,"column":32}},"10":{"start":{"line":35,"column":4},"end":{"line":36,"column":94}},"11":{"start":{"line":36,"column":8},"end":{"line":36,"column":94}},"12":{"start":{"line":37,"column":4},"end":{"line":38,"column":84}},"13":{"start":{"line":38,"column":8},"end":{"line":38,"column":84}},"14":{"start":{"line":39,"column":19},"end":{"line":39,"column":63}},"15":{"start":{"line":40,"column":4},"end":{"line":41,"column":85}},"16":{"start":{"line":41,"column":8},"end":{"line":41,"column":85}},"17":{"start":{"line":42,"column":4},"end":{"line":43,"column":94}},"18":{"start":{"line":43,"column":8},"end":{"line":43,"column":94}},"19":{"start":{"line":44,"column":4},"end":{"line":44,"column":86}},"20":{"start":{"line":47,"column":4},"end":{"line":47,"column":223}},"21":{"start":{"line":50,"column":34},"end":{"line":50,"column":40}},"22":{"start":{"line":51,"column":24},"end":{"line":51,"column":60}},"23":{"start":{"line":52,"column":29},"end":{"line":52,"column":79}},"24":{"start":{"line":53,"column":22},"end":{"line":53,"column":65}},"25":{"start":{"line":54,"column":21},"end":{"line":54,"column":36}},"26":{"start":{"line":55,"column":4},"end":{"line":56,"column":35}},"27":{"start":{"line":56,"column":8},"end":{"line":56,"column":35}},"28":{"start":{"line":57,"column":22},"end":{"line":57,"column":51}},"29":{"start":{"line":58,"column":4},"end":{"line":97,"column":6}},"30":{"start":{"line":89,"column":37},"end":{"line":95,"column":9}},"31":{"start":{"line":100,"column":4},"end":{"line":109,"column":6}}},"fnMap":{"0":{"name":"chooseSpecialRole","decl":{"start":{"line":27,"column":9},"end":{"line":27,"column":26}},"loc":{"start":{"line":27,"column":46},"end":{"line":33,"column":1}},"line":27},"1":{"name":"(anonymous_1)","decl":{"start":{"line":29,"column":30},"end":{"line":29,"column":31}},"loc":{"start":{"line":29,"column":37},"end":{"line":32,"column":6}},"line":29},"2":{"name":"(anonymous_2)","decl":{"start":{"line":29,"column":54},"end":{"line":29,"column":55}},"loc":{"start":{"line":29,"column":61},"end":{"line":32,"column":5}},"line":29},"3":{"name":"chooseResourceTier","decl":{"start":{"line":34,"column":9},"end":{"line":34,"column":27}},"loc":{"start":{"line":34,"column":60},"end":{"line":45,"column":1}},"line":34},"4":{"name":"buildRoleHandoffPrompt","decl":{"start":{"line":46,"column":9},"end":{"line":46,"column":31}},"loc":{"start":{"line":46,"column":61},"end":{"line":48,"column":1}},"line":46},"5":{"name":"buildSubagentPoolPlan","decl":{"start":{"line":49,"column":16},"end":{"line":49,"column":37}},"loc":{"start":{"line":49,"column":46},"end":{"line":98,"column":1}},"line":49},"6":{"name":"(anonymous_6)","decl":{"start":{"line":89,"column":29},"end":{"line":89,"column":30}},"loc":{"start":{"line":89,"column":37},"end":{"line":95,"column":9}},"line":89},"7":{"name":"buildContinuationPolicy","decl":{"start":{"line":99,"column":16},"end":{"line":99,"column":39}},"loc":{"start":{"line":99,"column":46},"end":{"line":110,"column":1}},"line":99}},"branchMap":{"0":{"loc":{"start":{"line":28,"column":31},"end":{"line":28,"column":42}},"type":"binary-expr","locations":[{"start":{"line":28,"column":31},"end":{"line":28,"column":36}},{"start":{"line":28,"column":40},"end":{"line":28,"column":42}}],"line":28},"1":{"loc":{"start":{"line":35,"column":4},"end":{"line":36,"column":94}},"type":"if","locations":[{"start":{"line":35,"column":4},"end":{"line":36,"column":94}},{"start":{},"end":{}}],"line":35},"2":{"loc":{"start":{"line":37,"column":4},"end":{"line":38,"column":84}},"type":"if","locations":[{"start":{"line":37,"column":4},"end":{"line":38,"column":84}},{"start":{},"end":{}}],"line":37},"3":{"loc":{"start":{"line":39,"column":30},"end":{"line":39,"column":41}},"type":"binary-expr","locations":[{"start":{"line":39,"column":30},"end":{"line":39,"column":35}},{"start":{"line":39,"column":39},"end":{"line":39,"column":41}}],"line":39},"4":{"loc":{"start":{"line":40,"column":4},"end":{"line":41,"column":85}},"type":"if","locations":[{"start":{"line":40,"column":4},"end":{"line":41,"column":85}},{"start":{},"end":{}}],"line":40},"5":{"loc":{"start":{"line":40,"column":8},"end":{"line":40,"column":29}},"type":"binary-expr","locations":[{"start":{"line":40,"column":8},"end":{"line":40,"column":19}},{"start":{"line":40,"column":23},"end":{"line":40,"column":29}}],"line":40},"6":{"loc":{"start":{"line":42,"column":4},"end":{"line":43,"column":94}},"type":"if","locations":[{"start":{"line":42,"column":4},"end":{"line":43,"column":94}},{"start":{},"end":{}}],"line":42},"7":{"loc":{"start":{"line":47,"column":91},"end":{"line":47,"column":120}},"type":"binary-expr","locations":[{"start":{"line":47,"column":91},"end":{"line":47,"column":96}},{"start":{"line":47,"column":100},"end":{"line":47,"column":120}}],"line":47},"8":{"loc":{"start":{"line":53,"column":22},"end":{"line":53,"column":65}},"type":"binary-expr","locations":[{"start":{"line":53,"column":22},"end":{"line":53,"column":42}},{"start":{"line":53,"column":46},"end":{"line":53,"column":65}}],"line":53},"9":{"loc":{"start":{"line":55,"column":4},"end":{"line":56,"column":35}},"type":"if","locations":[{"start":{"line":55,"column":4},"end":{"line":56,"column":35}},{"start":{},"end":{}}],"line":55},"10":{"loc":{"start":{"line":87,"column":15},"end":{"line":87,"column":28}},"type":"binary-expr","locations":[{"start":{"line":87,"column":15},"end":{"line":87,"column":20}},{"start":{"line":87,"column":24},"end":{"line":87,"column":28}}],"line":87},"11":{"loc":{"start":{"line":96,"column":24},"end":{"line":96,"column":47}},"type":"binary-expr","locations":[{"start":{"line":96,"column":24},"end":{"line":96,"column":39}},{"start":{"line":96,"column":43},"end":{"line":96,"column":47}}],"line":96}},"s":{"0":5,"1":5,"2":5,"3":5,"4":5,"5":318,"6":318,"7":3095,"8":13733,"9":13733,"10":318,"11":8,"12":310,"13":251,"14":59,"15":59,"16":8,"17":51,"18":50,"19":1,"20":1845,"21":318,"22":318,"23":318,"24":318,"25":318,"26":318,"27":255,"28":318,"29":318,"30":1845,"31":175},"f":{"0":318,"1":3095,"2":13733,"3":318,"4":1845,"5":318,"6":1845,"7":175},"b":{"0":[318,142],"1":[8,310],"2":[251,59],"3":[59,9],"4":[8,51],"5":[59,58],"6":[50,1],"7":[1845,843],"8":[318,0],"9":[255,63],"10":[318,142],"11":[318,63]},"inputSourceMap":null,"_coverageSchema":"1a1c01bbd47fc00a2c39e90264f33305004495a9","hash":"52a11c1c6ea7b41d77e1e41914bfb0d5db4c5a67"}
,"/Users/maleick/Projects/AutoResearch/dist/types.js": {"path":"/Users/maleick/Projects/AutoResearch/dist/types.js","statementMap":{},"fnMap":{},"branchMap":{},"s":{},"f":{},"b":{},"inputSourceMap":null,"_coverageSchema":"1a1c01bbd47fc00a2c39e90264f33305004495a9","hash":"d12c23403928fc8683f8aae3d76e38713c058355"}
,"/Users/maleick/Projects/AutoResearch/dist/wizard.js": {"path":"/Users/maleick/Projects/AutoResearch/dist/wizard.js","statementMap":{"0":{"start":{"line":5,"column":19},"end":{"line":5,"column":60}},"1":{"start":{"line":6,"column":22},"end":{"line":6,"column":58}},"2":{"start":{"line":7,"column":17},"end":{"line":7,"column":43}},"3":{"start":{"line":8,"column":28},"end":{"line":8,"column":65}},"4":{"start":{"line":9,"column":18},"end":{"line":9,"column":87}},"5":{"start":{"line":10,"column":25},"end":{"line":14,"column":6}},"6":{"start":{"line":15,"column":31},"end":{"line":15,"column":60}},"7":{"start":{"line":16,"column":28},"end":{"line":16,"column":30}},"8":{"start":{"line":17,"column":4},"end":{"line":18,"column":37}},"9":{"start":{"line":18,"column":8},"end":{"line":18,"column":37}},"10":{"start":{"line":19,"column":4},"end":{"line":20,"column":39}},"11":{"start":{"line":20,"column":8},"end":{"line":20,"column":39}},"12":{"start":{"line":21,"column":24},"end":{"line":21,"column":26}},"13":{"start":{"line":22,"column":4},"end":{"line":24,"column":5}},"14":{"start":{"line":23,"column":8},"end":{"line":23,"column":68}},"15":{"start":{"line":25,"column":4},"end":{"line":26,"column":69}},"16":{"start":{"line":26,"column":8},"end":{"line":26,"column":69}},"17":{"start":{"line":27,"column":4},"end":{"line":28,"column":55}},"18":{"start":{"line":28,"column":8},"end":{"line":28,"column":55}},"19":{"start":{"line":29,"column":22},"end":{"line":29,"column":24}},"20":{"start":{"line":30,"column":4},"end":{"line":31,"column":149}},"21":{"start":{"line":31,"column":8},"end":{"line":31,"column":149}},"22":{"start":{"line":32,"column":4},"end":{"line":33,"column":168}},"23":{"start":{"line":33,"column":8},"end":{"line":33,"column":168}},"24":{"start":{"line":34,"column":4},"end":{"line":35,"column":170}},"25":{"start":{"line":35,"column":8},"end":{"line":35,"column":170}},"26":{"start":{"line":36,"column":4},"end":{"line":55,"column":6}}},"fnMap":{"0":{"name":"buildSetupSummary","decl":{"start":{"line":4,"column":16},"end":{"line":4,"column":33}},"loc":{"start":{"line":4,"column":48},"end":{"line":56,"column":1}},"line":4}},"branchMap":{"0":{"loc":{"start":{"line":5,"column":19},"end":{"line":5,"column":60}},"type":"binary-expr","locations":[{"start":{"line":5,"column":19},"end":{"line":5,"column":32}},{"start":{"line":5,"column":36},"end":{"line":5,"column":60}}],"line":5},"1":{"loc":{"start":{"line":9,"column":18},"end":{"line":9,"column":87}},"type":"binary-expr","locations":[{"start":{"line":9,"column":18},"end":{"line":9,"column":30}},{"start":{"line":9,"column":35},"end":{"line":9,"column":62}},{"start":{"line":9,"column":66},"end":{"line":9,"column":86}}],"line":9},"2":{"loc":{"start":{"line":11,"column":14},"end":{"line":11,"column":38}},"type":"binary-expr","locations":[{"start":{"line":11,"column":14},"end":{"line":11,"column":25}},{"start":{"line":11,"column":29},"end":{"line":11,"column":38}}],"line":11},"3":{"loc":{"start":{"line":13,"column":14},"end":{"line":13,"column":41}},"type":"binary-expr","locations":[{"start":{"line":13,"column":14},"end":{"line":13,"column":25}},{"start":{"line":13,"column":29},"end":{"line":13,"column":41}}],"line":13},"4":{"loc":{"start":{"line":17,"column":4},"end":{"line":18,"column":37}},"type":"if","locations":[{"start":{"line":17,"column":4},"end":{"line":18,"column":37}},{"start":{},"end":{}}],"line":17},"5":{"loc":{"start":{"line":19,"column":4},"end":{"line":20,"column":39}},"type":"if","locations":[{"start":{"line":19,"column":4},"end":{"line":20,"column":39}},{"start":{},"end":{}}],"line":19},"6":{"loc":{"start":{"line":22,"column":4},"end":{"line":24,"column":5}},"type":"if","locations":[{"start":{"line":22,"column":4},"end":{"line":24,"column":5}},{"start":{},"end":{}}],"line":22},"7":{"loc":{"start":{"line":25,"column":4},"end":{"line":26,"column":69}},"type":"if","locations":[{"start":{"line":25,"column":4},"end":{"line":26,"column":69}},{"start":{},"end":{}}],"line":25},"8":{"loc":{"start":{"line":27,"column":4},"end":{"line":28,"column":55}},"type":"if","locations":[{"start":{"line":27,"column":4},"end":{"line":28,"column":55}},{"start":{},"end":{}}],"line":27},"9":{"loc":{"start":{"line":30,"column":4},"end":{"line":31,"column":149}},"type":"if","locations":[{"start":{"line":30,"column":4},"end":{"line":31,"column":149}},{"start":{},"end":{}}],"line":30},"10":{"loc":{"start":{"line":32,"column":4},"end":{"line":33,"column":168}},"type":"if","locations":[{"start":{"line":32,"column":4},"end":{"line":33,"column":168}},{"start":{},"end":{}}],"line":32},"11":{"loc":{"start":{"line":34,"column":4},"end":{"line":35,"column":170}},"type":"if","locations":[{"start":{"line":34,"column":4},"end":{"line":35,"column":170}},{"start":{},"end":{}}],"line":34},"12":{"loc":{"start":{"line":39,"column":16},"end":{"line":39,"column":56}},"type":"binary-expr","locations":[{"start":{"line":39,"column":16},"end":{"line":39,"column":29}},{"start":{"line":39,"column":33},"end":{"line":39,"column":56}}],"line":39},"13":{"loc":{"start":{"line":49,"column":46},"end":{"line":49,"column":79}},"type":"binary-expr","locations":[{"start":{"line":49,"column":46},"end":{"line":49,"column":73}},{"start":{"line":49,"column":77},"end":{"line":49,"column":79}}],"line":49},"14":{"loc":{"start":{"line":50,"column":46},"end":{"line":50,"column":79}},"type":"binary-expr","locations":[{"start":{"line":50,"column":46},"end":{"line":50,"column":73}},{"start":{"line":50,"column":77},"end":{"line":50,"column":79}}],"line":50},"15":{"loc":{"start":{"line":51,"column":24},"end":{"line":51,"column":88}},"type":"binary-expr","locations":[{"start":{"line":51,"column":24},"end":{"line":51,"column":45}},{"start":{"line":51,"column":49},"end":{"line":51,"column":88}}],"line":51},"16":{"loc":{"start":{"line":52,"column":27},"end":{"line":52,"column":112}},"type":"binary-expr","locations":[{"start":{"line":52,"column":27},"end":{"line":52,"column":51}},{"start":{"line":52,"column":55},"end":{"line":52,"column":112}}],"line":52}},"s":{"0":149,"1":149,"2":149,"3":149,"4":149,"5":149,"6":149,"7":149,"8":149,"9":6,"10":149,"11":5,"12":149,"13":149,"14":144,"15":149,"16":3,"17":149,"18":3,"19":149,"20":149,"21":6,"22":149,"23":44,"24":149,"25":145,"26":149},"f":{"0":149},"b":{"0":[149,44],"1":[149,147,0],"2":[149,6],"3":[149,145],"4":[6,143],"5":[5,144],"6":[144,5],"7":[3,146],"8":[3,146],"9":[6,143],"10":[44,105],"11":[145,4],"12":[149,148],"13":[149,148],"14":[149,148],"15":[149,149],"16":[149,148]},"inputSourceMap":null,"_coverageSchema":"1a1c01bbd47fc00a2c39e90264f33305004495a9","hash":"bec9ded758479593d513fbaba42fc699e3368faa"}
}
