TN:
SF:dist/constants.js
FNF:0
FNH:0
DA:1,4
DA:2,4
DA:3,4
DA:4,4
DA:5,4
DA:6,4
DA:7,4
DA:8,4
LF:8
LH:8
BRF:0
BRH:0
end_of_record
TN:
SF:dist/helpers.js
FN:4,(anonymous_0)
FN:9,printJson
FN:12,utcNow
FN:15,resolveRepo
FN:18,ensureParent
FN:21,atomicWriteText
FN:36,atomicWriteJson
FN:39,readJsonFile
FN:50,resolvePath
FN:56,normalizeDirection
FN:65,normalizeMode
FN:74,normalizeResultStatus
FN:83,parsePositiveInt
FN:92,parseDurationSeconds
FN:122,inferVerifyCommand
FN:141,normalizeLabels
FN:145,(anonymous_16)
FN:151,(anonymous_17)
FN:151,(anonymous_18)
FN:165,missingRequiredLabels
FN:167,(anonymous_20)
FN:169,parseTsvFile
FN:174,(anonymous_22)
FN:177,(anonymous_23)
FN:181,countTsvDataRows
FN:183,(anonymous_25)
FN:185,parseRunState
FNF:27
FNH:27
FNDA:34,(anonymous_0)
FNDA:3,printJson
FNDA:56,utcNow
FNDA:150,resolveRepo
FNDA:65,ensureParent
FNDA:47,atomicWriteText
FNDA:47,atomicWriteJson
FNDA:55,readJsonFile
FNDA:1128,resolvePath
FNDA:181,normalizeDirection
FNDA:156,normalizeMode
FNDA:10,normalizeResultStatus
FNDA:7,parsePositiveInt
FNDA:195,parseDurationSeconds
FNDA:54,inferVerifyCommand
FNDA:1432,normalizeLabels
FNDA:16,(anonymous_16)
FNDA:1425,(anonymous_17)
FNDA:6030,(anonymous_18)
FNDA:56,missingRequiredLabels
FNDA:14,(anonymous_20)
FNDA:11,parseTsvFile
FNDA:1009,(anonymous_22)
FNDA:10019,(anonymous_23)
FNDA:10,countTsvDataRows
FNDA:1015,(anonymous_25)
FNDA:56,parseRunState
DA:5,34
DA:6,34
DA:10,3
DA:13,56
DA:16,150
DA:19,65
DA:22,47
DA:23,47
DA:24,47
DA:25,47
DA:26,47
DA:29,0
DA:30,0
DA:33,0
DA:37,47
DA:40,55
DA:41,1
DA:43,54
DA:44,54
DA:47,3
DA:51,1128
DA:52,1045
DA:54,83
DA:57,181
DA:58,150
DA:59,31
DA:60,31
DA:61,1
DA:63,30
DA:66,156
DA:67,147
DA:68,9
DA:69,9
DA:70,1
DA:72,8
DA:75,10
DA:76,2
DA:77,8
DA:78,8
DA:79,2
DA:81,6
DA:84,7
DA:85,3
DA:86,4
DA:87,4
DA:88,3
DA:90,1
DA:93,195
DA:94,171
DA:95,24
DA:96,24
DA:97,1
DA:98,23
DA:99,3
DA:100,3
DA:101,1
DA:102,2
DA:104,20
DA:105,20
DA:106,20
DA:107,20
DA:108,23
DA:109,3
DA:111,20
DA:112,20
DA:113,20
DA:114,20
DA:115,20
DA:117,17
DA:118,4
DA:120,13
DA:123,54
DA:124,54
DA:125,54
DA:126,43
DA:127,43
DA:128,42
DA:130,12
DA:131,12
DA:132,1
DA:133,11
DA:134,1
DA:135,10
DA:136,1
DA:137,9
DA:138,2
DA:139,7
DA:142,1432
DA:143,2
DA:144,1430
DA:145,16
DA:147,1423
DA:148,2
DA:149,2
DA:151,1425
DA:152,6030
DA:153,2
DA:154,6028
DA:155,6024
DA:156,6024
DA:158,4
DA:159,4
DA:160,0
DA:161,0
DA:163,1421
DA:166,56
DA:167,56
DA:170,11
DA:171,11
DA:172,2
DA:173,9
DA:174,9
DA:175,1009
DA:176,1009
DA:177,10019
DA:178,1009
DA:182,10
DA:183,1015
DA:186,56
DA:187,2
DA:189,54
DA:190,54
DA:191,54
DA:192,743
DA:193,1
DA:196,53
DA:197,1
DA:199,52
DA:200,52
DA:201,0
DA:203,52
DA:204,1
DA:206,51
DA:207,51
DA:208,0
DA:210,51
DA:211,0
DA:213,51
DA:214,51
DA:215,0
DA:217,51
LF:141
LH:132
BRDA:16,0,0,150
BRDA:16,0,1,41
BRDA:40,1,0,1
BRDA:40,1,1,54
BRDA:51,2,0,1045
BRDA:51,2,1,83
BRDA:52,3,0,1
BRDA:52,3,1,1044
BRDA:52,4,0,1044
BRDA:52,4,1,1000
BRDA:54,5,0,83
BRDA:54,5,1,1
BRDA:57,6,0,150
BRDA:57,6,1,31
BRDA:60,7,0,1
BRDA:60,7,1,30
BRDA:60,8,0,31
BRDA:60,8,1,13
BRDA:66,9,0,147
BRDA:66,9,1,9
BRDA:69,10,0,1
BRDA:69,10,1,8
BRDA:69,11,0,9
BRDA:69,11,1,5
BRDA:75,12,0,2
BRDA:75,12,1,8
BRDA:78,13,0,2
BRDA:78,13,1,6
BRDA:84,14,0,3
BRDA:84,14,1,4
BRDA:87,15,0,3
BRDA:87,15,1,1
BRDA:87,16,0,4
BRDA:87,16,1,3
BRDA:93,17,0,171
BRDA:93,17,1,24
BRDA:96,18,0,1
BRDA:96,18,1,23
BRDA:98,19,0,3
BRDA:98,19,1,20
BRDA:100,20,0,1
BRDA:100,20,1,2
BRDA:108,21,0,3
BRDA:108,21,1,20
BRDA:117,22,0,4
BRDA:117,22,1,13
BRDA:117,23,0,17
BRDA:117,23,1,14
BRDA:123,24,0,54
BRDA:123,24,1,37
BRDA:125,25,0,43
BRDA:125,25,1,11
BRDA:127,26,0,42
BRDA:127,26,1,1
BRDA:131,27,0,1
BRDA:131,27,1,11
BRDA:133,28,0,1
BRDA:133,28,1,10
BRDA:135,29,0,1
BRDA:135,29,1,9
BRDA:137,30,0,2
BRDA:137,30,1,7
BRDA:137,31,0,9
BRDA:137,31,1,8
BRDA:142,32,0,2
BRDA:142,32,1,1430
BRDA:144,33,0,7
BRDA:144,33,1,1423
BRDA:147,34,0,2
BRDA:147,34,1,1421
BRDA:149,35,0,2
BRDA:149,35,1,0
BRDA:152,36,0,2
BRDA:152,36,1,6028
BRDA:154,37,0,6024
BRDA:154,37,1,4
BRDA:156,38,0,6024
BRDA:156,38,1,0
BRDA:158,39,0,4
BRDA:158,39,1,0
BRDA:161,40,0,0
BRDA:161,40,1,0
BRDA:171,41,0,2
BRDA:171,41,1,9
BRDA:177,42,0,10019
BRDA:177,42,1,1
BRDA:183,43,0,7
BRDA:183,43,1,3
BRDA:186,44,0,2
BRDA:186,44,1,54
BRDA:186,45,0,56
BRDA:186,45,1,55
BRDA:192,46,0,1
BRDA:192,46,1,742
BRDA:196,47,0,1
BRDA:196,47,1,52
BRDA:196,48,0,53
BRDA:196,48,1,52
BRDA:200,49,0,0
BRDA:200,49,1,52
BRDA:200,50,0,52
BRDA:200,50,1,52
BRDA:203,51,0,1
BRDA:203,51,1,51
BRDA:203,52,0,52
BRDA:203,52,1,51
BRDA:207,53,0,0
BRDA:207,53,1,51
BRDA:207,54,0,51
BRDA:207,54,1,51
BRDA:207,54,2,51
BRDA:207,54,3,51
BRDA:210,55,0,0
BRDA:210,55,1,51
BRDA:210,56,0,51
BRDA:210,56,1,51
BRDA:214,57,0,0
BRDA:214,57,1,51
BRDA:214,58,0,51
BRDA:214,58,1,51
BRDA:214,58,2,51
BRDA:214,58,3,51
BRF:122
BRH:113
end_of_record
TN:
SF:dist/index.js
FN:9,commandNameForPath
FN:24,server
FN:26,(anonymous_2)
FN:40,(anonymous_3)
FNF:4
FNH:4
FNDA:9,commandNameForPath
FNDA:4,server
FNDA:1,(anonymous_2)
FNDA:3,(anonymous_3)
DA:5,1
DA:6,1
DA:7,1
DA:8,1
DA:10,9
DA:11,9
DA:13,1
DA:25,4
DA:27,1
DA:28,1
DA:29,1
DA:30,1
DA:31,1
DA:33,1
DA:34,9
DA:35,9
DA:41,3
LF:17
LH:17
BRDA:27,0,0,1
BRDA:27,0,1,1
BRDA:28,1,0,1
BRDA:28,1,1,1
BRDA:29,2,0,1
BRDA:29,2,1,1
BRDA:30,3,0,1
BRDA:30,3,1,0
BRF:8
BRH:7
end_of_record
TN:
SF:dist/run-manager.js
FN:5,initializeRun
FN:20,appendIteration
FN:89,makeStatePayload
FN:150,setStopRequested
FN:163,resumeBackgroundRun
FN:180,completeRun
FN:194,buildSupervisorSnapshot
FN:201,(anonymous_7)
FNF:8
FNH:8
FNDA:17,initializeRun
FNDA:24,appendIteration
FNDA:23,makeStatePayload
FNDA:3,setStopRequested
FNDA:3,resumeBackgroundRun
FNDA:3,completeRun
FNDA:17,buildSupervisorSnapshot
FNDA:30,(anonymous_7)
DA:6,17
DA:7,17
DA:8,17
DA:9,1
DA:11,16
DA:12,16
DA:13,16
DA:14,15
DA:16,16
DA:17,16
DA:18,16
DA:21,24
DA:22,24
DA:23,24
DA:24,24
DA:25,24
DA:26,24
DA:27,24
DA:28,24
DA:29,24
DA:30,24
DA:31,24
DA:32,24
DA:33,1
DA:35,23
DA:47,23
DA:48,23
DA:61,23
DA:62,15
DA:63,15
DA:65,8
DA:66,7
DA:67,7
DA:69,1
DA:70,1
DA:71,1
DA:72,1
DA:74,23
DA:86,23
DA:87,23
DA:90,23
DA:91,23
DA:92,23
DA:95,23
DA:100,23
DA:101,23
DA:151,3
DA:152,3
DA:153,3
DA:154,1
DA:156,2
DA:157,2
DA:158,2
DA:159,2
DA:160,2
DA:161,2
DA:164,3
DA:165,3
DA:166,3
DA:167,1
DA:169,2
DA:170,1
DA:172,1
DA:173,1
DA:174,1
DA:175,1
DA:176,1
DA:177,1
DA:178,1
DA:181,3
DA:182,3
DA:183,3
DA:184,1
DA:185,2
DA:186,2
DA:187,2
DA:188,2
DA:189,2
DA:190,2
DA:191,2
DA:192,2
DA:195,17
DA:196,17
DA:197,17
DA:198,17
DA:199,17
DA:200,11
DA:201,30
DA:203,17
DA:204,17
DA:205,17
DA:206,2
DA:207,2
DA:209,15
DA:210,1
DA:211,1
DA:213,14
DA:214,1
DA:215,1
DA:217,13
DA:218,1
DA:219,1
DA:221,12
DA:222,1
DA:223,1
DA:225,17
LF:106
LH:106
BRDA:8,0,0,1
BRDA:8,0,1,16
BRDA:8,1,0,17
BRDA:8,1,1,2
BRDA:13,2,0,15
BRDA:13,2,1,1
BRDA:24,3,0,24
BRDA:24,3,1,23
BRDA:26,4,0,24
BRDA:26,4,1,0
BRDA:27,5,0,24
BRDA:27,5,1,0
BRDA:28,6,0,24
BRDA:28,6,1,0
BRDA:29,7,0,24
BRDA:29,7,1,0
BRDA:32,8,0,1
BRDA:32,8,1,23
BRDA:32,9,0,24
BRDA:32,9,1,16
BRDA:39,10,0,23
BRDA:39,10,1,0
BRDA:42,11,0,23
BRDA:42,11,1,0
BRDA:45,12,0,23
BRDA:45,12,1,0
BRDA:58,13,0,23
BRDA:58,13,1,15
BRDA:61,14,0,15
BRDA:61,14,1,8
BRDA:65,15,0,7
BRDA:65,15,1,1
BRDA:69,16,0,1
BRDA:69,16,1,0
BRDA:92,17,0,1
BRDA:92,17,1,22
BRDA:97,18,0,23
BRDA:97,18,1,23
BRDA:103,19,0,23
BRDA:103,19,1,22
BRDA:109,20,0,23
BRDA:109,20,1,23
BRDA:121,21,0,23
BRDA:121,21,1,22
BRDA:124,22,0,23
BRDA:124,22,1,23
BRDA:125,23,0,23
BRDA:125,23,1,23
BRDA:153,24,0,1
BRDA:153,24,1,2
BRDA:166,25,0,1
BRDA:166,25,1,2
BRDA:169,26,0,1
BRDA:169,26,1,1
BRDA:183,27,0,1
BRDA:183,27,1,2
BRDA:199,28,0,11
BRDA:199,28,1,6
BRDA:201,29,0,30
BRDA:201,29,1,19
BRDA:205,30,0,2
BRDA:205,30,1,15
BRDA:209,31,0,1
BRDA:209,31,1,14
BRDA:213,32,0,1
BRDA:213,32,1,13
BRDA:213,33,0,14
BRDA:213,33,1,1
BRDA:217,34,0,1
BRDA:217,34,1,12
BRDA:217,35,0,13
BRDA:217,35,1,1
BRDA:221,36,0,1
BRDA:221,36,1,11
BRDA:221,37,0,12
BRDA:221,37,1,11
BRF:76
BRH:68
end_of_record
TN:
SF:dist/subagent-pool.js
FN:27,chooseSpecialRole
FN:29,(anonymous_1)
FN:29,(anonymous_2)
FN:34,chooseResourceTier
FN:46,buildRoleHandoffPrompt
FN:49,buildSubagentPoolPlan
FN:89,(anonymous_6)
FN:99,buildContinuationPolicy
FNF:8
FNH:8
FNDA:318,chooseSpecialRole
FNDA:3095,(anonymous_1)
FNDA:13733,(anonymous_2)
FNDA:318,chooseResourceTier
FNDA:1845,buildRoleHandoffPrompt
FNDA:318,buildSubagentPoolPlan
FNDA:1845,(anonymous_6)
FNDA:175,buildContinuationPolicy
DA:1,5
DA:2,5
DA:3,5
DA:8,5
DA:15,5
DA:28,318
DA:29,3095
DA:30,13733
DA:31,13733
DA:35,318
DA:36,8
DA:37,310
DA:38,251
DA:39,59
DA:40,59
DA:41,8
DA:42,51
DA:43,50
DA:44,1
DA:47,1845
DA:50,318
DA:51,318
DA:52,318
DA:53,318
DA:54,318
DA:55,318
DA:56,255
DA:57,318
DA:58,318
DA:89,1845
DA:100,175
LF:31
LH:31
BRDA:28,0,0,318
BRDA:28,0,1,142
BRDA:35,1,0,8
BRDA:35,1,1,310
BRDA:37,2,0,251
BRDA:37,2,1,59
BRDA:39,3,0,59
BRDA:39,3,1,9
BRDA:40,4,0,8
BRDA:40,4,1,51
BRDA:40,5,0,59
BRDA:40,5,1,58
BRDA:42,6,0,50
BRDA:42,6,1,1
BRDA:47,7,0,1845
BRDA:47,7,1,843
BRDA:53,8,0,318
BRDA:53,8,1,0
BRDA:55,9,0,255
BRDA:55,9,1,63
BRDA:87,10,0,318
BRDA:87,10,1,142
BRDA:96,11,0,318
BRDA:96,11,1,63
BRF:24
BRH:23
end_of_record
TN:
SF:dist/types.js
FNF:0
FNH:0
LF:0
LH:0
BRF:0
BRH:0
end_of_record
TN:
SF:dist/wizard.js
FN:4,buildSetupSummary
FNF:1
FNH:1
FNDA:149,buildSetupSummary
DA:5,149
DA:6,149
DA:7,149
DA:8,149
DA:9,149
DA:10,149
DA:15,149
DA:16,149
DA:17,149
DA:18,6
DA:19,149
DA:20,5
DA:21,149
DA:22,149
DA:23,144
DA:25,149
DA:26,3
DA:27,149
DA:28,3
DA:29,149
DA:30,149
DA:31,6
DA:32,149
DA:33,44
DA:34,149
DA:35,145
DA:36,149
LF:27
LH:27
BRDA:5,0,0,149
BRDA:5,0,1,44
BRDA:9,1,0,149
BRDA:9,1,1,147
BRDA:9,1,2,0
BRDA:11,2,0,149
BRDA:11,2,1,6
BRDA:13,3,0,149
BRDA:13,3,1,145
BRDA:17,4,0,6
BRDA:17,4,1,143
BRDA:19,5,0,5
BRDA:19,5,1,144
BRDA:22,6,0,144
BRDA:22,6,1,5
BRDA:25,7,0,3
BRDA:25,7,1,146
BRDA:27,8,0,3
BRDA:27,8,1,146
BRDA:30,9,0,6
BRDA:30,9,1,143
BRDA:32,10,0,44
BRDA:32,10,1,105
BRDA:34,11,0,145
BRDA:34,11,1,4
BRDA:39,12,0,149
BRDA:39,12,1,148
BRDA:49,13,0,149
BRDA:49,13,1,148
BRDA:50,14,0,149
BRDA:50,14,1,148
BRDA:51,15,0,149
BRDA:51,15,1,149
BRDA:52,16,0,149
BRDA:52,16,1,148
BRF:35
BRH:34
end_of_record
