TN:
SF:dist/constants.js
FNF:0
FNH:0
DA:1,11
DA:2,11
DA:3,11
DA:4,11
DA:5,11
DA:6,11
DA:7,11
DA:8,11
DA:9,11
DA:10,11
DA:11,11
DA:12,11
LF:12
LH:12
BRF:0
BRH:0
end_of_record
TN:
SF:dist/helpers.js
FN:7,(anonymous_0)
FN:12,printJson
FN:15,sanitizeForTerminal
FN:16,(anonymous_3)
FN:25,utcNow
FN:28,resolveRepo
FN:31,ensureParent
FN:34,atomicWriteText
FN:49,atomicWriteJson
FN:52,readJsonFile
FN:63,resolvePath
FN:69,normalizeDirection
FN:78,normalizeMode
FN:87,normalizeOperatingMode
FN:96,normalizeResultStatus
FN:105,parsePositiveInt
FN:114,parseDurationSeconds
FN:144,inferVerifyCommand
FN:163,normalizeLabels
FN:167,(anonymous_19)
FN:173,(anonymous_20)
FN:173,(anonymous_21)
FN:187,missingRequiredLabels
FN:189,(anonymous_23)
FN:191,parseTsvFile
FN:196,(anonymous_25)
FN:199,(anonymous_26)
FN:203,countTsvDataRows
FN:205,(anonymous_28)
FN:207,parseRunState
FN:249,getUpdateCachePath
FN:253,readUpdateCache
FN:266,getBundledNpmCliPath
FN:272,(anonymous_33)
FN:274,getGlobalNpmPrefix
FN:285,getInstalledPackagePath
FN:300,getInstalledPackageInfo
FNF:37
FNH:30
FNDA:82,(anonymous_0)
FNDA:3,printJson
FNDA:2,sanitizeForTerminal
FNDA:5,(anonymous_3)
FNDA:99,utcNow
FNDA:152,resolveRepo
FNDA:110,ensureParent
FNDA:57,atomicWriteText
FNDA:57,atomicWriteJson
FNDA:65,readJsonFile
FNDA:1190,resolvePath
FNDA:186,normalizeDirection
FNDA:158,normalizeMode
FNDA:101,normalizeOperatingMode
FNDA:10,normalizeResultStatus
FNDA:7,parsePositiveInt
FNDA:200,parseDurationSeconds
FNDA:56,inferVerifyCommand
FNDA:1462,normalizeLabels
FNDA:16,(anonymous_19)
FNDA:1455,(anonymous_20)
FNDA:6038,(anonymous_21)
FNDA:68,missingRequiredLabels
FNDA:14,(anonymous_23)
FNDA:11,parseTsvFile
FNDA:1009,(anonymous_25)
FNDA:10019,(anonymous_26)
FNDA:10,countTsvDataRows
FNDA:1015,(anonymous_28)
FNDA:74,parseRunState
FNDA:0,getUpdateCachePath
FNDA:0,readUpdateCache
FNDA:0,getBundledNpmCliPath
FNDA:0,(anonymous_33)
FNDA:0,getGlobalNpmPrefix
FNDA:0,getInstalledPackagePath
FNDA:0,getInstalledPackageInfo
DA:8,82
DA:9,82
DA:13,3
DA:16,2
DA:17,5
DA:18,1
DA:19,1
DA:20,1
DA:21,2
DA:26,99
DA:29,152
DA:32,110
DA:35,57
DA:36,57
DA:37,57
DA:38,57
DA:39,57
DA:42,1
DA:43,1
DA:46,1
DA:50,57
DA:53,65
DA:54,1
DA:56,64
DA:57,64
DA:60,3
DA:64,1190
DA:65,1056
DA:67,134
DA:70,186
DA:71,152
DA:72,34
DA:73,34
DA:74,1
DA:76,33
DA:79,158
DA:80,149
DA:81,9
DA:82,9
DA:83,1
DA:85,8
DA:88,101
DA:89,64
DA:90,37
DA:91,37
DA:92,2
DA:94,35
DA:97,10
DA:98,2
DA:99,8
DA:100,8
DA:101,2
DA:103,6
DA:106,7
DA:107,3
DA:108,4
DA:109,4
DA:110,3
DA:112,1
DA:115,200
DA:116,176
DA:117,24
DA:118,24
DA:119,1
DA:120,23
DA:121,3
DA:122,3
DA:123,1
DA:124,2
DA:126,20
DA:127,20
DA:128,20
DA:129,20
DA:130,23
DA:131,3
DA:133,20
DA:134,20
DA:135,20
DA:136,20
DA:137,20
DA:139,17
DA:140,4
DA:142,13
DA:145,56
DA:146,56
DA:147,56
DA:148,45
DA:149,45
DA:150,44
DA:152,12
DA:153,12
DA:154,1
DA:155,11
DA:156,1
DA:157,10
DA:158,1
DA:159,9
DA:160,2
DA:161,7
DA:164,1462
DA:165,2
DA:166,1460
DA:167,16
DA:169,1453
DA:170,2
DA:171,2
DA:173,1455
DA:174,6038
DA:175,2
DA:176,6036
DA:177,6030
DA:178,6030
DA:180,6
DA:181,4
DA:182,2
DA:183,2
DA:185,1451
DA:188,68
DA:189,68
DA:192,11
DA:193,11
DA:194,2
DA:195,9
DA:196,9
DA:197,1009
DA:198,1009
DA:199,10019
DA:200,1009
DA:204,10
DA:205,1015
DA:208,74
DA:209,2
DA:211,72
DA:212,72
DA:213,72
DA:214,995
DA:215,1
DA:218,71
DA:219,71
DA:220,1
DA:222,70
DA:223,69
DA:224,1
DA:226,68
DA:227,68
DA:228,1
DA:230,67
DA:231,1
DA:233,66
DA:234,66
DA:235,1
DA:237,65
DA:238,1
DA:240,64
DA:241,64
DA:242,1
DA:244,63
DA:250,0
DA:251,0
DA:254,0
DA:255,0
DA:256,0
DA:258,0
DA:259,0
DA:260,0
DA:263,0
DA:267,0
DA:268,0
DA:272,0
DA:275,0
DA:276,0
DA:277,0
DA:278,0
DA:279,0
DA:282,0
DA:286,0
DA:287,0
DA:288,0
DA:289,0
DA:290,0
DA:291,0
DA:292,0
DA:294,0
DA:297,0
DA:301,0
DA:302,0
DA:303,0
DA:304,0
DA:305,0
DA:306,0
DA:307,0
DA:308,0
DA:309,0
DA:310,0
DA:317,0
LF:195
LH:157
BRDA:17,0,0,1
BRDA:17,0,1,1
BRDA:17,0,2,1
BRDA:17,0,3,2
BRDA:29,1,0,152
BRDA:29,1,1,41
BRDA:53,2,0,1
BRDA:53,2,1,64
BRDA:64,3,0,1056
BRDA:64,3,1,134
BRDA:65,4,0,4
BRDA:65,4,1,1052
BRDA:65,5,0,1052
BRDA:65,5,1,1000
BRDA:67,6,0,134
BRDA:67,6,1,1
BRDA:70,7,0,152
BRDA:70,7,1,34
BRDA:73,8,0,1
BRDA:73,8,1,33
BRDA:73,9,0,34
BRDA:73,9,1,13
BRDA:79,10,0,149
BRDA:79,10,1,9
BRDA:82,11,0,1
BRDA:82,11,1,8
BRDA:82,12,0,9
BRDA:82,12,1,5
BRDA:88,13,0,64
BRDA:88,13,1,37
BRDA:91,14,0,2
BRDA:91,14,1,35
BRDA:91,15,0,37
BRDA:91,15,1,35
BRDA:91,15,2,3
BRDA:97,16,0,2
BRDA:97,16,1,8
BRDA:100,17,0,2
BRDA:100,17,1,6
BRDA:106,18,0,3
BRDA:106,18,1,4
BRDA:109,19,0,3
BRDA:109,19,1,1
BRDA:109,20,0,4
BRDA:109,20,1,3
BRDA:115,21,0,176
BRDA:115,21,1,24
BRDA:118,22,0,1
BRDA:118,22,1,23
BRDA:120,23,0,3
BRDA:120,23,1,20
BRDA:122,24,0,1
BRDA:122,24,1,2
BRDA:130,25,0,3
BRDA:130,25,1,20
BRDA:139,26,0,4
BRDA:139,26,1,13
BRDA:139,27,0,17
BRDA:139,27,1,14
BRDA:145,28,0,56
BRDA:145,28,1,37
BRDA:147,29,0,45
BRDA:147,29,1,11
BRDA:149,30,0,44
BRDA:149,30,1,1
BRDA:153,31,0,1
BRDA:153,31,1,11
BRDA:155,32,0,1
BRDA:155,32,1,10
BRDA:157,33,0,1
BRDA:157,33,1,9
BRDA:159,34,0,2
BRDA:159,34,1,7
BRDA:159,35,0,9
BRDA:159,35,1,8
BRDA:164,36,0,2
BRDA:164,36,1,1460
BRDA:166,37,0,7
BRDA:166,37,1,1453
BRDA:169,38,0,2
BRDA:169,38,1,1451
BRDA:171,39,0,2
BRDA:171,39,1,0
BRDA:174,40,0,2
BRDA:174,40,1,6036
BRDA:176,41,0,6030
BRDA:176,41,1,6
BRDA:178,42,0,6029
BRDA:178,42,1,1
BRDA:180,43,0,4
BRDA:180,43,1,2
BRDA:183,44,0,2
BRDA:183,44,1,0
BRDA:193,45,0,2
BRDA:193,45,1,9
BRDA:199,46,0,10019
BRDA:199,46,1,1
BRDA:205,47,0,7
BRDA:205,47,1,3
BRDA:208,48,0,2
BRDA:208,48,1,72
BRDA:208,49,0,74
BRDA:208,49,1,73
BRDA:214,50,0,1
BRDA:214,50,1,994
BRDA:218,51,0,35
BRDA:218,51,1,36
BRDA:219,52,0,1
BRDA:219,52,1,70
BRDA:219,53,0,71
BRDA:219,53,1,35
BRDA:219,53,2,35
BRDA:223,54,0,1
BRDA:223,54,1,68
BRDA:223,55,0,69
BRDA:223,55,1,68
BRDA:227,56,0,1
BRDA:227,56,1,67
BRDA:227,57,0,68
BRDA:227,57,1,67
BRDA:230,58,0,1
BRDA:230,58,1,66
BRDA:230,59,0,67
BRDA:230,59,1,66
BRDA:234,60,0,1
BRDA:234,60,1,65
BRDA:234,61,0,66
BRDA:234,61,1,65
BRDA:234,61,2,65
BRDA:234,61,3,65
BRDA:237,62,0,1
BRDA:237,62,1,64
BRDA:237,63,0,65
BRDA:237,63,1,64
BRDA:241,64,0,1
BRDA:241,64,1,63
BRDA:241,65,0,64
BRDA:241,65,1,63
BRDA:241,65,2,63
BRDA:241,65,3,63
BRDA:250,66,0,0
BRDA:250,66,1,0
BRDA:250,66,2,0
BRDA:255,67,0,0
BRDA:255,67,1,0
BRDA:272,68,0,0
BRDA:272,68,1,0
BRDA:277,69,0,0
BRDA:277,69,1,0
BRDA:288,70,0,0
BRDA:288,70,1,0
BRDA:291,71,0,0
BRDA:291,71,1,0
BRDA:303,72,0,0
BRDA:303,72,1,0
BRDA:306,73,0,0
BRDA:306,73,1,0
BRDA:313,74,0,0
BRDA:313,74,1,0
BRF:159
BRH:138
end_of_record
TN:
SF:dist/index.js
FN:9,commandNameForPath
FN:13,pathForTemplate
FN:16,anchorTrustedSkillReferences
FN:31,server
FN:33,(anonymous_4)
FN:47,(anonymous_5)
FNF:6
FNH:6
FNDA:18,commandNameForPath
FNDA:18,pathForTemplate
FNDA:18,anchorTrustedSkillReferences
FNDA:5,server
FNDA:2,(anonymous_4)
FNDA:3,(anonymous_5)
DA:5,2
DA:6,2
DA:7,2
DA:8,2
DA:10,18
DA:11,18
DA:14,18
DA:17,18
DA:18,18
DA:20,2
DA:32,5
DA:34,2
DA:35,2
DA:36,2
DA:37,2
DA:38,1
DA:40,2
DA:41,18
DA:42,18
DA:48,3
LF:20
LH:20
BRDA:34,0,0,2
BRDA:34,0,1,2
BRDA:35,1,0,2
BRDA:35,1,1,1
BRDA:36,2,0,2
BRDA:36,2,1,1
BRDA:37,3,0,1
BRDA:37,3,1,1
BRF:8
BRH:8
end_of_record
TN:
SF:dist/memory-manager.js
FN:4,generateId
FN:7,createInitialMemoryState
FN:14,createMemoryStateWithThreshold
FN:21,buildMemoryProvenance
FN:33,addPendingMemoryItem
FN:34,(anonymous_5)
FN:60,recordSuccessfulVerification
FN:63,addMemoryAuditEntry
FN:81,shouldConsolidate
FN:84,createMemoryItem
FN:97,consolidateReadyItems
FN:139,expireOldMemories
FN:177,appendAuditLogEntry
FN:182,writeMemoryFile
FN:185,(anonymous_14)
FN:186,(anonymous_15)
FN:207,getMemoryFilePath
FN:210,getAuditLogPath
FN:213,readAuditLog
FN:222,(anonymous_19)
FN:224,getActivePatterns
FN:226,(anonymous_21)
FN:227,(anonymous_22)
FNF:23
FNH:20
FNDA:12,generateId
FNDA:13,createInitialMemoryState
FNDA:7,createMemoryStateWithThreshold
FNDA:1,buildMemoryProvenance
FNDA:18,addPendingMemoryItem
FNDA:8,(anonymous_5)
FNDA:6,recordSuccessfulVerification
FNDA:3,addMemoryAuditEntry
FNDA:6,shouldConsolidate
FNDA:5,createMemoryItem
FNDA:5,consolidateReadyItems
FNDA:3,expireOldMemories
FNDA:3,appendAuditLogEntry
FNDA:0,writeMemoryFile
FNDA:0,(anonymous_14)
FNDA:0,(anonymous_15)
FNDA:3,getMemoryFilePath
FNDA:3,getAuditLogPath
FNDA:2,readAuditLog
FNDA:1,(anonymous_19)
FNDA:2,getActivePatterns
FNDA:2,(anonymous_21)
FNDA:1,(anonymous_22)
DA:5,12
DA:8,13
DA:15,7
DA:22,1
DA:34,18
DA:35,18
DA:36,6
DA:37,6
DA:43,6
DA:45,12
DA:46,12
DA:55,12
DA:61,6
DA:64,3
DA:65,3
DA:66,3
DA:74,3
DA:75,3
DA:76,1
DA:79,3
DA:82,6
DA:85,5
DA:86,5
DA:98,5
DA:99,5
DA:100,5
DA:101,5
DA:102,6
DA:103,5
DA:106,1
DA:109,5
DA:110,1
DA:112,4
DA:113,4
DA:114,4
DA:115,5
DA:124,5
DA:125,5
DA:126,1
DA:129,4
DA:140,3
DA:141,3
DA:142,3
DA:143,3
DA:144,3
DA:145,3
DA:146,3
DA:147,3
DA:148,2
DA:153,2
DA:154,2
DA:163,2
DA:164,2
DA:165,1
DA:169,1
DA:172,3
DA:178,3
DA:179,3
DA:180,3
DA:183,0
DA:184,0
DA:185,0
DA:187,0
DA:188,0
DA:204,0
DA:205,0
DA:208,3
DA:211,3
DA:214,2
DA:215,1
DA:217,1
DA:218,1
DA:222,1
DA:225,2
DA:226,2
DA:227,1
LF:76
LH:69
BRDA:27,0,0,1
BRDA:27,0,1,0
BRDA:29,1,0,1
BRDA:29,1,1,0
BRDA:30,2,0,1
BRDA:30,2,1,0
BRDA:35,3,0,6
BRDA:35,3,1,12
BRDA:75,4,0,1
BRDA:75,4,1,2
BRDA:102,5,0,5
BRDA:102,5,1,1
BRDA:109,6,0,1
BRDA:109,6,1,4
BRDA:125,7,0,1
BRDA:125,7,1,4
BRDA:147,8,0,2
BRDA:147,8,1,1
BRDA:147,9,0,3
BRDA:147,9,1,2
BRDA:164,10,0,1
BRDA:164,10,1,1
BRDA:190,11,0,0
BRDA:190,11,1,0
BRDA:214,12,0,1
BRDA:214,12,1,1
BRF:26
BRH:21
end_of_record
TN:
SF:dist/run-manager.js
FN:7,initializeRun
FN:22,appendIteration
FN:107,makeStatePayload
FN:185,setStopRequested
FN:198,resumeBackgroundRun
FN:215,completeRun
FN:229,countResultsRows
FN:267,(anonymous_7)
FN:273,buildSupervisorSnapshot
FNF:9
FNH:9
FNDA:20,initializeRun
FNDA:30,appendIteration
FNDA:26,makeStatePayload
FNDA:3,setStopRequested
FNDA:3,resumeBackgroundRun
FNDA:3,completeRun
FNDA:21,countResultsRows
FNDA:39,(anonymous_7)
FNDA:21,buildSupervisorSnapshot
DA:6,2
DA:8,20
DA:9,20
DA:10,20
DA:11,1
DA:13,19
DA:14,19
DA:15,19
DA:16,18
DA:18,19
DA:19,19
DA:20,19
DA:23,30
DA:24,30
DA:25,30
DA:26,30
DA:27,30
DA:28,30
DA:29,30
DA:30,30
DA:31,30
DA:32,30
DA:33,30
DA:34,30
DA:35,30
DA:36,1
DA:38,29
DA:51,29
DA:52,29
DA:63,29
DA:64,29
DA:65,29
DA:78,29
DA:79,17
DA:80,17
DA:82,12
DA:83,11
DA:84,11
DA:86,1
DA:87,1
DA:88,1
DA:89,1
DA:91,29
DA:104,29
DA:105,29
DA:108,26
DA:109,26
DA:110,26
DA:113,26
DA:118,26
DA:119,26
DA:126,26
DA:186,3
DA:187,3
DA:188,3
DA:189,1
DA:191,2
DA:192,2
DA:193,2
DA:194,2
DA:195,2
DA:196,2
DA:199,3
DA:200,3
DA:201,3
DA:202,1
DA:204,2
DA:205,1
DA:207,1
DA:208,1
DA:209,1
DA:210,1
DA:211,1
DA:212,1
DA:213,1
DA:216,3
DA:217,3
DA:218,3
DA:219,1
DA:220,2
DA:221,2
DA:222,2
DA:223,2
DA:224,2
DA:225,2
DA:226,2
DA:227,2
DA:230,21
DA:231,21
DA:232,15
DA:233,1
DA:237,7
DA:238,1
DA:239,6
DA:240,6
DA:241,6
DA:242,0
DA:245,14
DA:246,14
DA:247,14
DA:250,0
DA:251,0
DA:252,0
DA:253,0
DA:254,0
DA:256,0
DA:258,14
DA:259,14
DA:260,14
DA:261,0
DA:263,14
DA:264,1
DA:266,13
DA:267,39
DA:270,14
DA:274,21
DA:275,21
DA:276,21
DA:277,21
DA:278,19
DA:279,19
DA:280,19
DA:281,2
DA:282,2
DA:284,17
DA:285,1
DA:286,1
DA:288,16
DA:289,1
DA:290,1
DA:292,15
DA:293,1
DA:294,1
DA:296,14
DA:297,1
DA:298,1
DA:300,13
DA:301,1
DA:302,1
DA:304,19
LF:140
LH:132
BRDA:10,0,0,1
BRDA:10,0,1,19
BRDA:10,1,0,20
BRDA:10,1,1,2
BRDA:15,2,0,18
BRDA:15,2,1,1
BRDA:27,3,0,30
BRDA:27,3,1,29
BRDA:29,4,0,30
BRDA:29,4,1,0
BRDA:30,5,0,30
BRDA:30,5,1,0
BRDA:31,6,0,30
BRDA:31,6,1,0
BRDA:32,7,0,30
BRDA:32,7,1,0
BRDA:35,8,0,1
BRDA:35,8,1,29
BRDA:35,9,0,30
BRDA:35,9,1,18
BRDA:42,10,0,29
BRDA:42,10,1,0
BRDA:43,11,0,29
BRDA:43,11,1,28
BRDA:46,12,0,29
BRDA:46,12,1,0
BRDA:49,13,0,29
BRDA:49,13,1,0
BRDA:57,14,0,29
BRDA:57,14,1,0
BRDA:75,15,0,29
BRDA:75,15,1,17
BRDA:78,16,0,17
BRDA:78,16,1,12
BRDA:82,17,0,11
BRDA:82,17,1,1
BRDA:86,18,0,1
BRDA:86,18,1,0
BRDA:110,19,0,1
BRDA:110,19,1,25
BRDA:115,20,0,26
BRDA:115,20,1,26
BRDA:119,21,0,0
BRDA:119,21,1,26
BRDA:119,22,0,26
BRDA:119,22,1,26
BRDA:121,23,0,0
BRDA:121,23,1,0
BRDA:122,24,0,0
BRDA:122,24,1,0
BRDA:128,25,0,26
BRDA:128,25,1,25
BRDA:135,26,0,26
BRDA:135,26,1,26
BRDA:137,27,0,26
BRDA:137,27,1,26
BRDA:138,28,0,26
BRDA:138,28,1,26
BRDA:143,29,0,0
BRDA:143,29,1,26
BRDA:145,30,0,0
BRDA:145,30,1,0
BRDA:155,31,0,26
BRDA:155,31,1,25
BRDA:158,32,0,26
BRDA:158,32,1,26
BRDA:159,33,0,26
BRDA:159,33,1,26
BRDA:188,34,0,1
BRDA:188,34,1,2
BRDA:201,35,0,1
BRDA:201,35,1,2
BRDA:204,36,0,1
BRDA:204,36,1,1
BRDA:218,37,0,1
BRDA:218,37,1,2
BRDA:232,38,0,1
BRDA:232,38,1,14
BRDA:237,39,0,1
BRDA:237,39,1,6
BRDA:240,40,0,6
BRDA:240,40,1,0
BRDA:246,41,0,14
BRDA:246,41,1,0
BRDA:251,42,0,0
BRDA:251,42,1,0
BRDA:253,43,0,0
BRDA:253,43,1,0
BRDA:260,44,0,0
BRDA:260,44,1,14
BRDA:263,45,0,1
BRDA:263,45,1,13
BRDA:267,46,0,39
BRDA:267,46,1,26
BRDA:280,47,0,2
BRDA:280,47,1,17
BRDA:284,48,0,1
BRDA:284,48,1,16
BRDA:288,49,0,1
BRDA:288,49,1,15
BRDA:288,50,0,16
BRDA:288,50,1,1
BRDA:292,51,0,1
BRDA:292,51,1,14
BRDA:292,52,0,15
BRDA:292,52,1,1
BRDA:296,53,0,1
BRDA:296,53,1,13
BRDA:296,54,0,14
BRDA:296,54,1,2
BRDA:300,55,0,1
BRDA:300,55,1,12
BRDA:300,56,0,13
BRDA:300,56,1,12
BRF:114
BRH:90
end_of_record
TN:
SF:dist/score-parser.js
FN:8,parseScoreOutput
FNF:1
FNH:1
FNDA:42,parseScoreOutput
DA:9,42
DA:10,4
DA:12,38
DA:13,38
DA:14,2
DA:17,36
DA:18,36
DA:21,5
DA:22,5
DA:25,31
DA:26,5
DA:28,26
DA:30,26
DA:31,4
DA:34,22
DA:35,8
DA:38,14
DA:39,5
DA:40,3
DA:43,2
DA:44,2
DA:45,3
DA:46,1
DA:51,10
DA:52,4
DA:53,3
DA:57,7
DA:58,4
DA:59,3
DA:63,4
LF:30
LH:30
BRDA:9,0,0,4
BRDA:9,0,1,38
BRDA:13,1,0,2
BRDA:13,1,1,36
BRDA:21,2,0,5
BRDA:21,2,1,0
BRDA:25,3,0,5
BRDA:25,3,1,26
BRDA:25,4,0,31
BRDA:25,4,1,30
BRDA:25,4,2,27
BRDA:30,5,0,4
BRDA:30,5,1,22
BRDA:30,6,0,26
BRDA:30,6,1,25
BRDA:30,6,2,22
BRDA:34,7,0,8
BRDA:34,7,1,14
BRDA:34,8,0,22
BRDA:34,8,1,21
BRDA:34,8,2,18
BRDA:34,8,3,16
BRDA:38,9,0,5
BRDA:38,9,1,9
BRDA:38,10,0,14
BRDA:38,10,1,5
BRDA:39,11,0,3
BRDA:39,11,1,2
BRDA:39,12,0,5
BRDA:39,12,1,4
BRDA:39,12,2,3
BRDA:45,13,0,1
BRDA:45,13,1,2
BRDA:45,14,0,3
BRDA:45,14,1,2
BRDA:51,15,0,4
BRDA:51,15,1,6
BRDA:51,16,0,10
BRDA:51,16,1,4
BRDA:52,17,0,3
BRDA:52,17,1,1
BRDA:52,18,0,4
BRDA:52,18,1,3
BRDA:52,18,2,2
BRDA:57,19,0,4
BRDA:57,19,1,3
BRDA:57,20,0,7
BRDA:57,20,1,4
BRDA:58,21,0,3
BRDA:58,21,1,1
BRDA:58,22,0,4
BRDA:58,22,1,3
BRDA:58,22,2,2
BRF:53
BRH:52
end_of_record
TN:
SF:dist/subagent-pool.js
FN:28,chooseSpecialRole
FN:30,(anonymous_1)
FN:30,(anonymous_2)
FN:35,chooseResourceTier
FN:47,buildRoleHandoffPrompt
FN:50,buildSubagentPoolPlan
FN:90,(anonymous_6)
FN:100,buildContinuationPolicy
FN:112,selectFallbackBranch
FN:115,buildDraftPoolPlan
FN:135,selectNextBranch
FN:136,(anonymous_11)
FN:137,(anonymous_12)
FN:143,(anonymous_13)
FN:149,(anonymous_14)
FN:153,(anonymous_15)
FN:157,(anonymous_16)
FN:165,(anonymous_17)
FN:166,(anonymous_18)
FNF:19
FNH:16
FNDA:323,chooseSpecialRole
FNDA:3145,(anonymous_1)
FNDA:13957,(anonymous_2)
FNDA:323,chooseResourceTier
FNDA:1873,buildRoleHandoffPrompt
FNDA:323,buildSubagentPoolPlan
FNDA:1873,(anonymous_6)
FNDA:180,buildContinuationPolicy
FNDA:3,selectFallbackBranch
FNDA:10,buildDraftPoolPlan
FNDA:8,selectNextBranch
FNDA:17,(anonymous_11)
FNDA:14,(anonymous_12)
FNDA:0,(anonymous_13)
FNDA:12,(anonymous_14)
FNDA:12,(anonymous_15)
FNDA:8,(anonymous_16)
FNDA:0,(anonymous_17)
FNDA:0,(anonymous_18)
DA:1,6
DA:2,6
DA:3,6
DA:4,6
DA:9,6
DA:16,6
DA:29,323
DA:30,3145
DA:31,13957
DA:32,13957
DA:36,323
DA:37,8
DA:38,315
DA:39,254
DA:40,61
DA:41,61
DA:42,8
DA:43,53
DA:44,52
DA:45,1
DA:48,1873
DA:51,323
DA:52,323
DA:53,323
DA:54,323
DA:55,323
DA:56,323
DA:57,258
DA:58,323
DA:59,323
DA:90,1873
DA:101,180
DA:113,3
DA:116,10
DA:117,10
DA:118,10
DA:119,25
DA:126,10
DA:136,17
DA:137,14
DA:138,8
DA:139,2
DA:141,6
DA:144,0
DA:146,6
DA:148,6
DA:149,12
DA:153,12
DA:154,6
DA:155,3
DA:157,8
DA:158,3
DA:161,0
DA:162,0
DA:165,0
DA:166,0
DA:167,0
DA:170,0
LF:58
LH:51
BRDA:29,0,0,323
BRDA:29,0,1,142
BRDA:36,1,0,8
BRDA:36,1,1,315
BRDA:38,2,0,254
BRDA:38,2,1,61
BRDA:40,3,0,61
BRDA:40,3,1,9
BRDA:41,4,0,8
BRDA:41,4,1,53
BRDA:41,5,0,61
BRDA:41,5,1,60
BRDA:43,6,0,52
BRDA:43,6,1,1
BRDA:48,7,0,1873
BRDA:48,7,1,843
BRDA:54,8,0,323
BRDA:54,8,1,0
BRDA:56,9,0,258
BRDA:56,9,1,65
BRDA:88,10,0,323
BRDA:88,10,1,142
BRDA:97,11,0,323
BRDA:97,11,1,65
BRDA:113,12,0,3
BRDA:113,12,1,1
BRDA:113,12,2,0
BRDA:122,13,0,25
BRDA:122,13,1,23
BRDA:138,14,0,2
BRDA:138,14,1,6
BRDA:141,15,0,6
BRDA:141,15,1,0
BRDA:141,16,0,6
BRDA:141,16,1,1
BRDA:146,17,0,6
BRDA:146,17,1,0
BRDA:146,17,2,0
BRDA:146,17,3,0
BRDA:151,18,0,12
BRDA:151,18,1,1
BRDA:154,19,0,3
BRDA:154,19,1,3
BRDA:157,20,0,4
BRDA:157,20,1,4
BRDA:167,21,0,0
BRDA:167,21,1,0
BRF:47
BRH:39
end_of_record
TN:
SF:dist/task-schema.js
FN:1,createTaskContext
FN:26,validateTaskContext
FN:83,isRecord
FN:86,isOptionalString
FN:89,isOptionalNumber
FN:92,isOptionalStringArray
FN:93,(anonymous_6)
FNF:7
FNH:6
FNDA:0,createTaskContext
FNDA:3,validateTaskContext
FNDA:11,isRecord
FNDA:23,isOptionalString
FNDA:3,isOptionalNumber
FNDA:2,isOptionalStringArray
FNDA:2,(anonymous_6)
DA:2,0
DA:27,3
DA:28,0
DA:29,3
DA:30,3
DA:31,0
DA:32,3
DA:33,0
DA:34,3
DA:35,0
DA:36,3
DA:37,0
DA:38,3
DA:39,0
DA:40,3
DA:41,0
DA:42,3
DA:43,0
DA:44,3
DA:45,3
DA:46,0
DA:47,3
DA:48,0
DA:49,3
DA:50,0
DA:51,3
DA:52,0
DA:53,3
DA:54,0
DA:55,3
DA:56,0
DA:57,3
DA:58,1
DA:59,2
DA:60,2
DA:61,1
DA:62,1
DA:63,0
DA:64,1
DA:65,0
DA:66,1
DA:67,0
DA:68,1
DA:69,1
DA:70,0
DA:71,1
DA:72,1
DA:73,0
DA:74,1
DA:75,0
DA:76,1
DA:77,0
DA:79,1
DA:80,0
DA:81,1
DA:84,11
DA:87,23
DA:90,3
DA:93,2
LF:59
LH:36
BRDA:20,0,0,0
BRDA:20,0,1,0
BRDA:27,1,0,0
BRDA:27,1,1,3
BRDA:30,2,0,0
BRDA:30,2,1,3
BRDA:32,3,0,0
BRDA:32,3,1,3
BRDA:34,4,0,0
BRDA:34,4,1,3
BRDA:36,5,0,0
BRDA:36,5,1,3
BRDA:38,6,0,0
BRDA:38,6,1,3
BRDA:40,7,0,0
BRDA:40,7,1,3
BRDA:42,8,0,0
BRDA:42,8,1,3
BRDA:45,9,0,0
BRDA:45,9,1,3
BRDA:47,10,0,0
BRDA:47,10,1,3
BRDA:49,11,0,0
BRDA:49,11,1,3
BRDA:51,12,0,0
BRDA:51,12,1,3
BRDA:53,13,0,0
BRDA:53,13,1,3
BRDA:55,14,0,0
BRDA:55,14,1,3
BRDA:57,15,0,1
BRDA:57,15,1,2
BRDA:60,16,0,1
BRDA:60,16,1,1
BRDA:62,17,0,0
BRDA:62,17,1,1
BRDA:64,18,0,0
BRDA:64,18,1,1
BRDA:66,19,0,0
BRDA:66,19,1,1
BRDA:68,20,0,1
BRDA:68,20,1,0
BRDA:69,21,0,0
BRDA:69,21,1,1
BRDA:72,22,0,0
BRDA:72,22,1,1
BRDA:74,23,0,0
BRDA:74,23,1,1
BRDA:76,24,0,0
BRDA:76,24,1,1
BRDA:79,25,0,0
BRDA:79,25,1,1
BRDA:79,26,0,1
BRDA:79,26,1,1
BRDA:84,27,0,11
BRDA:84,27,1,10
BRDA:84,27,2,10
BRDA:87,28,0,23
BRDA:87,28,1,3
BRDA:90,29,0,3
BRDA:90,29,1,3
BRDA:93,30,0,2
BRDA:93,30,1,2
BRDA:93,30,2,2
BRF:64
BRH:39
end_of_record
TN:
SF:dist/types.js
FNF:0
FNH:0
LF:0
LH:0
BRF:0
BRH:0
end_of_record
TN:
SF:dist/wizard.js
FN:4,buildSetupSummary
FNF:1
FNH:1
FNDA:151,buildSetupSummary
DA:5,151
DA:6,151
DA:7,151
DA:8,151
DA:9,151
DA:10,151
DA:11,151
DA:16,151
DA:17,151
DA:18,151
DA:19,6
DA:20,151
DA:21,46
DA:22,151
DA:23,151
DA:24,146
DA:26,151
DA:27,3
DA:28,151
DA:29,3
DA:30,151
DA:31,151
DA:32,6
DA:33,151
DA:34,46
DA:35,151
DA:36,147
DA:37,151
LF:28
LH:28
BRDA:6,0,0,151
BRDA:6,0,1,46
BRDA:10,1,0,151
BRDA:10,1,1,149
BRDA:10,1,2,0
BRDA:12,2,0,151
BRDA:12,2,1,6
BRDA:14,3,0,151
BRDA:14,3,1,147
BRDA:18,4,0,6
BRDA:18,4,1,145
BRDA:20,5,0,46
BRDA:20,5,1,105
BRDA:23,6,0,146
BRDA:23,6,1,5
BRDA:26,7,0,3
BRDA:26,7,1,148
BRDA:28,8,0,3
BRDA:28,8,1,148
BRDA:31,9,0,6
BRDA:31,9,1,145
BRDA:33,10,0,46
BRDA:33,10,1,105
BRDA:35,11,0,147
BRDA:35,11,1,4
BRDA:40,12,0,151
BRDA:40,12,1,150
BRDA:50,13,0,151
BRDA:50,13,1,150
BRDA:51,14,0,151
BRDA:51,14,1,150
BRDA:52,15,0,151
BRDA:52,15,1,151
BRDA:53,16,0,151
BRDA:53,16,1,150
BRF:35
BRH:34
end_of_record
TN:
SF:dist/translators/cli.js
FN:1,taskContextFromRunConfig
FN:37,runConfigFromTaskContext
FN:61,parseDuration
FN:76,formatDuration
FNF:4
FNH:4
FNDA:8,taskContextFromRunConfig
FNDA:3,runConfigFromTaskContext
FNDA:7,parseDuration
FNDA:2,formatDuration
DA:2,8
DA:7,8
DA:14,8
DA:18,8
DA:38,3
DA:62,7
DA:63,7
DA:64,0
DA:66,7
DA:67,7
DA:68,7
DA:69,7
DA:70,7
DA:71,7
DA:72,7
DA:74,7
DA:77,2
DA:78,0
DA:79,2
DA:80,2
DA:81,0
DA:82,0
DA:83,0
LF:23
LH:18
BRDA:3,0,0,8
BRDA:3,0,1,7
BRDA:4,1,0,8
BRDA:4,1,1,7
BRDA:7,2,0,0
BRDA:7,2,1,8
BRDA:10,3,0,0
BRDA:10,3,1,0
BRDA:29,4,0,7
BRDA:29,4,1,1
BRDA:34,5,0,3
BRDA:34,5,1,5
BRDA:42,6,0,3
BRDA:42,6,1,1
BRDA:43,7,0,3
BRDA:43,7,1,1
BRDA:44,8,0,3
BRDA:44,8,1,0
BRDA:47,9,0,2
BRDA:47,9,1,1
BRDA:53,10,0,3
BRDA:53,10,1,1
BRDA:63,11,0,0
BRDA:63,11,1,7
BRDA:64,12,0,0
BRDA:64,12,1,0
BRDA:74,13,0,7
BRDA:74,13,1,0
BRDA:77,14,0,0
BRDA:77,14,1,2
BRDA:79,15,0,2
BRDA:79,15,1,0
BRDA:81,16,0,0
BRDA:81,16,1,0
BRF:34
BRH:22
end_of_record
TN:
SF:dist/translators/hermes.js
FN:1,taskContextFromHermesPayload
FN:31,hermesPayloadFromTaskContext
FN:54,taskContextFromRunState
FN:80,runStateFromTaskContext
FNF:4
FNH:3
FNDA:5,taskContextFromHermesPayload
FNDA:4,hermesPayloadFromTaskContext
FNDA:2,taskContextFromRunState
FNDA:0,runStateFromTaskContext
DA:2,5
DA:7,5
DA:11,5
DA:32,4
DA:55,2
DA:81,0
LF:6
LH:5
BRDA:40,0,0,4
BRDA:40,0,1,1
BRDA:42,1,0,4
BRDA:42,1,1,0
BRDA:84,2,0,0
BRDA:84,2,1,0
BRDA:90,3,0,0
BRDA:90,3,1,0
BRDA:92,4,0,0
BRDA:92,4,1,0
BRDA:94,5,0,0
BRDA:94,5,1,0
BRDA:97,6,0,0
BRDA:97,6,1,0
BRDA:98,7,0,0
BRDA:98,7,1,0
BRF:16
BRH:3
end_of_record
